type=DAEMON_START msg=audit(1770083838.290:6103): op=start ver=3.0.7 format=raw kernel=6.12.54-linuxkit auid=4294967295 pid=16951 uid=0 ses=4294967295 res=success
type=SYSCALL msg=audit(1770083838.290:15552): arch=c00000b7 syscall=206 success=yes exit=60 a0=3 a1=fffff3e5a3e0 a2=3c a3=0 items=0 ppid=16950 pid=16951 auid=4294967295 uid=0 gid=0 euid=0 suid=0 fsuid=0 egid=0 sgid=0 fsgid=0 tty=(none) ses=4294967295 comm="auditd" exe="/usr/sbin/auditd" key=(null)
type=SOCKADDR msg=audit(1770083838.290:15552): saddr=100000000000000000000000
type=PROCTITLE msg=audit(1770083838.290:15552): proctitle="auditd"
type=CONFIG_CHANGE msg=audit(1770083838.290:15553): op=set audit_pid=16951 old=0 auid=4294967295 ses=4294967295 res=1
type=SYSCALL msg=audit(1770083838.290:15553): arch=c00000b7 syscall=206 success=yes exit=60 a0=3 a1=fffff3e58090 a2=3c a3=0 items=0 ppid=16950 pid=16951 auid=4294967295 uid=0 gid=0 euid=0 suid=0 fsuid=0 egid=0 sgid=0 fsgid=0 tty=(none) ses=4294967295 comm="auditd" exe="/usr/sbin/auditd" key=(null)
type=SOCKADDR msg=audit(1770083838.290:15553): saddr=100000000000000000000000
type=PROCTITLE msg=audit(1770083838.290:15553): proctitle="auditd"
type=SYSCALL msg=audit(1770083838.290:15554): arch=c00000b7 syscall=221 success=yes exit=0 a0=aaab206c0d78 a1=aaab206c0d08 a2=aaab206c0d40 a3=ffff9aff1b58 items=2 ppid=16954 pid=16955 auid=4294967295 uid=0 gid=0 euid=0 suid=0 fsuid=0 egid=0 sgid=0 fsgid=0 tty=(none) ses=4294967295 comm="pidof" exe="/usr/sbin/killall5" key="exec"
type=EXECVE msg=audit(1770083838.290:15554): argc=2 a0="pidof" a1="auditd"
type=CWD msg=audit(1770083838.290:15554): cwd="/"
type=PATH msg=audit(1770083838.290:15554): item=0 name="/usr/bin/pidof" inode=2020 dev=00:3f mode=0100755 ouid=0 ogid=0 rdev=00:00 nametype=NORMAL cap_fp=0 cap_fi=0 cap_fe=0 cap_fver=0 cap_frootid=0
type=PATH msg=audit(1770083838.290:15554): item=1 name="/lib/ld-linux-aarch64.so.1" inode=858 dev=00:3f mode=0100755 ouid=0 ogid=0 rdev=00:00 nametype=NORMAL cap_fp=0 cap_fi=0 cap_fe=0 cap_fver=0 cap_frootid=0
type=PROCTITLE msg=audit(1770083838.290:15554): proctitle=7069646F6600617564697464
type=SYSCALL msg=audit(1770083838.294:15555): arch=c00000b7 syscall=221 success=yes exit=0 a0=aaaae7acd6f0 a1=aaab206c0c30 a2=aaab206c0c48 a3=ffff9aff1b58 items=2 ppid=16911 pid=16956 auid=4294967295 uid=0 gid=0 euid=0 suid=0 fsuid=0 egid=0 sgid=0 fsgid=0 tty=(none) ses=4294967295 comm="auditctl" exe="/usr/sbin/auditctl" key="exec"
type=EXECVE msg=audit(1770083838.294:15555): argc=2 a0="/usr/sbin/auditctl" a1="-D"
type=CWD msg=audit(1770083838.294:15555): cwd="/"
type=PATH msg=audit(1770083838.294:15555): item=0 name="/usr/sbin/auditctl" inode=103129 dev=00:3f mode=0100755 ouid=0 ogid=0 rdev=00:00 nametype=NORMAL cap_fp=0 cap_fi=0 cap_fe=0 cap_fver=0 cap_frootid=0
type=PATH msg=audit(1770083838.294:15555): item=1 name="/lib/ld-linux-aarch64.so.1" inode=858 dev=00:3f mode=0100755 ouid=0 ogid=0 rdev=00:00 nametype=NORMAL cap_fp=0 cap_fi=0 cap_fe=0 cap_fver=0 cap_frootid=0
type=PROCTITLE msg=audit(1770083838.294:15555): proctitle=2F7573722F7362696E2F617564697463746C002D44
type=CONFIG_CHANGE msg=audit(1770083838.295:15556): auid=4294967295 ses=4294967295 op=remove_rule key="exec" list=4 res=1
type=SYSCALL msg=audit(1770083838.295:15556): arch=c00000b7 syscall=206 success=yes exit=1060 a0=3 a1=fffffc614910 a2=424 a3=0 items=0 ppid=16911 pid=16956 auid=4294967295 uid=0 gid=0 euid=0 suid=0 fsuid=0 egid=0 sgid=0 fsgid=0 tty=(none) ses=4294967295 comm="auditctl" exe="/usr/sbin/auditctl" key=(null)
type=SOCKADDR msg=audit(1770083838.295:15556): saddr=100000000000000000000000
type=PROCTITLE msg=audit(1770083838.295:15556): proctitle=2F7573722F7362696E2F617564697463746C002D44
type=CONFIG_CHANGE msg=audit(1770083838.295:15557): auid=4294967295 ses=4294967295 op=remove_rule key="fs_watch" list=4 res=1
type=SYSCALL msg=audit(1770083838.295:15557): arch=c00000b7 syscall=206 success=yes exit=1072 a0=3 a1=fffffc614910 a2=430 a3=0 items=0 ppid=16911 pid=16956 auid=4294967295 uid=0 gid=0 euid=0 suid=0 fsuid=0 egid=0 sgid=0 fsgid=0 tty=(none) ses=4294967295 comm="auditctl" exe="/usr/sbin/auditctl" key=(null)
type=SOCKADDR msg=audit(1770083838.295:15557): saddr=100000000000000000000000
type=PROCTITLE msg=audit(1770083838.295:15557): proctitle=2F7573722F7362696E2F617564697463746C002D44
type=CONFIG_CHANGE msg=audit(1770083838.295:15558): auid=4294967295 ses=4294967295 op=remove_rule key="fs_change" list=4 res=1
type=SYSCALL msg=audit(1770083838.295:15558): arch=c00000b7 syscall=206 success=yes exit=1072 a0=3 a1=fffffc614910 a2=430 a3=0 items=0 ppid=16911 pid=16956 auid=4294967295 uid=0 gid=0 euid=0 suid=0 fsuid=0 egid=0 sgid=0 fsgid=0 tty=(none) ses=4294967295 comm="auditctl" exe="/usr/sbin/auditctl" key=(null)
type=SOCKADDR msg=audit(1770083838.295:15558): saddr=100000000000000000000000
type=PROCTITLE msg=audit(1770083838.295:15558): proctitle=2F7573722F7362696E2F617564697463746C002D44
type=CONFIG_CHANGE msg=audit(1770083838.295:15559): auid=4294967295 ses=4294967295 op=remove_rule key="fs_meta" list=4 res=1
type=SYSCALL msg=audit(1770083838.295:15559): arch=c00000b7 syscall=206 success=yes exit=1068 a0=3 a1=fffffc614910 a2=42c a3=0 items=0 ppid=16911 pid=16956 auid=4294967295 uid=0 gid=0 euid=0 suid=0 fsuid=0 egid=0 sgid=0 fsgid=0 tty=(none) ses=4294967295 comm="auditctl" exe="/usr/sbin/auditctl" key=(null)
type=SOCKADDR msg=audit(1770083838.295:15559): saddr=100000000000000000000000
type=PROCTITLE msg=audit(1770083838.295:15559): proctitle=2F7573722F7362696E2F617564697463746C002D44
type=CONFIG_CHANGE msg=audit(1770083838.296:15560): op=set audit_backlog_limit=8192 old=8192 auid=4294967295 ses=4294967295 res=1
type=SYSCALL msg=audit(1770083838.296:15560): arch=c00000b7 syscall=206 success=yes exit=60 a0=3 a1=ffffdbc0bba0 a2=3c a3=0 items=0 ppid=16911 pid=16959 auid=4294967295 uid=0 gid=0 euid=0 suid=0 fsuid=0 egid=0 sgid=0 fsgid=0 tty=(none) ses=4294967295 comm="auditctl" exe="/usr/sbin/auditctl" key=(null)
type=SOCKADDR msg=audit(1770083838.296:15560): saddr=100000000000000000000000
type=PROCTITLE msg=audit(1770083838.296:15560): proctitle=2F7573722F7362696E2F617564697463746C002D52002F6574632F61756469742F72756C65732E642F6861726E6573732E72756C6573
type=CONFIG_CHANGE msg=audit(1770083838.296:15561): op=set audit_failure=1 old=1 auid=4294967295 ses=4294967295 res=1
type=SYSCALL msg=audit(1770083838.296:15561): arch=c00000b7 syscall=206 success=yes exit=60 a0=3 a1=ffffdbc0bba0 a2=3c a3=0 items=0 ppid=16911 pid=16959 auid=4294967295 uid=0 gid=0 euid=0 suid=0 fsuid=0 egid=0 sgid=0 fsgid=0 tty=(none) ses=4294967295 comm="auditctl" exe="/usr/sbin/auditctl" key=(null)
type=SOCKADDR msg=audit(1770083838.296:15561): saddr=100000000000000000000000
type=PROCTITLE msg=audit(1770083838.296:15561): proctitle=2F7573722F7362696E2F617564697463746C002D52002F6574632F61756469742F72756C65732E642F6861726E6573732E72756C6573
type=CONFIG_CHANGE msg=audit(1770083838.297:15562): op=set audit_enabled=1 old=1 auid=4294967295 ses=4294967295 res=1
type=SYSCALL msg=audit(1770083838.297:15562): arch=c00000b7 syscall=206 success=yes exit=60 a0=3 a1=ffffdbc0bba0 a2=3c a3=0 items=0 ppid=16911 pid=16959 auid=4294967295 uid=0 gid=0 euid=0 suid=0 fsuid=0 egid=0 sgid=0 fsgid=0 tty=(none) ses=4294967295 comm="auditctl" exe="/usr/sbin/auditctl" key=(null)
type=SOCKADDR msg=audit(1770083838.297:15562): saddr=100000000000000000000000
type=PROCTITLE msg=audit(1770083838.297:15562): proctitle=2F7573722F7362696E2F617564697463746C002D52002F6574632F61756469742F72756C65732E642F6861726E6573732E72756C6573
type=CONFIG_CHANGE msg=audit(1770083838.297:15563): auid=4294967295 ses=4294967295 op=add_rule key="exec" list=4 res=1
type=SYSCALL msg=audit(1770083838.297:15563): arch=c00000b7 syscall=206 success=yes exit=1060 a0=3 a1=ffffdbc0bc60 a2=424 a3=0 items=0 ppid=16911 pid=16959 auid=4294967295 uid=0 gid=0 euid=0 suid=0 fsuid=0 egid=0 sgid=0 fsgid=0 tty=(none) ses=4294967295 comm="auditctl" exe="/usr/sbin/auditctl" key=(null)
type=SOCKADDR msg=audit(1770083838.297:15563): saddr=100000000000000000000000
type=PROCTITLE msg=audit(1770083838.297:15563): proctitle=2F7573722F7362696E2F617564697463746C002D52002F6574632F61756469742F72756C65732E642F6861726E6573732E72756C6573
type=CONFIG_CHANGE msg=audit(1770083838.297:15564): auid=4294967295 ses=4294967295 op=add_rule key="fs_watch" list=4 res=1
type=SYSCALL msg=audit(1770083838.297:15564): arch=c00000b7 syscall=206 success=yes exit=1072 a0=3 a1=ffffdbc0bc60 a2=430 a3=0 items=1 ppid=16911 pid=16959 auid=4294967295 uid=0 gid=0 euid=0 suid=0 fsuid=0 egid=0 sgid=0 fsgid=0 tty=(none) ses=4294967295 comm="auditctl" exe="/usr/sbin/auditctl" key=(null)
type=SOCKADDR msg=audit(1770083838.297:15564): saddr=100000000000000000000000
type=CWD msg=audit(1770083838.297:15564): cwd="/"
type=PATH msg=audit(1770083838.297:15564): item=0 name="/work" inode=5 dev=00:2d mode=040755 ouid=0 ogid=0 rdev=00:00 nametype=NORMAL cap_fp=0 cap_fi=0 cap_fe=0 cap_fver=0 cap_frootid=0
type=PROCTITLE msg=audit(1770083838.297:15564): proctitle=2F7573722F7362696E2F617564697463746C002D52002F6574632F61756469742F72756C65732E642F6861726E6573732E72756C6573
type=CONFIG_CHANGE msg=audit(1770083838.297:15565): auid=4294967295 ses=4294967295 op=add_rule key="fs_change" list=4 res=1
type=SYSCALL msg=audit(1770083838.297:15565): arch=c00000b7 syscall=206 success=yes exit=1072 a0=3 a1=ffffdbc0bc60 a2=430 a3=0 items=0 ppid=16911 pid=16959 auid=4294967295 uid=0 gid=0 euid=0 suid=0 fsuid=0 egid=0 sgid=0 fsgid=0 tty=(none) ses=4294967295 comm="auditctl" exe="/usr/sbin/auditctl" key=(null)
type=SOCKADDR msg=audit(1770083838.297:15565): saddr=100000000000000000000000
type=PROCTITLE msg=audit(1770083838.297:15565): proctitle=2F7573722F7362696E2F617564697463746C002D52002F6574632F61756469742F72756C65732E642F6861726E6573732E72756C6573
type=CONFIG_CHANGE msg=audit(1770083838.297:15566): auid=4294967295 ses=4294967295 op=add_rule key="fs_meta" list=4 res=1
type=SYSCALL msg=audit(1770083838.297:15566): arch=c00000b7 syscall=206 success=yes exit=1068 a0=3 a1=ffffdbc0bc60 a2=42c a3=0 items=0 ppid=16911 pid=16959 auid=4294967295 uid=0 gid=0 euid=0 suid=0 fsuid=0 egid=0 sgid=0 fsgid=0 tty=(none) ses=4294967295 comm="auditctl" exe="/usr/sbin/auditctl" key=(null)
type=SOCKADDR msg=audit(1770083838.297:15566): saddr=100000000000000000000000
type=PROCTITLE msg=audit(1770083838.297:15566): proctitle=2F7573722F7362696E2F617564697463746C002D52002F6574632F61756469742F72756C65732E642F6861726E6573732E72756C6573
type=SYSCALL msg=audit(1770083838.297:15567): arch=c00000b7 syscall=221 success=yes exit=0 a0=aaab206c0d18 a1=aaab206c1060 a2=aaab206c10c0 a3=ffff9aff1b58 items=2 ppid=16911 pid=16967 auid=4294967295 uid=0 gid=0 euid=0 suid=0 fsuid=0 egid=0 sgid=0 fsgid=0 tty=(none) ses=4294967295 comm="env" exe="/usr/bin/env" key="exec"
type=EXECVE msg=audit(1770083838.297:15567): argc=11 a0="/usr/bin/env" a1="COLLECTOR_EBPF_FILTER_CONFIG=/etc/collector/ebpf_filtering.yaml" a2="COLLECTOR_AUDIT_LOG=/logs/audit_ab_cgroup.log" a3="COLLECTOR_EBPF_LOG=/logs/ebpf_ab_cgroup.jsonl" a4="COLLECTOR_EBPF_FILTER_OUTPUT=/logs/filtered_ebpf.jsonl" a5="/usr/local/bin/collector-ebpf-filter" a6="--config" a7="/etc/collector/ebpf_filtering.yaml" a8="--follow" a9="--poll-interval" a10="0.5"
type=CWD msg=audit(1770083838.297:15567): cwd="/"
type=PATH msg=audit(1770083838.297:15567): item=0 name="/usr/bin/env" inode=364 dev=00:3f mode=0100755 ouid=0 ogid=0 rdev=00:00 nametype=NORMAL cap_fp=0 cap_fi=0 cap_fe=0 cap_fver=0 cap_frootid=0
type=PATH msg=audit(1770083838.297:15567): item=1 name="/lib/ld-linux-aarch64.so.1" inode=858 dev=00:3f mode=0100755 ouid=0 ogid=0 rdev=00:00 nametype=NORMAL cap_fp=0 cap_fi=0 cap_fe=0 cap_fver=0 cap_frootid=0
type=PROCTITLE msg=audit(1770083838.297:15567): proctitle=2F7573722F62696E2F656E7600434F4C4C4543544F525F454250465F46494C5445525F434F4E4649473D2F6574632F636F6C6C6563746F722F656270665F66696C746572696E672E79616D6C00434F4C4C4543544F525F41554449545F4C4F473D2F6C6F67732F61756469745F61625F6367726F75702E6C6F6700434F4C4C45
type=SYSCALL msg=audit(1770083838.298:15568): arch=c00000b7 syscall=221 success=yes exit=0 a0=ffffe138feb5 a1=ffffe138ef70 a2=aaaae1c6e400 a3=3ffff84e3fad4 items=3 ppid=16911 pid=16967 auid=4294967295 uid=0 gid=0 euid=0 suid=0 fsuid=0 egid=0 sgid=0 fsgid=0 tty=(none) ses=4294967295 comm="collector-ebpf-" exe="/usr/bin/env" key="exec"
type=EXECVE msg=audit(1770083838.298:15568): argc=8 a0="/usr/bin/env" a1="python3" a2="/usr/local/bin/collector-ebpf-filter" a3="--config" a4="/etc/collector/ebpf_filtering.yaml" a5="--follow" a6="--poll-interval" a7="0.5"
type=CWD msg=audit(1770083838.298:15568): cwd="/"
type=PATH msg=audit(1770083838.298:15568): item=0 name="/usr/local/bin/collector-ebpf-filter" inode=209222 dev=00:3f mode=0100755 ouid=0 ogid=0 rdev=00:00 nametype=NORMAL cap_fp=0 cap_fi=0 cap_fe=0 cap_fver=0 cap_frootid=0
type=PATH msg=audit(1770083838.298:15568): item=1 name="/usr/bin/env" inode=364 dev=00:3f mode=0100755 ouid=0 ogid=0 rdev=00:00 nametype=NORMAL cap_fp=0 cap_fi=0 cap_fe=0 cap_fver=0 cap_frootid=0
type=PATH msg=audit(1770083838.298:15568): item=2 name="/lib/ld-linux-aarch64.so.1" inode=858 dev=00:3f mode=0100755 ouid=0 ogid=0 rdev=00:00 nametype=NORMAL cap_fp=0 cap_fi=0 cap_fe=0 cap_fver=0 cap_frootid=0
type=PROCTITLE msg=audit(1770083838.298:15568): proctitle=2F7573722F62696E2F656E7600434F4C4C4543544F525F454250465F46494C5445525F434F4E4649473D2F6574632F636F6C6C6563746F722F656270665F66696C746572696E672E79616D6C00434F4C4C4543544F525F41554449545F4C4F473D2F6C6F67732F61756469745F61625F6367726F75702E6C6F6700434F4C4C45
type=SYSCALL msg=audit(1770083838.298:15569): arch=c00000b7 syscall=221 success=no exit=-2 a0=ffffd5615380 a1=ffffd5615760 a2=ffffd56157a0 a3=ffffd5615380 items=1 ppid=16911 pid=16967 auid=4294967295 uid=0 gid=0 euid=0 suid=0 fsuid=0 egid=0 sgid=0 fsgid=0 tty=(none) ses=4294967295 comm="collector-ebpf-" exe="/usr/bin/env" key="exec"
type=CWD msg=audit(1770083838.298:15569): cwd="/"
type=PATH msg=audit(1770083838.298:15569): item=0 name="/usr/local/sbin/python3" nametype=UNKNOWN cap_fp=0 cap_fi=0 cap_fe=0 cap_fver=0 cap_frootid=0
type=PROCTITLE msg=audit(1770083838.298:15569): proctitle=2F7573722F62696E2F656E7600434F4C4C4543544F525F454250465F46494C5445525F434F4E4649473D2F6574632F636F6C6C6563746F722F656270665F66696C746572696E672E79616D6C00434F4C4C4543544F525F41554449545F4C4F473D2F6C6F67732F61756469745F61625F6367726F75702E6C6F6700434F4C4C45
type=SYSCALL msg=audit(1770083838.298:15570): arch=c00000b7 syscall=221 success=no exit=-2 a0=ffffd5615380 a1=ffffd5615760 a2=ffffd56157a0 a3=ffffd5615380 items=1 ppid=16911 pid=16967 auid=4294967295 uid=0 gid=0 euid=0 suid=0 fsuid=0 egid=0 sgid=0 fsgid=0 tty=(none) ses=4294967295 comm="collector-ebpf-" exe="/usr/bin/env" key="exec"
type=CWD msg=audit(1770083838.298:15570): cwd="/"
type=PATH msg=audit(1770083838.298:15570): item=0 name="/usr/local/bin/python3" nametype=UNKNOWN cap_fp=0 cap_fi=0 cap_fe=0 cap_fver=0 cap_frootid=0
type=PROCTITLE msg=audit(1770083838.298:15570): proctitle=2F7573722F62696E2F656E7600434F4C4C4543544F525F454250465F46494C5445525F434F4E4649473D2F6574632F636F6C6C6563746F722F656270665F66696C746572696E672E79616D6C00434F4C4C4543544F525F41554449545F4C4F473D2F6C6F67732F61756469745F61625F6367726F75702E6C6F6700434F4C4C45
type=SYSCALL msg=audit(1770083838.298:15571): arch=c00000b7 syscall=221 success=no exit=-2 a0=ffffd5615380 a1=ffffd5615760 a2=ffffd56157a0 a3=ffffd5615380 items=1 ppid=16911 pid=16967 auid=4294967295 uid=0 gid=0 euid=0 suid=0 fsuid=0 egid=0 sgid=0 fsgid=0 tty=(none) ses=4294967295 comm="collector-ebpf-" exe="/usr/bin/env" key="exec"
type=CWD msg=audit(1770083838.298:15571): cwd="/"
type=PATH msg=audit(1770083838.298:15571): item=0 name="/usr/sbin/python3" nametype=UNKNOWN cap_fp=0 cap_fi=0 cap_fe=0 cap_fver=0 cap_frootid=0
type=PROCTITLE msg=audit(1770083838.298:15571): proctitle=2F7573722F62696E2F656E7600434F4C4C4543544F525F454250465F46494C5445525F434F4E4649473D2F6574632F636F6C6C6563746F722F656270665F66696C746572696E672E79616D6C00434F4C4C4543544F525F41554449545F4C4F473D2F6C6F67732F61756469745F61625F6367726F75702E6C6F6700434F4C4C45
type=SYSCALL msg=audit(1770083838.298:15572): arch=c00000b7 syscall=221 success=yes exit=0 a0=ffffd5615380 a1=ffffd5615760 a2=ffffd56157a0 a3=ffffd5615380 items=2 ppid=16911 pid=16967 auid=4294967295 uid=0 gid=0 euid=0 suid=0 fsuid=0 egid=0 sgid=0 fsgid=0 tty=(none) ses=4294967295 comm="python3" exe="/usr/bin/python3.10" key="exec"
type=EXECVE msg=audit(1770083838.298:15572): argc=7 a0="python3" a1="/usr/local/bin/collector-ebpf-filter" a2="--config" a3="/etc/collector/ebpf_filtering.yaml" a4="--follow" a5="--poll-interval" a6="0.5"
type=CWD msg=audit(1770083838.298:15572): cwd="/"
type=PATH msg=audit(1770083838.298:15572): item=0 name="/usr/bin/python3" inode=101844 dev=00:3f mode=0100755 ouid=0 ogid=0 rdev=00:00 nametype=NORMAL cap_fp=0 cap_fi=0 cap_fe=0 cap_fver=0 cap_frootid=0
type=PATH msg=audit(1770083838.298:15572): item=1 name="/lib/ld-linux-aarch64.so.1" inode=858 dev=00:3f mode=0100755 ouid=0 ogid=0 rdev=00:00 nametype=NORMAL cap_fp=0 cap_fi=0 cap_fe=0 cap_fver=0 cap_frootid=0
type=PROCTITLE msg=audit(1770083838.298:15572): proctitle=2F7573722F62696E2F656E7600434F4C4C4543544F525F454250465F46494C5445525F434F4E4649473D2F6574632F636F6C6C6563746F722F656270665F66696C746572696E672E79616D6C00434F4C4C4543544F525F41554449545F4C4F473D2F6C6F67732F61756469745F61625F6367726F75702E6C6F6700434F4C4C45
type=SYSCALL msg=audit(1770083838.298:15573): arch=c00000b7 syscall=221 success=yes exit=0 a0=aaab206c1128 a1=aaab206c1240 a2=aaab206c1290 a3=ffff9aff1b58 items=2 ppid=16970 pid=16973 auid=4294967295 uid=0 gid=0 euid=0 suid=0 fsuid=0 egid=0 sgid=0 fsgid=0 tty=(none) ses=4294967295 comm="env" exe="/usr/bin/env" key="exec"
type=EXECVE msg=audit(1770083838.298:15573): argc=5 a0="/usr/bin/env" a1="COLLECTOR_MERGE_CONFIG=/etc/collector/merge_filtering.yaml" a2="/usr/local/bin/collector-merge-filtered" a3="--config" a4="/etc/collector/merge_filtering.yaml"
type=CWD msg=audit(1770083838.298:15573): cwd="/"
type=PATH msg=audit(1770083838.298:15573): item=0 name="/usr/bin/env" inode=364 dev=00:3f mode=0100755 ouid=0 ogid=0 rdev=00:00 nametype=NORMAL cap_fp=0 cap_fi=0 cap_fe=0 cap_fver=0 cap_frootid=0
type=PATH msg=audit(1770083838.298:15573): item=1 name="/lib/ld-linux-aarch64.so.1" inode=858 dev=00:3f mode=0100755 ouid=0 ogid=0 rdev=00:00 nametype=NORMAL cap_fp=0 cap_fi=0 cap_fe=0 cap_fver=0 cap_frootid=0
type=PROCTITLE msg=audit(1770083838.298:15573): proctitle=2F7573722F62696E2F656E7600434F4C4C4543544F525F4D455247455F434F4E4649473D2F6574632F636F6C6C6563746F722F6D657267655F66696C746572696E672E79616D6C002F7573722F6C6F63616C2F62696E2F636F6C6C6563746F722D6D657267652D66696C7465726564002D2D636F6E666967002F6574632F636F
type=SYSCALL msg=audit(1770083838.298:15574): arch=c00000b7 syscall=221 success=yes exit=0 a0=aaaae7acd678 a1=aaab206c0cc8 a2=aaab206c0cf0 a3=ffff9aff1b58 items=2 ppid=16911 pid=16968 auid=4294967295 uid=0 gid=0 euid=0 suid=0 fsuid=0 egid=0 sgid=0 fsgid=0 tty=(none) ses=4294967295 comm="env" exe="/usr/bin/env" key="exec"
type=EXECVE msg=audit(1770083838.298:15574): argc=4 a0="/usr/bin/env" a1="COLLECTOR_EBPF_OUTPUT=/logs/ebpf_ab_cgroup.jsonl" a2="COLLECTOR_EBPF_BPF=/usr/local/share/collector/collector-ebpf.o" a3="/usr/local/bin/collector-ebpf-loader"
type=CWD msg=audit(1770083838.298:15574): cwd="/"
type=PATH msg=audit(1770083838.298:15574): item=0 name="/usr/bin/env" inode=364 dev=00:3f mode=0100755 ouid=0 ogid=0 rdev=00:00 nametype=NORMAL cap_fp=0 cap_fi=0 cap_fe=0 cap_fver=0 cap_frootid=0
type=PATH msg=audit(1770083838.298:15574): item=1 name="/lib/ld-linux-aarch64.so.1" inode=858 dev=00:3f mode=0100755 ouid=0 ogid=0 rdev=00:00 nametype=NORMAL cap_fp=0 cap_fi=0 cap_fe=0 cap_fver=0 cap_frootid=0
type=PROCTITLE msg=audit(1770083838.298:15574): proctitle=2F7573722F62696E2F656E7600434F4C4C4543544F525F454250465F4F55545055543D2F6C6F67732F656270665F61625F6367726F75702E6A736F6E6C00434F4C4C4543544F525F454250465F4250463D2F7573722F6C6F63616C2F73686172652F636F6C6C6563746F722F636F6C6C6563746F722D656270662E6F002F7573
type=SYSCALL msg=audit(1770083838.298:15575): arch=c00000b7 syscall=221 success=yes exit=0 a0=aaab206c1180 a1=aaab206c1298 a2=aaab206c12e8 a3=ffff9aff1b58 items=2 ppid=16969 pid=16972 auid=4294967295 uid=0 gid=0 euid=0 suid=0 fsuid=0 egid=0 sgid=0 fsgid=0 tty=(none) ses=4294967295 comm="env" exe="/usr/bin/env" key="exec"
type=EXECVE msg=audit(1770083838.298:15575): argc=5 a0="/usr/bin/env" a1="COLLECTOR_EBPF_SUMMARY_CONFIG=/etc/collector/ebpf_summary.yaml" a2="/usr/local/bin/collector-ebpf-summary" a3="--config" a4="/etc/collector/ebpf_summary.yaml"
type=CWD msg=audit(1770083838.298:15575): cwd="/"
type=PATH msg=audit(1770083838.298:15575): item=0 name="/usr/bin/env" inode=364 dev=00:3f mode=0100755 ouid=0 ogid=0 rdev=00:00 nametype=NORMAL cap_fp=0 cap_fi=0 cap_fe=0 cap_fver=0 cap_frootid=0
type=PATH msg=audit(1770083838.298:15575): item=1 name="/lib/ld-linux-aarch64.so.1" inode=858 dev=00:3f mode=0100755 ouid=0 ogid=0 rdev=00:00 nametype=NORMAL cap_fp=0 cap_fi=0 cap_fe=0 cap_fver=0 cap_frootid=0
type=PROCTITLE msg=audit(1770083838.298:15575): proctitle=2F7573722F62696E2F656E7600434F4C4C4543544F525F454250465F53554D4D4152595F434F4E4649473D2F6574632F636F6C6C6563746F722F656270665F73756D6D6172792E79616D6C002F7573722F6C6F63616C2F62696E2F636F6C6C6563746F722D656270662D73756D6D617279002D2D636F6E666967002F6574632F
type=SYSCALL msg=audit(1770083838.298:15576): arch=c00000b7 syscall=221 success=yes exit=0 a0=fffffc29aefe a1=fffffc29a5f0 a2=aaab0d2e0400 a3=3fffff0a6bbf8 items=2 ppid=16911 pid=16968 auid=4294967295 uid=0 gid=0 euid=0 suid=0 fsuid=0 egid=0 sgid=0 fsgid=0 tty=(none) ses=4294967295 comm="collector-ebpf-" exe="/usr/local/bin/collector-ebpf-loader" key="exec"
type=EXECVE msg=audit(1770083838.298:15576): argc=1 a0="/usr/local/bin/collector-ebpf-loader"
type=CWD msg=audit(1770083838.298:15576): cwd="/"
type=PATH msg=audit(1770083838.298:15576): item=0 name="/usr/local/bin/collector-ebpf-loader" inode=103577 dev=00:3f mode=0100755 ouid=0 ogid=0 rdev=00:00 nametype=NORMAL cap_fp=0 cap_fi=0 cap_fe=0 cap_fver=0 cap_frootid=0
type=PATH msg=audit(1770083838.298:15576): item=1 name="/lib/ld-linux-aarch64.so.1" inode=858 dev=00:3f mode=0100755 ouid=0 ogid=0 rdev=00:00 nametype=NORMAL cap_fp=0 cap_fi=0 cap_fe=0 cap_fver=0 cap_frootid=0
type=PROCTITLE msg=audit(1770083838.298:15576): proctitle=2F7573722F62696E2F656E7600434F4C4C4543544F525F454250465F4F55545055543D2F6C6F67732F656270665F61625F6367726F75702E6A736F6E6C00434F4C4C4543544F525F454250465F4250463D2F7573722F6C6F63616C2F73686172652F636F6C6C6563746F722F636F6C6C6563746F722D656270662E6F002F7573
type=SYSCALL msg=audit(1770083838.299:15577): arch=c00000b7 syscall=221 success=yes exit=0 a0=ffffc87e1ed3 a1=ffffc87e1638 a2=aaaad104c400 a3=3ffff21f87b4c items=3 ppid=16969 pid=16972 auid=4294967295 uid=0 gid=0 euid=0 suid=0 fsuid=0 egid=0 sgid=0 fsgid=0 tty=(none) ses=4294967295 comm="collector-ebpf-" exe="/usr/bin/env" key="exec"
type=EXECVE msg=audit(1770083838.299:15577): argc=5 a0="/usr/bin/env" a1="python3" a2="/usr/local/bin/collector-ebpf-summary" a3="--config" a4="/etc/collector/ebpf_summary.yaml"
type=CWD msg=audit(1770083838.299:15577): cwd="/"
type=PATH msg=audit(1770083838.299:15577): item=0 name="/usr/local/bin/collector-ebpf-summary" inode=209223 dev=00:3f mode=0100755 ouid=0 ogid=0 rdev=00:00 nametype=NORMAL cap_fp=0 cap_fi=0 cap_fe=0 cap_fver=0 cap_frootid=0
type=PATH msg=audit(1770083838.299:15577): item=1 name="/usr/bin/env" inode=364 dev=00:3f mode=0100755 ouid=0 ogid=0 rdev=00:00 nametype=NORMAL cap_fp=0 cap_fi=0 cap_fe=0 cap_fver=0 cap_frootid=0
type=PATH msg=audit(1770083838.299:15577): item=2 name="/lib/ld-linux-aarch64.so.1" inode=858 dev=00:3f mode=0100755 ouid=0 ogid=0 rdev=00:00 nametype=NORMAL cap_fp=0 cap_fi=0 cap_fe=0 cap_fver=0 cap_frootid=0
type=PROCTITLE msg=audit(1770083838.299:15577): proctitle=2F7573722F62696E2F656E7600434F4C4C4543544F525F454250465F53554D4D4152595F434F4E4649473D2F6574632F636F6C6C6563746F722F656270665F73756D6D6172792E79616D6C002F7573722F6C6F63616C2F62696E2F636F6C6C6563746F722D656270662D73756D6D617279002D2D636F6E666967002F6574632F
type=SYSCALL msg=audit(1770083838.298:15578): arch=c00000b7 syscall=221 success=yes exit=0 a0=ffffee55bece a1=ffffee55bc08 a2=aaaacc8f4400 a3=3ffffb956fb38 items=3 ppid=16970 pid=16973 auid=4294967295 uid=0 gid=0 euid=0 suid=0 fsuid=0 egid=0 sgid=0 fsgid=0 tty=(none) ses=4294967295 comm="collector-merge" exe="/usr/bin/env" key="exec"
type=EXECVE msg=audit(1770083838.298:15578): argc=5 a0="/usr/bin/env" a1="python3" a2="/usr/local/bin/collector-merge-filtered" a3="--config" a4="/etc/collector/merge_filtering.yaml"
type=CWD msg=audit(1770083838.298:15578): cwd="/"
type=PATH msg=audit(1770083838.298:15578): item=0 name="/usr/local/bin/collector-merge-filtered" inode=209225 dev=00:3f mode=0100755 ouid=0 ogid=0 rdev=00:00 nametype=NORMAL cap_fp=0 cap_fi=0 cap_fe=0 cap_fver=0 cap_frootid=0
type=PATH msg=audit(1770083838.298:15578): item=1 name="/usr/bin/env" inode=364 dev=00:3f mode=0100755 ouid=0 ogid=0 rdev=00:00 nametype=NORMAL cap_fp=0 cap_fi=0 cap_fe=0 cap_fver=0 cap_frootid=0
type=PATH msg=audit(1770083838.298:15578): item=2 name="/lib/ld-linux-aarch64.so.1" inode=858 dev=00:3f mode=0100755 ouid=0 ogid=0 rdev=00:00 nametype=NORMAL cap_fp=0 cap_fi=0 cap_fe=0 cap_fver=0 cap_frootid=0
type=PROCTITLE msg=audit(1770083838.298:15578): proctitle=2F7573722F62696E2F656E7600434F4C4C4543544F525F4D455247455F434F4E4649473D2F6574632F636F6C6C6563746F722F6D657267655F66696C746572696E672E79616D6C002F7573722F6C6F63616C2F62696E2F636F6C6C6563746F722D6D657267652D66696C7465726564002D2D636F6E666967002F6574632F636F
type=SYSCALL msg=audit(1770083838.299:15579): arch=c00000b7 syscall=221 success=no exit=-2 a0=ffffca52f360 a1=ffffca52f740 a2=ffffca52f768 a3=ffffca52f360 items=1 ppid=16969 pid=16972 auid=4294967295 uid=0 gid=0 euid=0 suid=0 fsuid=0 egid=0 sgid=0 fsgid=0 tty=(none) ses=4294967295 comm="collector-ebpf-" exe="/usr/bin/env" key="exec"
type=CWD msg=audit(1770083838.299:15579): cwd="/"
type=PATH msg=audit(1770083838.299:15579): item=0 name="/usr/local/sbin/python3" nametype=UNKNOWN cap_fp=0 cap_fi=0 cap_fe=0 cap_fver=0 cap_frootid=0
type=PROCTITLE msg=audit(1770083838.299:15579): proctitle=2F7573722F62696E2F656E7600434F4C4C4543544F525F454250465F53554D4D4152595F434F4E4649473D2F6574632F636F6C6C6563746F722F656270665F73756D6D6172792E79616D6C002F7573722F6C6F63616C2F62696E2F636F6C6C6563746F722D656270662D73756D6D617279002D2D636F6E666967002F6574632F
type=SYSCALL msg=audit(1770083838.299:15580): arch=c00000b7 syscall=221 success=no exit=-2 a0=ffffca52f360 a1=ffffca52f740 a2=ffffca52f768 a3=ffffca52f360 items=1 ppid=16969 pid=16972 auid=4294967295 uid=0 gid=0 euid=0 suid=0 fsuid=0 egid=0 sgid=0 fsgid=0 tty=(none) ses=4294967295 comm="collector-ebpf-" exe="/usr/bin/env" key="exec"
type=CWD msg=audit(1770083838.299:15580): cwd="/"
type=PATH msg=audit(1770083838.299:15580): item=0 name="/usr/local/bin/python3" nametype=UNKNOWN cap_fp=0 cap_fi=0 cap_fe=0 cap_fver=0 cap_frootid=0
type=PROCTITLE msg=audit(1770083838.299:15580): proctitle=2F7573722F62696E2F656E7600434F4C4C4543544F525F454250465F53554D4D4152595F434F4E4649473D2F6574632F636F6C6C6563746F722F656270665F73756D6D6172792E79616D6C002F7573722F6C6F63616C2F62696E2F636F6C6C6563746F722D656270662D73756D6D617279002D2D636F6E666967002F6574632F
type=SYSCALL msg=audit(1770083838.299:15581): arch=c00000b7 syscall=221 success=no exit=-2 a0=ffffca52f360 a1=ffffca52f740 a2=ffffca52f768 a3=ffffca52f360 items=1 ppid=16969 pid=16972 auid=4294967295 uid=0 gid=0 euid=0 suid=0 fsuid=0 egid=0 sgid=0 fsgid=0 tty=(none) ses=4294967295 comm="collector-ebpf-" exe="/usr/bin/env" key="exec"
type=CWD msg=audit(1770083838.299:15581): cwd="/"
type=PATH msg=audit(1770083838.299:15581): item=0 name="/usr/sbin/python3" nametype=UNKNOWN cap_fp=0 cap_fi=0 cap_fe=0 cap_fver=0 cap_frootid=0
type=PROCTITLE msg=audit(1770083838.299:15581): proctitle=2F7573722F62696E2F656E7600434F4C4C4543544F525F454250465F53554D4D4152595F434F4E4649473D2F6574632F636F6C6C6563746F722F656270665F73756D6D6172792E79616D6C002F7573722F6C6F63616C2F62696E2F636F6C6C6563746F722D656270662D73756D6D617279002D2D636F6E666967002F6574632F
type=SYSCALL msg=audit(1770083838.299:15582): arch=c00000b7 syscall=221 success=yes exit=0 a0=ffffca52f360 a1=ffffca52f740 a2=ffffca52f768 a3=ffffca52f360 items=2 ppid=16969 pid=16972 auid=4294967295 uid=0 gid=0 euid=0 suid=0 fsuid=0 egid=0 sgid=0 fsgid=0 tty=(none) ses=4294967295 comm="python3" exe="/usr/bin/python3.10" key="exec"
type=EXECVE msg=audit(1770083838.299:15582): argc=4 a0="python3" a1="/usr/local/bin/collector-ebpf-summary" a2="--config" a3="/etc/collector/ebpf_summary.yaml"
type=CWD msg=audit(1770083838.299:15582): cwd="/"
type=PATH msg=audit(1770083838.299:15582): item=0 name="/usr/bin/python3" inode=101844 dev=00:3f mode=0100755 ouid=0 ogid=0 rdev=00:00 nametype=NORMAL cap_fp=0 cap_fi=0 cap_fe=0 cap_fver=0 cap_frootid=0
type=PATH msg=audit(1770083838.299:15582): item=1 name="/lib/ld-linux-aarch64.so.1" inode=858 dev=00:3f mode=0100755 ouid=0 ogid=0 rdev=00:00 nametype=NORMAL cap_fp=0 cap_fi=0 cap_fe=0 cap_fver=0 cap_frootid=0
type=PROCTITLE msg=audit(1770083838.299:15582): proctitle=2F7573722F62696E2F656E7600434F4C4C4543544F525F454250465F53554D4D4152595F434F4E4649473D2F6574632F636F6C6C6563746F722F656270665F73756D6D6172792E79616D6C002F7573722F6C6F63616C2F62696E2F636F6C6C6563746F722D656270662D73756D6D617279002D2D636F6E666967002F6574632F
type=SYSCALL msg=audit(1770083838.299:15583): arch=c00000b7 syscall=221 success=no exit=-2 a0=ffffeacb4b50 a1=ffffeacb4f30 a2=ffffeacb4f58 a3=ffffeacb4b50 items=1 ppid=16970 pid=16973 auid=4294967295 uid=0 gid=0 euid=0 suid=0 fsuid=0 egid=0 sgid=0 fsgid=0 tty=(none) ses=4294967295 comm="collector-merge" exe="/usr/bin/env" key="exec"
type=CWD msg=audit(1770083838.299:15583): cwd="/"
type=PATH msg=audit(1770083838.299:15583): item=0 name="/usr/local/sbin/python3" nametype=UNKNOWN cap_fp=0 cap_fi=0 cap_fe=0 cap_fver=0 cap_frootid=0
type=PROCTITLE msg=audit(1770083838.299:15583): proctitle=2F7573722F62696E2F656E7600434F4C4C4543544F525F4D455247455F434F4E4649473D2F6574632F636F6C6C6563746F722F6D657267655F66696C746572696E672E79616D6C002F7573722F6C6F63616C2F62696E2F636F6C6C6563746F722D6D657267652D66696C7465726564002D2D636F6E666967002F6574632F636F
type=SYSCALL msg=audit(1770083838.299:15584): arch=c00000b7 syscall=221 success=no exit=-2 a0=ffffeacb4b50 a1=ffffeacb4f30 a2=ffffeacb4f58 a3=ffffeacb4b50 items=1 ppid=16970 pid=16973 auid=4294967295 uid=0 gid=0 euid=0 suid=0 fsuid=0 egid=0 sgid=0 fsgid=0 tty=(none) ses=4294967295 comm="collector-merge" exe="/usr/bin/env" key="exec"
type=CWD msg=audit(1770083838.299:15584): cwd="/"
type=PATH msg=audit(1770083838.299:15584): item=0 name="/usr/local/bin/python3" nametype=UNKNOWN cap_fp=0 cap_fi=0 cap_fe=0 cap_fver=0 cap_frootid=0
type=PROCTITLE msg=audit(1770083838.299:15584): proctitle=2F7573722F62696E2F656E7600434F4C4C4543544F525F4D455247455F434F4E4649473D2F6574632F636F6C6C6563746F722F6D657267655F66696C746572696E672E79616D6C002F7573722F6C6F63616C2F62696E2F636F6C6C6563746F722D6D657267652D66696C7465726564002D2D636F6E666967002F6574632F636F
type=SYSCALL msg=audit(1770083838.299:15585): arch=c00000b7 syscall=221 success=no exit=-2 a0=ffffeacb4b50 a1=ffffeacb4f30 a2=ffffeacb4f58 a3=ffffeacb4b50 items=1 ppid=16970 pid=16973 auid=4294967295 uid=0 gid=0 euid=0 suid=0 fsuid=0 egid=0 sgid=0 fsgid=0 tty=(none) ses=4294967295 comm="collector-merge" exe="/usr/bin/env" key="exec"
type=CWD msg=audit(1770083838.299:15585): cwd="/"
type=PATH msg=audit(1770083838.299:15585): item=0 name="/usr/sbin/python3" nametype=UNKNOWN cap_fp=0 cap_fi=0 cap_fe=0 cap_fver=0 cap_frootid=0
type=PROCTITLE msg=audit(1770083838.299:15585): proctitle=2F7573722F62696E2F656E7600434F4C4C4543544F525F4D455247455F434F4E4649473D2F6574632F636F6C6C6563746F722F6D657267655F66696C746572696E672E79616D6C002F7573722F6C6F63616C2F62696E2F636F6C6C6563746F722D6D657267652D66696C7465726564002D2D636F6E666967002F6574632F636F
type=SYSCALL msg=audit(1770083838.299:15586): arch=c00000b7 syscall=221 success=yes exit=0 a0=ffffeacb4b50 a1=ffffeacb4f30 a2=ffffeacb4f58 a3=ffffeacb4b50 items=2 ppid=16970 pid=16973 auid=4294967295 uid=0 gid=0 euid=0 suid=0 fsuid=0 egid=0 sgid=0 fsgid=0 tty=(none) ses=4294967295 comm="python3" exe="/usr/bin/python3.10" key="exec"
type=EXECVE msg=audit(1770083838.299:15586): argc=4 a0="python3" a1="/usr/local/bin/collector-merge-filtered" a2="--config" a3="/etc/collector/merge_filtering.yaml"
type=CWD msg=audit(1770083838.299:15586): cwd="/"
type=PATH msg=audit(1770083838.299:15586): item=0 name="/usr/bin/python3" inode=101844 dev=00:3f mode=0100755 ouid=0 ogid=0 rdev=00:00 nametype=NORMAL cap_fp=0 cap_fi=0 cap_fe=0 cap_fver=0 cap_frootid=0
type=PATH msg=audit(1770083838.299:15586): item=1 name="/lib/ld-linux-aarch64.so.1" inode=858 dev=00:3f mode=0100755 ouid=0 ogid=0 rdev=00:00 nametype=NORMAL cap_fp=0 cap_fi=0 cap_fe=0 cap_fver=0 cap_frootid=0
type=PROCTITLE msg=audit(1770083838.299:15586): proctitle=2F7573722F62696E2F656E7600434F4C4C4543544F525F4D455247455F434F4E4649473D2F6574632F636F6C6C6563746F722F6D657267655F66696C746572696E672E79616D6C002F7573722F6C6F63616C2F62696E2F636F6C6C6563746F722D6D657267652D66696C7465726564002D2D636F6E666967002F6574632F636F
type=SYSCALL msg=audit(1770083838.300:15587): arch=c00000b7 syscall=221 success=yes exit=0 a0=aaaae7acd6c8 a1=aaaae7acd670 a2=aaaae7acd690 a3=ffff9aff1b58 items=2 ppid=16911 pid=16971 auid=4294967295 uid=0 gid=0 euid=0 suid=0 fsuid=0 egid=0 sgid=0 fsgid=0 tty=(none) ses=4294967295 comm="tail" exe="/usr/bin/tail" key="exec"
type=EXECVE msg=audit(1770083838.300:15587): argc=3 a0="tail" a1="-F" a2="/logs/audit_ab_cgroup.log"
type=CWD msg=audit(1770083838.300:15587): cwd="/"
type=PATH msg=audit(1770083838.300:15587): item=0 name="/usr/bin/tail" inode=525 dev=00:3f mode=0100755 ouid=0 ogid=0 rdev=00:00 nametype=NORMAL cap_fp=0 cap_fi=0 cap_fe=0 cap_fver=0 cap_frootid=0
type=PATH msg=audit(1770083838.300:15587): item=1 name="/lib/ld-linux-aarch64.so.1" inode=858 dev=00:3f mode=0100755 ouid=0 ogid=0 rdev=00:00 nametype=NORMAL cap_fp=0 cap_fi=0 cap_fe=0 cap_fver=0 cap_frootid=0
type=PROCTITLE msg=audit(1770083838.300:15587): proctitle=7461696C002D46002F6C6F67732F61756469745F61625F6367726F75702E6C6F67
type=SYSCALL msg=audit(1770083838.305:15588): arch=c00000b7 syscall=221 success=yes exit=0 a0=aaab206c0c40 a1=aaab206c0f20 a2=aaab206c0f68 a3=ffff9aff1b58 items=2 ppid=16911 pid=16966 auid=4294967295 uid=0 gid=0 euid=0 suid=0 fsuid=0 egid=0 sgid=0 fsgid=0 tty=(none) ses=4294967295 comm="env" exe="/usr/bin/env" key="exec"
type=EXECVE msg=audit(1770083838.305:15588): argc=8 a0="/usr/bin/env" a1="COLLECTOR_FILTER_CONFIG=/etc/collector/filtering.yaml" a2="COLLECTOR_AUDIT_LOG=/logs/audit_ab_cgroup.log" a3="COLLECTOR_FILTER_OUTPUT=/logs/filtered_audit.jsonl" a4="/usr/local/bin/collector-audit-filter" a5="--config" a6="/etc/collector/filtering.yaml" a7="--follow"
type=CWD msg=audit(1770083838.305:15588): cwd="/"
type=PATH msg=audit(1770083838.305:15588): item=0 name="/usr/bin/env" inode=364 dev=00:3f mode=0100755 ouid=0 ogid=0 rdev=00:00 nametype=NORMAL cap_fp=0 cap_fi=0 cap_fe=0 cap_fver=0 cap_frootid=0
type=PATH msg=audit(1770083838.305:15588): item=1 name="/lib/ld-linux-aarch64.so.1" inode=858 dev=00:3f mode=0100755 ouid=0 ogid=0 rdev=00:00 nametype=NORMAL cap_fp=0 cap_fi=0 cap_fe=0 cap_fver=0 cap_frootid=0
type=PROCTITLE msg=audit(1770083838.305:15588): proctitle=2F7573722F62696E2F656E7600434F4C4C4543544F525F46494C5445525F434F4E4649473D2F6574632F636F6C6C6563746F722F66696C746572696E672E79616D6C00434F4C4C4543544F525F41554449545F4C4F473D2F6C6F67732F61756469745F61625F6367726F75702E6C6F6700434F4C4C4543544F525F46494C5445
type=SYSCALL msg=audit(1770083838.305:15589): arch=c00000b7 syscall=221 success=yes exit=0 a0=ffffd3d5decd a1=ffffd3d5d978 a2=aaaaefff9400 a3=3ffff4f577b34 items=3 ppid=16911 pid=16966 auid=4294967295 uid=0 gid=0 euid=0 suid=0 fsuid=0 egid=0 sgid=0 fsgid=0 tty=(none) ses=4294967295 comm="collector-audit" exe="/usr/bin/env" key="exec"
type=EXECVE msg=audit(1770083838.305:15589): argc=6 a0="/usr/bin/env" a1="python3" a2="/usr/local/bin/collector-audit-filter" a3="--config" a4="/etc/collector/filtering.yaml" a5="--follow"
type=CWD msg=audit(1770083838.305:15589): cwd="/"
type=PATH msg=audit(1770083838.305:15589): item=0 name="/usr/local/bin/collector-audit-filter" inode=209157 dev=00:3f mode=0100755 ouid=0 ogid=0 rdev=00:00 nametype=NORMAL cap_fp=0 cap_fi=0 cap_fe=0 cap_fver=0 cap_frootid=0
type=PATH msg=audit(1770083838.305:15589): item=1 name="/usr/bin/env" inode=364 dev=00:3f mode=0100755 ouid=0 ogid=0 rdev=00:00 nametype=NORMAL cap_fp=0 cap_fi=0 cap_fe=0 cap_fver=0 cap_frootid=0
type=PATH msg=audit(1770083838.305:15589): item=2 name="/lib/ld-linux-aarch64.so.1" inode=858 dev=00:3f mode=0100755 ouid=0 ogid=0 rdev=00:00 nametype=NORMAL cap_fp=0 cap_fi=0 cap_fe=0 cap_fver=0 cap_frootid=0
type=PROCTITLE msg=audit(1770083838.305:15589): proctitle=2F7573722F62696E2F656E7600434F4C4C4543544F525F46494C5445525F434F4E4649473D2F6574632F636F6C6C6563746F722F66696C746572696E672E79616D6C00434F4C4C4543544F525F41554449545F4C4F473D2F6C6F67732F61756469745F61625F6367726F75702E6C6F6700434F4C4C4543544F525F46494C5445
type=SYSCALL msg=audit(1770083838.305:15590): arch=c00000b7 syscall=221 success=no exit=-2 a0=ffffe92708d0 a1=ffffe9270cb0 a2=ffffe9270ce0 a3=ffffe92708d0 items=1 ppid=16911 pid=16966 auid=4294967295 uid=0 gid=0 euid=0 suid=0 fsuid=0 egid=0 sgid=0 fsgid=0 tty=(none) ses=4294967295 comm="collector-audit" exe="/usr/bin/env" key="exec"
type=CWD msg=audit(1770083838.305:15590): cwd="/"
type=PATH msg=audit(1770083838.305:15590): item=0 name="/usr/local/sbin/python3" nametype=UNKNOWN cap_fp=0 cap_fi=0 cap_fe=0 cap_fver=0 cap_frootid=0
type=PROCTITLE msg=audit(1770083838.305:15590): proctitle=2F7573722F62696E2F656E7600434F4C4C4543544F525F46494C5445525F434F4E4649473D2F6574632F636F6C6C6563746F722F66696C746572696E672E79616D6C00434F4C4C4543544F525F41554449545F4C4F473D2F6C6F67732F61756469745F61625F6367726F75702E6C6F6700434F4C4C4543544F525F46494C5445
type=SYSCALL msg=audit(1770083838.305:15591): arch=c00000b7 syscall=221 success=no exit=-2 a0=ffffe92708d0 a1=ffffe9270cb0 a2=ffffe9270ce0 a3=ffffe92708d0 items=1 ppid=16911 pid=16966 auid=4294967295 uid=0 gid=0 euid=0 suid=0 fsuid=0 egid=0 sgid=0 fsgid=0 tty=(none) ses=4294967295 comm="collector-audit" exe="/usr/bin/env" key="exec"
type=CWD msg=audit(1770083838.305:15591): cwd="/"
type=PATH msg=audit(1770083838.305:15591): item=0 name="/usr/local/bin/python3" nametype=UNKNOWN cap_fp=0 cap_fi=0 cap_fe=0 cap_fver=0 cap_frootid=0
type=PROCTITLE msg=audit(1770083838.305:15591): proctitle=2F7573722F62696E2F656E7600434F4C4C4543544F525F46494C5445525F434F4E4649473D2F6574632F636F6C6C6563746F722F66696C746572696E672E79616D6C00434F4C4C4543544F525F41554449545F4C4F473D2F6C6F67732F61756469745F61625F6367726F75702E6C6F6700434F4C4C4543544F525F46494C5445
type=SYSCALL msg=audit(1770083838.305:15592): arch=c00000b7 syscall=221 success=no exit=-2 a0=ffffe92708d0 a1=ffffe9270cb0 a2=ffffe9270ce0 a3=ffffe92708d0 items=1 ppid=16911 pid=16966 auid=4294967295 uid=0 gid=0 euid=0 suid=0 fsuid=0 egid=0 sgid=0 fsgid=0 tty=(none) ses=4294967295 comm="collector-audit" exe="/usr/bin/env" key="exec"
type=CWD msg=audit(1770083838.305:15592): cwd="/"
type=PATH msg=audit(1770083838.305:15592): item=0 name="/usr/sbin/python3" nametype=UNKNOWN cap_fp=0 cap_fi=0 cap_fe=0 cap_fver=0 cap_frootid=0
type=PROCTITLE msg=audit(1770083838.305:15592): proctitle=2F7573722F62696E2F656E7600434F4C4C4543544F525F46494C5445525F434F4E4649473D2F6574632F636F6C6C6563746F722F66696C746572696E672E79616D6C00434F4C4C4543544F525F41554449545F4C4F473D2F6C6F67732F61756469745F61625F6367726F75702E6C6F6700434F4C4C4543544F525F46494C5445
type=SYSCALL msg=audit(1770083838.305:15593): arch=c00000b7 syscall=221 success=yes exit=0 a0=ffffe92708d0 a1=ffffe9270cb0 a2=ffffe9270ce0 a3=ffffe92708d0 items=2 ppid=16911 pid=16966 auid=4294967295 uid=0 gid=0 euid=0 suid=0 fsuid=0 egid=0 sgid=0 fsgid=0 tty=(none) ses=4294967295 comm="python3" exe="/usr/bin/python3.10" key="exec"
type=EXECVE msg=audit(1770083838.305:15593): argc=5 a0="python3" a1="/usr/local/bin/collector-audit-filter" a2="--config" a3="/etc/collector/filtering.yaml" a4="--follow"
type=CWD msg=audit(1770083838.305:15593): cwd="/"
type=PATH msg=audit(1770083838.305:15593): item=0 name="/usr/bin/python3" inode=101844 dev=00:3f mode=0100755 ouid=0 ogid=0 rdev=00:00 nametype=NORMAL cap_fp=0 cap_fi=0 cap_fe=0 cap_fver=0 cap_frootid=0
type=PATH msg=audit(1770083838.305:15593): item=1 name="/lib/ld-linux-aarch64.so.1" inode=858 dev=00:3f mode=0100755 ouid=0 ogid=0 rdev=00:00 nametype=NORMAL cap_fp=0 cap_fi=0 cap_fe=0 cap_fver=0 cap_frootid=0
type=PROCTITLE msg=audit(1770083838.305:15593): proctitle=2F7573722F62696E2F656E7600434F4C4C4543544F525F46494C5445525F434F4E4649473D2F6574632F636F6C6C6563746F722F66696C746572696E672E79616D6C00434F4C4C4543544F525F41554449545F4C4F473D2F6C6F67732F61756469745F61625F6367726F75702E6C6F6700434F4C4C4543544F525F46494C5445
type=SYSCALL msg=audit(1770083838.353:15594): arch=c00000b7 syscall=221 success=yes exit=0 a0=aaaaf15d76d0 a1=aaaaf15d71a0 a2=aaaaf15d02f0 a3=ffff96260b58 items=2 ppid=16601 pid=16974 auid=4294967295 uid=0 gid=0 euid=0 suid=0 fsuid=0 egid=0 sgid=0 fsgid=0 tty=(none) ses=4294967295 comm="sleep" exe="/usr/bin/sleep" key="exec"
type=BPRM_FCAPS msg=audit(1770083838.353:15594): fver=0 fp=0 fi=0 fe=0 old_pp=00000000a80425fb old_pi=0 old_pe=00000000a80425fb old_pa=0 pp=00000000a80425fb pi=0 pe=00000000a80425fb pa=0 frootid=0
type=EXECVE msg=audit(1770083838.353:15594): argc=2 a0="sleep" a1="2"
type=CWD msg=audit(1770083838.353:15594): cwd="/"
type=PATH msg=audit(1770083838.353:15594): item=0 name="/usr/bin/sleep" inode=513 dev=00:42 mode=0100755 ouid=0 ogid=0 rdev=00:00 nametype=NORMAL cap_fp=0 cap_fi=0 cap_fe=0 cap_fver=0 cap_frootid=0
type=PATH msg=audit(1770083838.353:15594): item=1 name="/lib/ld-linux-aarch64.so.1" inode=858 dev=00:42 mode=0100755 ouid=0 ogid=0 rdev=00:00 nametype=NORMAL cap_fp=0 cap_fi=0 cap_fe=0 cap_fver=0 cap_frootid=0
type=PROCTITLE msg=audit(1770083838.353:15594): proctitle=736C6565700032
type=BPF msg=audit(1770083838.355:15595): prog-id=416 op=LOAD
type=SYSCALL msg=audit(1770083838.355:15595): arch=c00000b7 syscall=280 success=yes exit=3 a0=5 a1=ffffe4cd8630 a2=90 a3=aaaaae6339f0 items=0 ppid=16911 pid=16968 auid=4294967295 uid=0 gid=0 euid=0 suid=0 fsuid=0 egid=0 sgid=0 fsgid=0 tty=(none) ses=4294967295 comm="collector-ebpf-" exe="/usr/local/bin/collector-ebpf-loader" key=(null)
type=PROCTITLE msg=audit(1770083838.355:15595): proctitle=2F7573722F62696E2F656E7600434F4C4C4543544F525F454250465F4F55545055543D2F6C6F67732F656270665F61625F6367726F75702E6A736F6E6C00434F4C4C4543544F525F454250465F4250463D2F7573722F6C6F63616C2F73686172652F636F6C6C6563746F722F636F6C6C6563746F722D656270662E6F002F7573
type=BPF msg=audit(1770083838.371:15596): prog-id=416 op=UNLOAD
type=SYSCALL msg=audit(1770083838.371:15596): arch=c00000b7 syscall=57 success=yes exit=0 a0=3 a1=ffff8f526020 a2=0 a3=aaaaceda4010 items=0 ppid=16911 pid=16968 auid=4294967295 uid=0 gid=0 euid=0 suid=0 fsuid=0 egid=0 sgid=0 fsgid=0 tty=(none) ses=4294967295 comm="collector-ebpf-" exe="/usr/local/bin/collector-ebpf-loader" key=(null)
type=PROCTITLE msg=audit(1770083838.371:15596): proctitle=2F7573722F62696E2F656E7600434F4C4C4543544F525F454250465F4F55545055543D2F6C6F67732F656270665F61625F6367726F75702E6A736F6E6C00434F4C4C4543544F525F454250465F4250463D2F7573722F6C6F63616C2F73686172652F636F6C6C6563746F722F636F6C6C6563746F722D656270662E6F002F7573
type=BPF msg=audit(1770083838.371:15597): prog-id=417 op=LOAD
type=SYSCALL msg=audit(1770083838.371:15597): arch=c00000b7 syscall=280 success=yes exit=3 a0=5 a1=ffffe4cd8658 a2=90 a3=aaaaae633bf3 items=0 ppid=16911 pid=16968 auid=4294967295 uid=0 gid=0 euid=0 suid=0 fsuid=0 egid=0 sgid=0 fsgid=0 tty=(none) ses=4294967295 comm="collector-ebpf-" exe="/usr/local/bin/collector-ebpf-loader" key=(null)
type=PROCTITLE msg=audit(1770083838.371:15597): proctitle=2F7573722F62696E2F656E7600434F4C4C4543544F525F454250465F4F55545055543D2F6C6F67732F656270665F61625F6367726F75702E6A736F6E6C00434F4C4C4543544F525F454250465F4250463D2F7573722F6C6F63616C2F73686172652F636F6C6C6563746F722F636F6C6C6563746F722D656270662E6F002F7573
type=BPF msg=audit(1770083838.374:15598): prog-id=417 op=UNLOAD
type=SYSCALL msg=audit(1770083838.374:15598): arch=c00000b7 syscall=57 success=yes exit=0 a0=3 a1=ffff8f526020 a2=0 a3=aaaaceda4010 items=0 ppid=16911 pid=16968 auid=4294967295 uid=0 gid=0 euid=0 suid=0 fsuid=0 egid=0 sgid=0 fsgid=0 tty=(none) ses=4294967295 comm="collector-ebpf-" exe="/usr/local/bin/collector-ebpf-loader" key=(null)
type=PROCTITLE msg=audit(1770083838.374:15598): proctitle=2F7573722F62696E2F656E7600434F4C4C4543544F525F454250465F4F55545055543D2F6C6F67732F656270665F61625F6367726F75702E6A736F6E6C00434F4C4C4543544F525F454250465F4250463D2F7573722F6C6F63616C2F73686172652F636F6C6C6563746F722F636F6C6C6563746F722D656270662E6F002F7573
type=BPF msg=audit(1770083838.374:15599): prog-id=418 op=LOAD
type=SYSCALL msg=audit(1770083838.374:15599): arch=c00000b7 syscall=280 success=yes exit=3 a0=5 a1=ffffe4cd85c0 a2=90 a3=aaaaae6339f0 items=0 ppid=16911 pid=16968 auid=4294967295 uid=0 gid=0 euid=0 suid=0 fsuid=0 egid=0 sgid=0 fsgid=0 tty=(none) ses=4294967295 comm="collector-ebpf-" exe="/usr/local/bin/collector-ebpf-loader" key=(null)
type=PROCTITLE msg=audit(1770083838.374:15599): proctitle=2F7573722F62696E2F656E7600434F4C4C4543544F525F454250465F4F55545055543D2F6C6F67732F656270665F61625F6367726F75702E6A736F6E6C00434F4C4C4543544F525F454250465F4250463D2F7573722F6C6F63616C2F73686172652F636F6C6C6563746F722F636F6C6C6563746F722D656270662E6F002F7573
type=BPF msg=audit(1770083838.375:15600): prog-id=418 op=UNLOAD
type=SYSCALL msg=audit(1770083838.375:15600): arch=c00000b7 syscall=57 success=yes exit=0 a0=3 a1=ffff8f526020 a2=88 a3=ffff8f5267e0 items=0 ppid=16911 pid=16968 auid=4294967295 uid=0 gid=0 euid=0 suid=0 fsuid=0 egid=0 sgid=0 fsgid=0 tty=(none) ses=4294967295 comm="collector-ebpf-" exe="/usr/local/bin/collector-ebpf-loader" key=(null)
type=PROCTITLE msg=audit(1770083838.375:15600): proctitle=2F7573722F62696E2F656E7600434F4C4C4543544F525F454250465F4F55545055543D2F6C6F67732F656270665F61625F6367726F75702E6A736F6E6C00434F4C4C4543544F525F454250465F4250463D2F7573722F6C6F63616C2F73686172652F636F6C6C6563746F722F636F6C6C6563746F722D656270662E6F002F7573
type=BPF msg=audit(1770083838.375:15601): prog-id=419 op=LOAD
type=SYSCALL msg=audit(1770083838.375:15601): arch=c00000b7 syscall=280 success=yes exit=4 a0=5 a1=ffffe4cd85a0 a2=90 a3=0 items=0 ppid=16911 pid=16968 auid=4294967295 uid=0 gid=0 euid=0 suid=0 fsuid=0 egid=0 sgid=0 fsgid=0 tty=(none) ses=4294967295 comm="collector-ebpf-" exe="/usr/local/bin/collector-ebpf-loader" key=(null)
type=PROCTITLE msg=audit(1770083838.375:15601): proctitle=2F7573722F62696E2F656E7600434F4C4C4543544F525F454250465F4F55545055543D2F6C6F67732F656270665F61625F6367726F75702E6A736F6E6C00434F4C4C4543544F525F454250465F4250463D2F7573722F6C6F63616C2F73686172652F636F6C6C6563746F722F636F6C6C6563746F722D656270662E6F002F7573
type=BPF msg=audit(1770083838.376:15602): prog-id=419 op=UNLOAD
type=SYSCALL msg=audit(1770083838.376:15602): arch=c00000b7 syscall=57 success=yes exit=0 a0=4 a1=ffff8f526020 a2=90 a3=0 items=0 ppid=16911 pid=16968 auid=4294967295 uid=0 gid=0 euid=0 suid=0 fsuid=0 egid=0 sgid=0 fsgid=0 tty=(none) ses=4294967295 comm="collector-ebpf-" exe="/usr/local/bin/collector-ebpf-loader" key=(null)
type=PROCTITLE msg=audit(1770083838.376:15602): proctitle=2F7573722F62696E2F656E7600434F4C4C4543544F525F454250465F4F55545055543D2F6C6F67732F656270665F61625F6367726F75702E6A736F6E6C00434F4C4C4543544F525F454250465F4250463D2F7573722F6C6F63616C2F73686172652F636F6C6C6563746F722F636F6C6C6563746F722D656270662E6F002F7573
type=BPF msg=audit(1770083838.377:15603): prog-id=420 op=LOAD
type=SYSCALL msg=audit(1770083838.377:15603): arch=c00000b7 syscall=280 success=yes exit=3 a0=5 a1=ffffe4cd8658 a2=90 a3=aaaaae633a00 items=0 ppid=16911 pid=16968 auid=4294967295 uid=0 gid=0 euid=0 suid=0 fsuid=0 egid=0 sgid=0 fsgid=0 tty=(none) ses=4294967295 comm="collector-ebpf-" exe="/usr/local/bin/collector-ebpf-loader" key=(null)
type=PROCTITLE msg=audit(1770083838.377:15603): proctitle=2F7573722F62696E2F656E7600434F4C4C4543544F525F454250465F4F55545055543D2F6C6F67732F656270665F61625F6367726F75702E6A736F6E6C00434F4C4C4543544F525F454250465F4250463D2F7573722F6C6F63616C2F73686172652F636F6C6C6563746F722F636F6C6C6563746F722D656270662E6F002F7573
type=BPF msg=audit(1770083838.377:15604): prog-id=420 op=UNLOAD
type=SYSCALL msg=audit(1770083838.377:15604): arch=c00000b7 syscall=57 success=yes exit=0 a0=3 a1=ffff8f526020 a2=0 a3=aaaaceda4010 items=0 ppid=16911 pid=16968 auid=4294967295 uid=0 gid=0 euid=0 suid=0 fsuid=0 egid=0 sgid=0 fsgid=0 tty=(none) ses=4294967295 comm="collector-ebpf-" exe="/usr/local/bin/collector-ebpf-loader" key=(null)
type=PROCTITLE msg=audit(1770083838.377:15604): proctitle=2F7573722F62696E2F656E7600434F4C4C4543544F525F454250465F4F55545055543D2F6C6F67732F656270665F61625F6367726F75702E6A736F6E6C00434F4C4C4543544F525F454250465F4250463D2F7573722F6C6F63616C2F73686172652F636F6C6C6563746F722F636F6C6C6563746F722D656270662E6F002F7573
type=BPF msg=audit(1770083838.384:15605): prog-id=421 op=LOAD
type=SYSCALL msg=audit(1770083838.384:15605): arch=c00000b7 syscall=280 success=yes exit=11 a0=5 a1=ffffe4cd8ff0 a2=90 a3=aaaaceda513f items=0 ppid=16911 pid=16968 auid=4294967295 uid=0 gid=0 euid=0 suid=0 fsuid=0 egid=0 sgid=0 fsgid=0 tty=(none) ses=4294967295 comm="collector-ebpf-" exe="/usr/local/bin/collector-ebpf-loader" key=(null)
type=PROCTITLE msg=audit(1770083838.384:15605): proctitle=2F7573722F62696E2F656E7600434F4C4C4543544F525F454250465F4F55545055543D2F6C6F67732F656270665F61625F6367726F75702E6A736F6E6C00434F4C4C4543544F525F454250465F4250463D2F7573722F6C6F63616C2F73686172652F636F6C6C6563746F722F636F6C6C6563746F722D656270662E6F002F7573
type=BPF msg=audit(1770083838.386:15606): prog-id=422 op=LOAD
type=SYSCALL msg=audit(1770083838.386:15606): arch=c00000b7 syscall=280 success=yes exit=12 a0=5 a1=ffffe4cd8ff0 a2=90 a3=aaaaceda5acf items=0 ppid=16911 pid=16968 auid=4294967295 uid=0 gid=0 euid=0 suid=0 fsuid=0 egid=0 sgid=0 fsgid=0 tty=(none) ses=4294967295 comm="collector-ebpf-" exe="/usr/local/bin/collector-ebpf-loader" key=(null)
type=PROCTITLE msg=audit(1770083838.386:15606): proctitle=2F7573722F62696E2F656E7600434F4C4C4543544F525F454250465F4F55545055543D2F6C6F67732F656270665F61625F6367726F75702E6A736F6E6C00434F4C4C4543544F525F454250465F4250463D2F7573722F6C6F63616C2F73686172652F636F6C6C6563746F722F636F6C6C6563746F722D656270662E6F002F7573
type=SYSCALL msg=audit(1770083838.391:15607): arch=c00000b7 syscall=221 success=yes exit=0 a0=aaab206c1208 a1=aaab206c11b8 a2=aaab206c11d0 a3=ffff9aff1b58 items=2 ppid=16969 pid=16975 auid=4294967295 uid=0 gid=0 euid=0 suid=0 fsuid=0 egid=0 sgid=0 fsgid=0 tty=(none) ses=4294967295 comm="sleep" exe="/usr/bin/sleep" key="exec"
type=EXECVE msg=audit(1770083838.391:15607): argc=2 a0="sleep" a1="2"
type=CWD msg=audit(1770083838.391:15607): cwd="/"
type=PATH msg=audit(1770083838.391:15607): item=0 name="/usr/bin/sleep" inode=513 dev=00:3f mode=0100755 ouid=0 ogid=0 rdev=00:00 nametype=NORMAL cap_fp=0 cap_fi=0 cap_fe=0 cap_fver=0 cap_frootid=0
type=PATH msg=audit(1770083838.391:15607): item=1 name="/lib/ld-linux-aarch64.so.1" inode=858 dev=00:3f mode=0100755 ouid=0 ogid=0 rdev=00:00 nametype=NORMAL cap_fp=0 cap_fi=0 cap_fe=0 cap_fver=0 cap_frootid=0
type=PROCTITLE msg=audit(1770083838.391:15607): proctitle=736C6565700032
type=BPF msg=audit(1770083838.390:15608): prog-id=423 op=LOAD
type=SYSCALL msg=audit(1770083838.390:15608): arch=c00000b7 syscall=280 success=yes exit=14 a0=5 a1=ffffe4cd8ff0 a2=90 a3=aaaaceda513f items=0 ppid=16911 pid=16968 auid=4294967295 uid=0 gid=0 euid=0 suid=0 fsuid=0 egid=0 sgid=0 fsgid=0 tty=(none) ses=4294967295 comm="collector-ebpf-" exe="/usr/local/bin/collector-ebpf-loader" key=(null)
type=PROCTITLE msg=audit(1770083838.390:15608): proctitle=2F7573722F62696E2F656E7600434F4C4C4543544F525F454250465F4F55545055543D2F6C6F67732F656270665F61625F6367726F75702E6A736F6E6C00434F4C4C4543544F525F454250465F4250463D2F7573722F6C6F63616C2F73686172652F636F6C6C6563746F722F636F6C6C6563746F722D656270662E6F002F7573
type=SYSCALL msg=audit(1770083838.397:15609): arch=c00000b7 syscall=221 success=yes exit=0 a0=aaab206c11b0 a1=aaab206c1160 a2=aaab206c1178 a3=ffff9aff1b58 items=2 ppid=16970 pid=16976 auid=4294967295 uid=0 gid=0 euid=0 suid=0 fsuid=0 egid=0 sgid=0 fsgid=0 tty=(none) ses=4294967295 comm="sleep" exe="/usr/bin/sleep" key="exec"
type=EXECVE msg=audit(1770083838.397:15609): argc=2 a0="sleep" a1="2"
type=CWD msg=audit(1770083838.397:15609): cwd="/"
type=PATH msg=audit(1770083838.397:15609): item=0 name="/usr/bin/sleep" inode=513 dev=00:3f mode=0100755 ouid=0 ogid=0 rdev=00:00 nametype=NORMAL cap_fp=0 cap_fi=0 cap_fe=0 cap_fver=0 cap_frootid=0
type=PATH msg=audit(1770083838.397:15609): item=1 name="/lib/ld-linux-aarch64.so.1" inode=858 dev=00:3f mode=0100755 ouid=0 ogid=0 rdev=00:00 nametype=NORMAL cap_fp=0 cap_fi=0 cap_fe=0 cap_fver=0 cap_frootid=0
type=PROCTITLE msg=audit(1770083838.397:15609): proctitle=736C6565700032
type=BPF msg=audit(1770083838.392:15610): prog-id=424 op=LOAD
type=SYSCALL msg=audit(1770083838.392:15610): arch=c00000b7 syscall=280 success=yes exit=16 a0=5 a1=ffffe4cd8ff0 a2=90 a3=aaaaceda5acf items=0 ppid=16911 pid=16968 auid=4294967295 uid=0 gid=0 euid=0 suid=0 fsuid=0 egid=0 sgid=0 fsgid=0 tty=(none) ses=4294967295 comm="collector-ebpf-" exe="/usr/local/bin/collector-ebpf-loader" key=(null)
type=PROCTITLE msg=audit(1770083838.392:15610): proctitle=2F7573722F62696E2F656E7600434F4C4C4543544F525F454250465F4F55545055543D2F6C6F67732F656270665F61625F6367726F75702E6A736F6E6C00434F4C4C4543544F525F454250465F4250463D2F7573722F6C6F63616C2F73686172652F636F6C6C6563746F722F636F6C6C6563746F722D656270662E6F002F7573
type=BPF msg=audit(1770083838.398:15611): prog-id=425 op=LOAD
type=SYSCALL msg=audit(1770083838.398:15611): arch=c00000b7 syscall=280 success=yes exit=18 a0=5 a1=ffffe4cd8ff0 a2=90 a3=aaaaceda513f items=0 ppid=16911 pid=16968 auid=4294967295 uid=0 gid=0 euid=0 suid=0 fsuid=0 egid=0 sgid=0 fsgid=0 tty=(none) ses=4294967295 comm="collector-ebpf-" exe="/usr/local/bin/collector-ebpf-loader" key=(null)
type=PROCTITLE msg=audit(1770083838.398:15611): proctitle=2F7573722F62696E2F656E7600434F4C4C4543544F525F454250465F4F55545055543D2F6C6F67732F656270665F61625F6367726F75702E6A736F6E6C00434F4C4C4543544F525F454250465F4250463D2F7573722F6C6F63616C2F73686172652F636F6C6C6563746F722F636F6C6C6563746F722D656270662E6F002F7573
type=BPF msg=audit(1770083838.398:15612): prog-id=426 op=LOAD
type=SYSCALL msg=audit(1770083838.398:15612): arch=c00000b7 syscall=280 success=yes exit=20 a0=5 a1=ffffe4cd8ff0 a2=90 a3=aaaaceda5acf items=0 ppid=16911 pid=16968 auid=4294967295 uid=0 gid=0 euid=0 suid=0 fsuid=0 egid=0 sgid=0 fsgid=0 tty=(none) ses=4294967295 comm="collector-ebpf-" exe="/usr/local/bin/collector-ebpf-loader" key=(null)
type=PROCTITLE msg=audit(1770083838.398:15612): proctitle=2F7573722F62696E2F656E7600434F4C4C4543544F525F454250465F4F55545055543D2F6C6F67732F656270665F61625F6367726F75702E6A736F6E6C00434F4C4C4543544F525F454250465F4250463D2F7573722F6C6F63616C2F73686172652F636F6C6C6563746F722F636F6C6C6563746F722D656270662E6F002F7573
type=SYSCALL msg=audit(1770083840.362:15613): arch=c00000b7 syscall=221 success=yes exit=0 a0=aaaaf15d4780 a1=aaaaf15ddf30 a2=aaaaf15d02f0 a3=ffff96260b58 items=2 ppid=16601 pid=16978 auid=4294967295 uid=0 gid=0 euid=0 suid=0 fsuid=0 egid=0 sgid=0 fsgid=0 tty=(none) ses=4294967295 comm="sleep" exe="/usr/bin/sleep" key="exec"
type=BPRM_FCAPS msg=audit(1770083840.362:15613): fver=0 fp=0 fi=0 fe=0 old_pp=00000000a80425fb old_pi=0 old_pe=00000000a80425fb old_pa=0 pp=00000000a80425fb pi=0 pe=00000000a80425fb pa=0 frootid=0
type=EXECVE msg=audit(1770083840.362:15613): argc=2 a0="sleep" a1="2"
type=CWD msg=audit(1770083840.362:15613): cwd="/"
type=PATH msg=audit(1770083840.362:15613): item=0 name="/usr/bin/sleep" inode=513 dev=00:42 mode=0100755 ouid=0 ogid=0 rdev=00:00 nametype=NORMAL cap_fp=0 cap_fi=0 cap_fe=0 cap_fver=0 cap_frootid=0
type=PATH msg=audit(1770083840.362:15613): item=1 name="/lib/ld-linux-aarch64.so.1" inode=858 dev=00:42 mode=0100755 ouid=0 ogid=0 rdev=00:00 nametype=NORMAL cap_fp=0 cap_fi=0 cap_fe=0 cap_fver=0 cap_frootid=0
type=PROCTITLE msg=audit(1770083840.362:15613): proctitle=736C6565700032
type=SYSCALL msg=audit(1770083840.393:15614): arch=c00000b7 syscall=221 success=yes exit=0 a0=aaab206c1180 a1=aaab206c1298 a2=aaab206c12e8 a3=ffff9aff1b58 items=2 ppid=16969 pid=16979 auid=4294967295 uid=0 gid=0 euid=0 suid=0 fsuid=0 egid=0 sgid=0 fsgid=0 tty=(none) ses=4294967295 comm="env" exe="/usr/bin/env" key="exec"
type=EXECVE msg=audit(1770083840.393:15614): argc=5 a0="/usr/bin/env" a1="COLLECTOR_EBPF_SUMMARY_CONFIG=/etc/collector/ebpf_summary.yaml" a2="/usr/local/bin/collector-ebpf-summary" a3="--config" a4="/etc/collector/ebpf_summary.yaml"
type=CWD msg=audit(1770083840.393:15614): cwd="/"
type=PATH msg=audit(1770083840.393:15614): item=0 name="/usr/bin/env" inode=364 dev=00:3f mode=0100755 ouid=0 ogid=0 rdev=00:00 nametype=NORMAL cap_fp=0 cap_fi=0 cap_fe=0 cap_fver=0 cap_frootid=0
type=PATH msg=audit(1770083840.393:15614): item=1 name="/lib/ld-linux-aarch64.so.1" inode=858 dev=00:3f mode=0100755 ouid=0 ogid=0 rdev=00:00 nametype=NORMAL cap_fp=0 cap_fi=0 cap_fe=0 cap_fver=0 cap_frootid=0
type=PROCTITLE msg=audit(1770083840.393:15614): proctitle=2F7573722F62696E2F656E7600434F4C4C4543544F525F454250465F53554D4D4152595F434F4E4649473D2F6574632F636F6C6C6563746F722F656270665F73756D6D6172792E79616D6C002F7573722F6C6F63616C2F62696E2F636F6C6C6563746F722D656270662D73756D6D617279002D2D636F6E666967002F6574632F
type=SYSCALL msg=audit(1770083840.395:15615): arch=c00000b7 syscall=221 success=yes exit=0 a0=ffffda9feed3 a1=ffffda9fdf18 a2=aaaad3f63400 a3=3ffff6a7fbb4c items=3 ppid=16969 pid=16979 auid=4294967295 uid=0 gid=0 euid=0 suid=0 fsuid=0 egid=0 sgid=0 fsgid=0 tty=(none) ses=4294967295 comm="collector-ebpf-" exe="/usr/bin/env" key="exec"
type=EXECVE msg=audit(1770083840.395:15615): argc=5 a0="/usr/bin/env" a1="python3" a2="/usr/local/bin/collector-ebpf-summary" a3="--config" a4="/etc/collector/ebpf_summary.yaml"
type=CWD msg=audit(1770083840.395:15615): cwd="/"
type=PATH msg=audit(1770083840.395:15615): item=0 name="/usr/local/bin/collector-ebpf-summary" inode=209223 dev=00:3f mode=0100755 ouid=0 ogid=0 rdev=00:00 nametype=NORMAL cap_fp=0 cap_fi=0 cap_fe=0 cap_fver=0 cap_frootid=0
type=PATH msg=audit(1770083840.395:15615): item=1 name="/usr/bin/env" inode=364 dev=00:3f mode=0100755 ouid=0 ogid=0 rdev=00:00 nametype=NORMAL cap_fp=0 cap_fi=0 cap_fe=0 cap_fver=0 cap_frootid=0
type=PATH msg=audit(1770083840.395:15615): item=2 name="/lib/ld-linux-aarch64.so.1" inode=858 dev=00:3f mode=0100755 ouid=0 ogid=0 rdev=00:00 nametype=NORMAL cap_fp=0 cap_fi=0 cap_fe=0 cap_fver=0 cap_frootid=0
type=PROCTITLE msg=audit(1770083840.395:15615): proctitle=2F7573722F62696E2F656E7600434F4C4C4543544F525F454250465F53554D4D4152595F434F4E4649473D2F6574632F636F6C6C6563746F722F656270665F73756D6D6172792E79616D6C002F7573722F6C6F63616C2F62696E2F636F6C6C6563746F722D656270662D73756D6D617279002D2D636F6E666967002F6574632F
type=SYSCALL msg=audit(1770083840.395:15616): arch=c00000b7 syscall=221 success=no exit=-2 a0=fffffbab5d10 a1=fffffbab60f0 a2=fffffbab6118 a3=fffffbab5d10 items=1 ppid=16969 pid=16979 auid=4294967295 uid=0 gid=0 euid=0 suid=0 fsuid=0 egid=0 sgid=0 fsgid=0 tty=(none) ses=4294967295 comm="collector-ebpf-" exe="/usr/bin/env" key="exec"
type=CWD msg=audit(1770083840.395:15616): cwd="/"
type=PATH msg=audit(1770083840.395:15616): item=0 name="/usr/local/sbin/python3" nametype=UNKNOWN cap_fp=0 cap_fi=0 cap_fe=0 cap_fver=0 cap_frootid=0
type=PROCTITLE msg=audit(1770083840.395:15616): proctitle=2F7573722F62696E2F656E7600434F4C4C4543544F525F454250465F53554D4D4152595F434F4E4649473D2F6574632F636F6C6C6563746F722F656270665F73756D6D6172792E79616D6C002F7573722F6C6F63616C2F62696E2F636F6C6C6563746F722D656270662D73756D6D617279002D2D636F6E666967002F6574632F
type=SYSCALL msg=audit(1770083840.395:15617): arch=c00000b7 syscall=221 success=no exit=-2 a0=fffffbab5d10 a1=fffffbab60f0 a2=fffffbab6118 a3=fffffbab5d10 items=1 ppid=16969 pid=16979 auid=4294967295 uid=0 gid=0 euid=0 suid=0 fsuid=0 egid=0 sgid=0 fsgid=0 tty=(none) ses=4294967295 comm="collector-ebpf-" exe="/usr/bin/env" key="exec"
type=CWD msg=audit(1770083840.395:15617): cwd="/"
type=PATH msg=audit(1770083840.395:15617): item=0 name="/usr/local/bin/python3" nametype=UNKNOWN cap_fp=0 cap_fi=0 cap_fe=0 cap_fver=0 cap_frootid=0
type=PROCTITLE msg=audit(1770083840.395:15617): proctitle=2F7573722F62696E2F656E7600434F4C4C4543544F525F454250465F53554D4D4152595F434F4E4649473D2F6574632F636F6C6C6563746F722F656270665F73756D6D6172792E79616D6C002F7573722F6C6F63616C2F62696E2F636F6C6C6563746F722D656270662D73756D6D617279002D2D636F6E666967002F6574632F
type=SYSCALL msg=audit(1770083840.395:15618): arch=c00000b7 syscall=221 success=no exit=-2 a0=fffffbab5d10 a1=fffffbab60f0 a2=fffffbab6118 a3=fffffbab5d10 items=1 ppid=16969 pid=16979 auid=4294967295 uid=0 gid=0 euid=0 suid=0 fsuid=0 egid=0 sgid=0 fsgid=0 tty=(none) ses=4294967295 comm="collector-ebpf-" exe="/usr/bin/env" key="exec"
type=CWD msg=audit(1770083840.395:15618): cwd="/"
type=PATH msg=audit(1770083840.395:15618): item=0 name="/usr/sbin/python3" nametype=UNKNOWN cap_fp=0 cap_fi=0 cap_fe=0 cap_fver=0 cap_frootid=0
type=PROCTITLE msg=audit(1770083840.395:15618): proctitle=2F7573722F62696E2F656E7600434F4C4C4543544F525F454250465F53554D4D4152595F434F4E4649473D2F6574632F636F6C6C6563746F722F656270665F73756D6D6172792E79616D6C002F7573722F6C6F63616C2F62696E2F636F6C6C6563746F722D656270662D73756D6D617279002D2D636F6E666967002F6574632F
type=SYSCALL msg=audit(1770083840.395:15619): arch=c00000b7 syscall=221 success=yes exit=0 a0=fffffbab5d10 a1=fffffbab60f0 a2=fffffbab6118 a3=fffffbab5d10 items=2 ppid=16969 pid=16979 auid=4294967295 uid=0 gid=0 euid=0 suid=0 fsuid=0 egid=0 sgid=0 fsgid=0 tty=(none) ses=4294967295 comm="python3" exe="/usr/bin/python3.10" key="exec"
type=EXECVE msg=audit(1770083840.395:15619): argc=4 a0="python3" a1="/usr/local/bin/collector-ebpf-summary" a2="--config" a3="/etc/collector/ebpf_summary.yaml"
type=CWD msg=audit(1770083840.395:15619): cwd="/"
type=PATH msg=audit(1770083840.395:15619): item=0 name="/usr/bin/python3" inode=101844 dev=00:3f mode=0100755 ouid=0 ogid=0 rdev=00:00 nametype=NORMAL cap_fp=0 cap_fi=0 cap_fe=0 cap_fver=0 cap_frootid=0
type=PATH msg=audit(1770083840.395:15619): item=1 name="/lib/ld-linux-aarch64.so.1" inode=858 dev=00:3f mode=0100755 ouid=0 ogid=0 rdev=00:00 nametype=NORMAL cap_fp=0 cap_fi=0 cap_fe=0 cap_fver=0 cap_frootid=0
type=PROCTITLE msg=audit(1770083840.395:15619): proctitle=2F7573722F62696E2F656E7600434F4C4C4543544F525F454250465F53554D4D4152595F434F4E4649473D2F6574632F636F6C6C6563746F722F656270665F73756D6D6172792E79616D6C002F7573722F6C6F63616C2F62696E2F636F6C6C6563746F722D656270662D73756D6D617279002D2D636F6E666967002F6574632F
type=SYSCALL msg=audit(1770083840.398:15620): arch=c00000b7 syscall=221 success=yes exit=0 a0=aaab206c1128 a1=aaab206c1240 a2=aaab206c1290 a3=ffff9aff1b58 items=2 ppid=16970 pid=16980 auid=4294967295 uid=0 gid=0 euid=0 suid=0 fsuid=0 egid=0 sgid=0 fsgid=0 tty=(none) ses=4294967295 comm="env" exe="/usr/bin/env" key="exec"
type=EXECVE msg=audit(1770083840.398:15620): argc=5 a0="/usr/bin/env" a1="COLLECTOR_MERGE_CONFIG=/etc/collector/merge_filtering.yaml" a2="/usr/local/bin/collector-merge-filtered" a3="--config" a4="/etc/collector/merge_filtering.yaml"
type=CWD msg=audit(1770083840.398:15620): cwd="/"
type=PATH msg=audit(1770083840.398:15620): item=0 name="/usr/bin/env" inode=364 dev=00:3f mode=0100755 ouid=0 ogid=0 rdev=00:00 nametype=NORMAL cap_fp=0 cap_fi=0 cap_fe=0 cap_fver=0 cap_frootid=0
type=PATH msg=audit(1770083840.398:15620): item=1 name="/lib/ld-linux-aarch64.so.1" inode=858 dev=00:3f mode=0100755 ouid=0 ogid=0 rdev=00:00 nametype=NORMAL cap_fp=0 cap_fi=0 cap_fe=0 cap_fver=0 cap_frootid=0
type=PROCTITLE msg=audit(1770083840.398:15620): proctitle=2F7573722F62696E2F656E7600434F4C4C4543544F525F4D455247455F434F4E4649473D2F6574632F636F6C6C6563746F722F6D657267655F66696C746572696E672E79616D6C002F7573722F6C6F63616C2F62696E2F636F6C6C6563746F722D6D657267652D66696C7465726564002D2D636F6E666967002F6574632F636F
type=SYSCALL msg=audit(1770083840.400:15621): arch=c00000b7 syscall=221 success=yes exit=0 a0=ffffe0483ece a1=ffffe04836d8 a2=aaaadb74c400 a3=3ffff8120fb38 items=3 ppid=16970 pid=16980 auid=4294967295 uid=0 gid=0 euid=0 suid=0 fsuid=0 egid=0 sgid=0 fsgid=0 tty=(none) ses=4294967295 comm="collector-merge" exe="/usr/bin/env" key="exec"
type=EXECVE msg=audit(1770083840.400:15621): argc=5 a0="/usr/bin/env" a1="python3" a2="/usr/local/bin/collector-merge-filtered" a3="--config" a4="/etc/collector/merge_filtering.yaml"
type=CWD msg=audit(1770083840.400:15621): cwd="/"
type=PATH msg=audit(1770083840.400:15621): item=0 name="/usr/local/bin/collector-merge-filtered" inode=209225 dev=00:3f mode=0100755 ouid=0 ogid=0 rdev=00:00 nametype=NORMAL cap_fp=0 cap_fi=0 cap_fe=0 cap_fver=0 cap_frootid=0
type=PATH msg=audit(1770083840.400:15621): item=1 name="/usr/bin/env" inode=364 dev=00:3f mode=0100755 ouid=0 ogid=0 rdev=00:00 nametype=NORMAL cap_fp=0 cap_fi=0 cap_fe=0 cap_fver=0 cap_frootid=0
type=PATH msg=audit(1770083840.400:15621): item=2 name="/lib/ld-linux-aarch64.so.1" inode=858 dev=00:3f mode=0100755 ouid=0 ogid=0 rdev=00:00 nametype=NORMAL cap_fp=0 cap_fi=0 cap_fe=0 cap_fver=0 cap_frootid=0
type=PROCTITLE msg=audit(1770083840.400:15621): proctitle=2F7573722F62696E2F656E7600434F4C4C4543544F525F4D455247455F434F4E4649473D2F6574632F636F6C6C6563746F722F6D657267655F66696C746572696E672E79616D6C002F7573722F6C6F63616C2F62696E2F636F6C6C6563746F722D6D657267652D66696C7465726564002D2D636F6E666967002F6574632F636F
type=SYSCALL msg=audit(1770083840.401:15622): arch=c00000b7 syscall=221 success=no exit=-2 a0=ffffc424c3c0 a1=ffffc424c7a0 a2=ffffc424c7c8 a3=ffffc424c3c0 items=1 ppid=16970 pid=16980 auid=4294967295 uid=0 gid=0 euid=0 suid=0 fsuid=0 egid=0 sgid=0 fsgid=0 tty=(none) ses=4294967295 comm="collector-merge" exe="/usr/bin/env" key="exec"
type=CWD msg=audit(1770083840.401:15622): cwd="/"
type=PATH msg=audit(1770083840.401:15622): item=0 name="/usr/local/sbin/python3" nametype=UNKNOWN cap_fp=0 cap_fi=0 cap_fe=0 cap_fver=0 cap_frootid=0
type=PROCTITLE msg=audit(1770083840.401:15622): proctitle=2F7573722F62696E2F656E7600434F4C4C4543544F525F4D455247455F434F4E4649473D2F6574632F636F6C6C6563746F722F6D657267655F66696C746572696E672E79616D6C002F7573722F6C6F63616C2F62696E2F636F6C6C6563746F722D6D657267652D66696C7465726564002D2D636F6E666967002F6574632F636F
type=SYSCALL msg=audit(1770083840.401:15623): arch=c00000b7 syscall=221 success=no exit=-2 a0=ffffc424c3c0 a1=ffffc424c7a0 a2=ffffc424c7c8 a3=ffffc424c3c0 items=1 ppid=16970 pid=16980 auid=4294967295 uid=0 gid=0 euid=0 suid=0 fsuid=0 egid=0 sgid=0 fsgid=0 tty=(none) ses=4294967295 comm="collector-merge" exe="/usr/bin/env" key="exec"
type=CWD msg=audit(1770083840.401:15623): cwd="/"
type=PATH msg=audit(1770083840.401:15623): item=0 name="/usr/local/bin/python3" nametype=UNKNOWN cap_fp=0 cap_fi=0 cap_fe=0 cap_fver=0 cap_frootid=0
type=PROCTITLE msg=audit(1770083840.401:15623): proctitle=2F7573722F62696E2F656E7600434F4C4C4543544F525F4D455247455F434F4E4649473D2F6574632F636F6C6C6563746F722F6D657267655F66696C746572696E672E79616D6C002F7573722F6C6F63616C2F62696E2F636F6C6C6563746F722D6D657267652D66696C7465726564002D2D636F6E666967002F6574632F636F
type=SYSCALL msg=audit(1770083840.401:15624): arch=c00000b7 syscall=221 success=no exit=-2 a0=ffffc424c3c0 a1=ffffc424c7a0 a2=ffffc424c7c8 a3=ffffc424c3c0 items=1 ppid=16970 pid=16980 auid=4294967295 uid=0 gid=0 euid=0 suid=0 fsuid=0 egid=0 sgid=0 fsgid=0 tty=(none) ses=4294967295 comm="collector-merge" exe="/usr/bin/env" key="exec"
type=CWD msg=audit(1770083840.401:15624): cwd="/"
type=PATH msg=audit(1770083840.401:15624): item=0 name="/usr/sbin/python3" nametype=UNKNOWN cap_fp=0 cap_fi=0 cap_fe=0 cap_fver=0 cap_frootid=0
type=PROCTITLE msg=audit(1770083840.401:15624): proctitle=2F7573722F62696E2F656E7600434F4C4C4543544F525F4D455247455F434F4E4649473D2F6574632F636F6C6C6563746F722F6D657267655F66696C746572696E672E79616D6C002F7573722F6C6F63616C2F62696E2F636F6C6C6563746F722D6D657267652D66696C7465726564002D2D636F6E666967002F6574632F636F
type=SYSCALL msg=audit(1770083840.401:15625): arch=c00000b7 syscall=221 success=yes exit=0 a0=ffffc424c3c0 a1=ffffc424c7a0 a2=ffffc424c7c8 a3=ffffc424c3c0 items=2 ppid=16970 pid=16980 auid=4294967295 uid=0 gid=0 euid=0 suid=0 fsuid=0 egid=0 sgid=0 fsgid=0 tty=(none) ses=4294967295 comm="python3" exe="/usr/bin/python3.10" key="exec"
type=EXECVE msg=audit(1770083840.401:15625): argc=4 a0="python3" a1="/usr/local/bin/collector-merge-filtered" a2="--config" a3="/etc/collector/merge_filtering.yaml"
type=CWD msg=audit(1770083840.401:15625): cwd="/"
type=PATH msg=audit(1770083840.401:15625): item=0 name="/usr/bin/python3" inode=101844 dev=00:3f mode=0100755 ouid=0 ogid=0 rdev=00:00 nametype=NORMAL cap_fp=0 cap_fi=0 cap_fe=0 cap_fver=0 cap_frootid=0
type=PATH msg=audit(1770083840.401:15625): item=1 name="/lib/ld-linux-aarch64.so.1" inode=858 dev=00:3f mode=0100755 ouid=0 ogid=0 rdev=00:00 nametype=NORMAL cap_fp=0 cap_fi=0 cap_fe=0 cap_fver=0 cap_frootid=0
type=PROCTITLE msg=audit(1770083840.401:15625): proctitle=2F7573722F62696E2F656E7600434F4C4C4543544F525F4D455247455F434F4E4649473D2F6574632F636F6C6C6563746F722F6D657267655F66696C746572696E672E79616D6C002F7573722F6C6F63616C2F62696E2F636F6C6C6563746F722D6D657267652D66696C7465726564002D2D636F6E666967002F6574632F636F
type=SYSCALL msg=audit(1770083840.470:15626): arch=c00000b7 syscall=221 success=yes exit=0 a0=aaab206c11b0 a1=aaab206c1160 a2=aaab206c1178 a3=ffff9aff1b58 items=2 ppid=16970 pid=16981 auid=4294967295 uid=0 gid=0 euid=0 suid=0 fsuid=0 egid=0 sgid=0 fsgid=0 tty=(none) ses=4294967295 comm="sleep" exe="/usr/bin/sleep" key="exec"
type=EXECVE msg=audit(1770083840.470:15626): argc=2 a0="sleep" a1="2"
type=CWD msg=audit(1770083840.470:15626): cwd="/"
type=PATH msg=audit(1770083840.470:15626): item=0 name="/usr/bin/sleep" inode=513 dev=00:3f mode=0100755 ouid=0 ogid=0 rdev=00:00 nametype=NORMAL cap_fp=0 cap_fi=0 cap_fe=0 cap_fver=0 cap_frootid=0
type=PATH msg=audit(1770083840.470:15626): item=1 name="/lib/ld-linux-aarch64.so.1" inode=858 dev=00:3f mode=0100755 ouid=0 ogid=0 rdev=00:00 nametype=NORMAL cap_fp=0 cap_fi=0 cap_fe=0 cap_fver=0 cap_frootid=0
type=PROCTITLE msg=audit(1770083840.470:15626): proctitle=736C6565700032
type=SYSCALL msg=audit(1770083840.474:15627): arch=c00000b7 syscall=221 success=yes exit=0 a0=aaab206c1208 a1=aaab206c11b8 a2=aaab206c11d0 a3=ffff9aff1b58 items=2 ppid=16969 pid=16982 auid=4294967295 uid=0 gid=0 euid=0 suid=0 fsuid=0 egid=0 sgid=0 fsgid=0 tty=(none) ses=4294967295 comm="sleep" exe="/usr/bin/sleep" key="exec"
type=EXECVE msg=audit(1770083840.474:15627): argc=2 a0="sleep" a1="2"
type=CWD msg=audit(1770083840.474:15627): cwd="/"
type=PATH msg=audit(1770083840.474:15627): item=0 name="/usr/bin/sleep" inode=513 dev=00:3f mode=0100755 ouid=0 ogid=0 rdev=00:00 nametype=NORMAL cap_fp=0 cap_fi=0 cap_fe=0 cap_fver=0 cap_frootid=0
type=PATH msg=audit(1770083840.474:15627): item=1 name="/lib/ld-linux-aarch64.so.1" inode=858 dev=00:3f mode=0100755 ouid=0 ogid=0 rdev=00:00 nametype=NORMAL cap_fp=0 cap_fi=0 cap_fe=0 cap_fver=0 cap_frootid=0
type=PROCTITLE msg=audit(1770083840.474:15627): proctitle=736C6565700032
type=SYSCALL msg=audit(1770083841.348:15628): arch=c00000b7 syscall=221 success=yes exit=0 a0=40003160b0 a1=400013e300 a2=4000130910 a3=0 items=2 ppid=16889 pid=16983 auid=4294967295 uid=0 gid=0 euid=0 suid=0 fsuid=0 egid=0 sgid=0 fsgid=0 tty=(none) ses=4294967295 comm="runc" exe="/usr/bin/runc" key="exec"
type=EXECVE msg=audit(1770083841.348:15628): argc=10 a0="runc" a1="--root" a2="/var/run/docker/runtime-runc/moby" a3="--log" a4="/var/run/desktop-containerd/daemon/io.containerd.runtime.v2.task/moby/cf2afd5beab410f9c45e48c39ecaf66866b1b2304ccb3cf34328332f4498816a/log.json" a5="--log-format" a6="json" a7="kill" a8="cf2afd5beab410f9c45e48c39ecaf66866b1b2304ccb3cf34328332f4498816a" a9="9"
type=CWD msg=audit(1770083841.348:15628): cwd="/run/desktop-containerd/daemon/io.containerd.runtime.v2.task/moby/cf2afd5beab410f9c45e48c39ecaf66866b1b2304ccb3cf34328332f4498816a"
type=PATH msg=audit(1770083841.348:15628): item=0 name="/usr/bin/runc" inode=19738181 dev=00:18 mode=0100755 ouid=0 ogid=0 rdev=00:00 nametype=NORMAL cap_fp=0 cap_fi=0 cap_fe=0 cap_fver=0 cap_frootid=0
type=PATH msg=audit(1770083841.348:15628): item=1 name="/lib/ld-linux-aarch64.so.1" inode=19723136 dev=00:18 mode=0100755 ouid=0 ogid=0 rdev=00:00 nametype=NORMAL cap_fp=0 cap_fi=0 cap_fe=0 cap_fver=0 cap_frootid=0
type=PROCTITLE msg=audit(1770083841.348:15628): proctitle=72756E63002D2D726F6F74002F7661722F72756E2F646F636B65722F72756E74696D652D72756E632F6D6F6279002D2D6C6F67002F7661722F72756E2F6465736B746F702D636F6E7461696E6572642F6461656D6F6E2F696F2E636F6E7461696E6572642E72756E74696D652E76322E7461736B2F6D6F62792F636632616664
