type=DAEMON_START msg=audit(1770083834.516:5000): op=start ver=3.0.7 format=raw kernel=6.12.54-linuxkit auid=4294967295 pid=16819 uid=0 ses=4294967295 res=success
type=SYSCALL msg=audit(1770083834.516:15427): arch=c00000b7 syscall=206 success=yes exit=60 a0=3 a1=fffffbc09ab0 a2=3c a3=0 items=0 ppid=16818 pid=16819 auid=4294967295 uid=0 gid=0 euid=0 suid=0 fsuid=0 egid=0 sgid=0 fsgid=0 tty=(none) ses=4294967295 comm="auditd" exe="/usr/sbin/auditd" key=(null)
type=SOCKADDR msg=audit(1770083834.516:15427): saddr=100000000000000000000000
type=PROCTITLE msg=audit(1770083834.516:15427): proctitle="auditd"
type=CONFIG_CHANGE msg=audit(1770083834.516:15428): op=set audit_pid=16819 old=0 auid=4294967295 ses=4294967295 res=1
type=SYSCALL msg=audit(1770083834.516:15428): arch=c00000b7 syscall=206 success=yes exit=60 a0=3 a1=fffffbc07760 a2=3c a3=0 items=0 ppid=16818 pid=16819 auid=4294967295 uid=0 gid=0 euid=0 suid=0 fsuid=0 egid=0 sgid=0 fsgid=0 tty=(none) ses=4294967295 comm="auditd" exe="/usr/sbin/auditd" key=(null)
type=SOCKADDR msg=audit(1770083834.516:15428): saddr=100000000000000000000000
type=PROCTITLE msg=audit(1770083834.516:15428): proctitle="auditd"
type=SYSCALL msg=audit(1770083834.520:15429): arch=c00000b7 syscall=221 success=yes exit=0 a0=aaab0f838d78 a1=aaab0f838d08 a2=aaab0f838d40 a3=ffffb0e6cb58 items=2 ppid=16822 pid=16823 auid=4294967295 uid=0 gid=0 euid=0 suid=0 fsuid=0 egid=0 sgid=0 fsgid=0 tty=(none) ses=4294967295 comm="pidof" exe="/usr/sbin/killall5" key="exec"
type=EXECVE msg=audit(1770083834.520:15429): argc=2 a0="pidof" a1="auditd"
type=CWD msg=audit(1770083834.520:15429): cwd="/"
type=PATH msg=audit(1770083834.520:15429): item=0 name="/usr/bin/pidof" inode=2020 dev=00:3f mode=0100755 ouid=0 ogid=0 rdev=00:00 nametype=NORMAL cap_fp=0 cap_fi=0 cap_fe=0 cap_fver=0 cap_frootid=0
type=PATH msg=audit(1770083834.520:15429): item=1 name="/lib/ld-linux-aarch64.so.1" inode=858 dev=00:3f mode=0100755 ouid=0 ogid=0 rdev=00:00 nametype=NORMAL cap_fp=0 cap_fi=0 cap_fe=0 cap_fver=0 cap_frootid=0
type=PROCTITLE msg=audit(1770083834.520:15429): proctitle=7069646F6600617564697464
type=SYSCALL msg=audit(1770083834.526:15430): arch=c00000b7 syscall=221 success=yes exit=0 a0=aaaae534d6f0 a1=aaab0f838c30 a2=aaab0f838c48 a3=ffffb0e6cb58 items=2 ppid=16782 pid=16824 auid=4294967295 uid=0 gid=0 euid=0 suid=0 fsuid=0 egid=0 sgid=0 fsgid=0 tty=(none) ses=4294967295 comm="auditctl" exe="/usr/sbin/auditctl" key="exec"
type=EXECVE msg=audit(1770083834.526:15430): argc=2 a0="/usr/sbin/auditctl" a1="-D"
type=CWD msg=audit(1770083834.526:15430): cwd="/"
type=PATH msg=audit(1770083834.526:15430): item=0 name="/usr/sbin/auditctl" inode=103129 dev=00:3f mode=0100755 ouid=0 ogid=0 rdev=00:00 nametype=NORMAL cap_fp=0 cap_fi=0 cap_fe=0 cap_fver=0 cap_frootid=0
type=PATH msg=audit(1770083834.526:15430): item=1 name="/lib/ld-linux-aarch64.so.1" inode=858 dev=00:3f mode=0100755 ouid=0 ogid=0 rdev=00:00 nametype=NORMAL cap_fp=0 cap_fi=0 cap_fe=0 cap_fver=0 cap_frootid=0
type=PROCTITLE msg=audit(1770083834.526:15430): proctitle=2F7573722F7362696E2F617564697463746C002D44
type=CONFIG_CHANGE msg=audit(1770083834.527:15431): auid=4294967295 ses=4294967295 op=remove_rule key="exec" list=4 res=1
type=SYSCALL msg=audit(1770083834.527:15431): arch=c00000b7 syscall=206 success=yes exit=1060 a0=3 a1=fffff902a100 a2=424 a3=0 items=0 ppid=16782 pid=16824 auid=4294967295 uid=0 gid=0 euid=0 suid=0 fsuid=0 egid=0 sgid=0 fsgid=0 tty=(none) ses=4294967295 comm="auditctl" exe="/usr/sbin/auditctl" key=(null)
type=SOCKADDR msg=audit(1770083834.527:15431): saddr=100000000000000000000000
type=PROCTITLE msg=audit(1770083834.527:15431): proctitle=2F7573722F7362696E2F617564697463746C002D44
type=CONFIG_CHANGE msg=audit(1770083834.527:15432): auid=4294967295 ses=4294967295 op=remove_rule key="fs_watch" list=4 res=1
type=SYSCALL msg=audit(1770083834.527:15432): arch=c00000b7 syscall=206 success=yes exit=1072 a0=3 a1=fffff902a100 a2=430 a3=0 items=0 ppid=16782 pid=16824 auid=4294967295 uid=0 gid=0 euid=0 suid=0 fsuid=0 egid=0 sgid=0 fsgid=0 tty=(none) ses=4294967295 comm="auditctl" exe="/usr/sbin/auditctl" key=(null)
type=SOCKADDR msg=audit(1770083834.527:15432): saddr=100000000000000000000000
type=PROCTITLE msg=audit(1770083834.527:15432): proctitle=2F7573722F7362696E2F617564697463746C002D44
type=CONFIG_CHANGE msg=audit(1770083834.527:15433): auid=4294967295 ses=4294967295 op=remove_rule key="fs_change" list=4 res=1
type=SYSCALL msg=audit(1770083834.527:15433): arch=c00000b7 syscall=206 success=yes exit=1072 a0=3 a1=fffff902a100 a2=430 a3=0 items=0 ppid=16782 pid=16824 auid=4294967295 uid=0 gid=0 euid=0 suid=0 fsuid=0 egid=0 sgid=0 fsgid=0 tty=(none) ses=4294967295 comm="auditctl" exe="/usr/sbin/auditctl" key=(null)
type=SOCKADDR msg=audit(1770083834.527:15433): saddr=100000000000000000000000
type=PROCTITLE msg=audit(1770083834.527:15433): proctitle=2F7573722F7362696E2F617564697463746C002D44
type=CONFIG_CHANGE msg=audit(1770083834.527:15434): auid=4294967295 ses=4294967295 op=remove_rule key="fs_meta" list=4 res=1
type=SYSCALL msg=audit(1770083834.527:15434): arch=c00000b7 syscall=206 success=yes exit=1068 a0=3 a1=fffff902a100 a2=42c a3=0 items=0 ppid=16782 pid=16824 auid=4294967295 uid=0 gid=0 euid=0 suid=0 fsuid=0 egid=0 sgid=0 fsgid=0 tty=(none) ses=4294967295 comm="auditctl" exe="/usr/sbin/auditctl" key=(null)
type=SOCKADDR msg=audit(1770083834.527:15434): saddr=100000000000000000000000
type=PROCTITLE msg=audit(1770083834.527:15434): proctitle=2F7573722F7362696E2F617564697463746C002D44
type=CONFIG_CHANGE msg=audit(1770083834.528:15435): op=set audit_backlog_limit=8192 old=8192 auid=4294967295 ses=4294967295 res=1
type=SYSCALL msg=audit(1770083834.528:15435): arch=c00000b7 syscall=206 success=yes exit=60 a0=3 a1=ffffed19e4c0 a2=3c a3=0 items=0 ppid=16782 pid=16827 auid=4294967295 uid=0 gid=0 euid=0 suid=0 fsuid=0 egid=0 sgid=0 fsgid=0 tty=(none) ses=4294967295 comm="auditctl" exe="/usr/sbin/auditctl" key=(null)
type=SOCKADDR msg=audit(1770083834.528:15435): saddr=100000000000000000000000
type=PROCTITLE msg=audit(1770083834.528:15435): proctitle=2F7573722F7362696E2F617564697463746C002D52002F6574632F61756469742F72756C65732E642F6861726E6573732E72756C6573
type=CONFIG_CHANGE msg=audit(1770083834.529:15436): op=set audit_failure=1 old=1 auid=4294967295 ses=4294967295 res=1
type=SYSCALL msg=audit(1770083834.529:15436): arch=c00000b7 syscall=206 success=yes exit=60 a0=3 a1=ffffed19e4c0 a2=3c a3=0 items=0 ppid=16782 pid=16827 auid=4294967295 uid=0 gid=0 euid=0 suid=0 fsuid=0 egid=0 sgid=0 fsgid=0 tty=(none) ses=4294967295 comm="auditctl" exe="/usr/sbin/auditctl" key=(null)
type=SOCKADDR msg=audit(1770083834.529:15436): saddr=100000000000000000000000
type=PROCTITLE msg=audit(1770083834.529:15436): proctitle=2F7573722F7362696E2F617564697463746C002D52002F6574632F61756469742F72756C65732E642F6861726E6573732E72756C6573
type=CONFIG_CHANGE msg=audit(1770083834.529:15437): op=set audit_enabled=1 old=1 auid=4294967295 ses=4294967295 res=1
type=SYSCALL msg=audit(1770083834.529:15437): arch=c00000b7 syscall=206 success=yes exit=60 a0=3 a1=ffffed19e4c0 a2=3c a3=0 items=0 ppid=16782 pid=16827 auid=4294967295 uid=0 gid=0 euid=0 suid=0 fsuid=0 egid=0 sgid=0 fsgid=0 tty=(none) ses=4294967295 comm="auditctl" exe="/usr/sbin/auditctl" key=(null)
type=SOCKADDR msg=audit(1770083834.529:15437): saddr=100000000000000000000000
type=PROCTITLE msg=audit(1770083834.529:15437): proctitle=2F7573722F7362696E2F617564697463746C002D52002F6574632F61756469742F72756C65732E642F6861726E6573732E72756C6573
type=CONFIG_CHANGE msg=audit(1770083834.529:15438): auid=4294967295 ses=4294967295 op=add_rule key="exec" list=4 res=1
type=SYSCALL msg=audit(1770083834.529:15438): arch=c00000b7 syscall=206 success=yes exit=1060 a0=3 a1=ffffed19e580 a2=424 a3=0 items=0 ppid=16782 pid=16827 auid=4294967295 uid=0 gid=0 euid=0 suid=0 fsuid=0 egid=0 sgid=0 fsgid=0 tty=(none) ses=4294967295 comm="auditctl" exe="/usr/sbin/auditctl" key=(null)
type=SOCKADDR msg=audit(1770083834.529:15438): saddr=100000000000000000000000
type=PROCTITLE msg=audit(1770083834.529:15438): proctitle=2F7573722F7362696E2F617564697463746C002D52002F6574632F61756469742F72756C65732E642F6861726E6573732E72756C6573
type=CONFIG_CHANGE msg=audit(1770083834.529:15439): auid=4294967295 ses=4294967295 op=add_rule key="fs_watch" list=4 res=1
type=SYSCALL msg=audit(1770083834.529:15439): arch=c00000b7 syscall=206 success=yes exit=1072 a0=3 a1=ffffed19e580 a2=430 a3=0 items=1 ppid=16782 pid=16827 auid=4294967295 uid=0 gid=0 euid=0 suid=0 fsuid=0 egid=0 sgid=0 fsgid=0 tty=(none) ses=4294967295 comm="auditctl" exe="/usr/sbin/auditctl" key=(null)
type=SOCKADDR msg=audit(1770083834.529:15439): saddr=100000000000000000000000
type=CWD msg=audit(1770083834.529:15439): cwd="/"
type=PATH msg=audit(1770083834.529:15439): item=0 name="/work" inode=5 dev=00:2d mode=040755 ouid=0 ogid=0 rdev=00:00 nametype=NORMAL cap_fp=0 cap_fi=0 cap_fe=0 cap_fver=0 cap_frootid=0
type=PROCTITLE msg=audit(1770083834.529:15439): proctitle=2F7573722F7362696E2F617564697463746C002D52002F6574632F61756469742F72756C65732E642F6861726E6573732E72756C6573
type=CONFIG_CHANGE msg=audit(1770083834.529:15440): auid=4294967295 ses=4294967295 op=add_rule key="fs_change" list=4 res=1
type=SYSCALL msg=audit(1770083834.529:15440): arch=c00000b7 syscall=206 success=yes exit=1072 a0=3 a1=ffffed19e580 a2=430 a3=0 items=0 ppid=16782 pid=16827 auid=4294967295 uid=0 gid=0 euid=0 suid=0 fsuid=0 egid=0 sgid=0 fsgid=0 tty=(none) ses=4294967295 comm="auditctl" exe="/usr/sbin/auditctl" key=(null)
type=SOCKADDR msg=audit(1770083834.529:15440): saddr=100000000000000000000000
type=PROCTITLE msg=audit(1770083834.529:15440): proctitle=2F7573722F7362696E2F617564697463746C002D52002F6574632F61756469742F72756C65732E642F6861726E6573732E72756C6573
type=CONFIG_CHANGE msg=audit(1770083834.529:15441): auid=4294967295 ses=4294967295 op=add_rule key="fs_meta" list=4 res=1
type=SYSCALL msg=audit(1770083834.529:15441): arch=c00000b7 syscall=206 success=yes exit=1068 a0=3 a1=ffffed19e580 a2=42c a3=0 items=0 ppid=16782 pid=16827 auid=4294967295 uid=0 gid=0 euid=0 suid=0 fsuid=0 egid=0 sgid=0 fsgid=0 tty=(none) ses=4294967295 comm="auditctl" exe="/usr/sbin/auditctl" key=(null)
type=SOCKADDR msg=audit(1770083834.529:15441): saddr=100000000000000000000000
type=PROCTITLE msg=audit(1770083834.529:15441): proctitle=2F7573722F7362696E2F617564697463746C002D52002F6574632F61756469742F72756C65732E642F6861726E6573732E72756C6573
type=SYSCALL msg=audit(1770083834.530:15442): arch=c00000b7 syscall=221 success=yes exit=0 a0=aaab0f838d18 a1=aaab0f8390a8 a2=aaab0f839128 a3=ffffb0e6cb58 items=2 ppid=16782 pid=16835 auid=4294967295 uid=0 gid=0 euid=0 suid=0 fsuid=0 egid=0 sgid=0 fsgid=0 tty=(none) ses=4294967295 comm="env" exe="/usr/bin/env" key="exec"
type=EXECVE msg=audit(1770083834.530:15442): argc=11 a0="/usr/bin/env" a1="COLLECTOR_EBPF_FILTER_CONFIG=/etc/collector/ebpf_filtering.yaml" a2="COLLECTOR_AUDIT_LOG=/logs/audit_ab_no_cgroup.log" a3="COLLECTOR_EBPF_LOG=/logs/ebpf_ab_no_cgroup.jsonl" a4="COLLECTOR_EBPF_FILTER_OUTPUT=/logs/filtered_ebpf.jsonl" a5="/usr/local/bin/collector-ebpf-filter" a6="--config" a7="/etc/collector/ebpf_filtering.yaml" a8="--follow" a9="--poll-interval" a10="0.5"
type=CWD msg=audit(1770083834.530:15442): cwd="/"
type=PATH msg=audit(1770083834.530:15442): item=0 name="/usr/bin/env" inode=364 dev=00:3f mode=0100755 ouid=0 ogid=0 rdev=00:00 nametype=NORMAL cap_fp=0 cap_fi=0 cap_fe=0 cap_fver=0 cap_frootid=0
type=PATH msg=audit(1770083834.530:15442): item=1 name="/lib/ld-linux-aarch64.so.1" inode=858 dev=00:3f mode=0100755 ouid=0 ogid=0 rdev=00:00 nametype=NORMAL cap_fp=0 cap_fi=0 cap_fe=0 cap_fver=0 cap_frootid=0
type=PROCTITLE msg=audit(1770083834.530:15442): proctitle=2F7573722F62696E2F656E7600434F4C4C4543544F525F454250465F46494C5445525F434F4E4649473D2F6574632F636F6C6C6563746F722F656270665F66696C746572696E672E79616D6C00434F4C4C4543544F525F41554449545F4C4F473D2F6C6F67732F61756469745F61625F6E6F5F6367726F75702E6C6F6700434F
type=SYSCALL msg=audit(1770083834.530:15443): arch=c00000b7 syscall=221 success=yes exit=0 a0=aaaae534d678 a1=aaab0f838cc8 a2=aaab0f838cf0 a3=ffffb0e6cb58 items=2 ppid=16782 pid=16836 auid=4294967295 uid=0 gid=0 euid=0 suid=0 fsuid=0 egid=0 sgid=0 fsgid=0 tty=(none) ses=4294967295 comm="env" exe="/usr/bin/env" key="exec"
type=EXECVE msg=audit(1770083834.530:15443): argc=4 a0="/usr/bin/env" a1="COLLECTOR_EBPF_OUTPUT=/logs/ebpf_ab_no_cgroup.jsonl" a2="COLLECTOR_EBPF_BPF=/usr/local/share/collector/collector-ebpf.o" a3="/usr/local/bin/collector-ebpf-loader"
type=CWD msg=audit(1770083834.530:15443): cwd="/"
type=PATH msg=audit(1770083834.530:15443): item=0 name="/usr/bin/env" inode=364 dev=00:3f mode=0100755 ouid=0 ogid=0 rdev=00:00 nametype=NORMAL cap_fp=0 cap_fi=0 cap_fe=0 cap_fver=0 cap_frootid=0
type=PATH msg=audit(1770083834.530:15443): item=1 name="/lib/ld-linux-aarch64.so.1" inode=858 dev=00:3f mode=0100755 ouid=0 ogid=0 rdev=00:00 nametype=NORMAL cap_fp=0 cap_fi=0 cap_fe=0 cap_fver=0 cap_frootid=0
type=PROCTITLE msg=audit(1770083834.530:15443): proctitle=2F7573722F62696E2F656E7600434F4C4C4543544F525F454250465F4F55545055543D2F6C6F67732F656270665F61625F6E6F5F6367726F75702E6A736F6E6C00434F4C4C4543544F525F454250465F4250463D2F7573722F6C6F63616C2F73686172652F636F6C6C6563746F722F636F6C6C6563746F722D656270662E6F
type=SYSCALL msg=audit(1770083834.530:15444): arch=c00000b7 syscall=221 success=yes exit=0 a0=aaab0f838c40 a1=aaab0f838f20 a2=aaab0f838f68 a3=ffffb0e6cb58 items=2 ppid=16782 pid=16834 auid=4294967295 uid=0 gid=0 euid=0 suid=0 fsuid=0 egid=0 sgid=0 fsgid=0 tty=(none) ses=4294967295 comm="env" exe="/usr/bin/env" key="exec"
type=EXECVE msg=audit(1770083834.530:15444): argc=8 a0="/usr/bin/env" a1="COLLECTOR_FILTER_CONFIG=/etc/collector/filtering.yaml" a2="COLLECTOR_AUDIT_LOG=/logs/audit_ab_no_cgroup.log" a3="COLLECTOR_FILTER_OUTPUT=/logs/filtered_audit.jsonl" a4="/usr/local/bin/collector-audit-filter" a5="--config" a6="/etc/collector/filtering.yaml" a7="--follow"
type=CWD msg=audit(1770083834.530:15444): cwd="/"
type=PATH msg=audit(1770083834.530:15444): item=0 name="/usr/bin/env" inode=364 dev=00:3f mode=0100755 ouid=0 ogid=0 rdev=00:00 nametype=NORMAL cap_fp=0 cap_fi=0 cap_fe=0 cap_fver=0 cap_frootid=0
type=PATH msg=audit(1770083834.530:15444): item=1 name="/lib/ld-linux-aarch64.so.1" inode=858 dev=00:3f mode=0100755 ouid=0 ogid=0 rdev=00:00 nametype=NORMAL cap_fp=0 cap_fi=0 cap_fe=0 cap_fver=0 cap_frootid=0
type=PROCTITLE msg=audit(1770083834.530:15444): proctitle=2F7573722F62696E2F656E7600434F4C4C4543544F525F46494C5445525F434F4E4649473D2F6574632F636F6C6C6563746F722F66696C746572696E672E79616D6C00434F4C4C4543544F525F41554449545F4C4F473D2F6C6F67732F61756469745F61625F6E6F5F6367726F75702E6C6F6700434F4C4C4543544F525F4649
type=SYSCALL msg=audit(1770083834.530:15445): arch=c00000b7 syscall=221 success=yes exit=0 a0=fffff27bfeaf a1=fffff27bfaa0 a2=aaaaf8a93400 a3=3ffffc9effabc items=3 ppid=16782 pid=16835 auid=4294967295 uid=0 gid=0 euid=0 suid=0 fsuid=0 egid=0 sgid=0 fsgid=0 tty=(none) ses=4294967295 comm="collector-ebpf-" exe="/usr/bin/env" key="exec"
type=EXECVE msg=audit(1770083834.530:15445): argc=8 a0="/usr/bin/env" a1="python3" a2="/usr/local/bin/collector-ebpf-filter" a3="--config" a4="/etc/collector/ebpf_filtering.yaml" a5="--follow" a6="--poll-interval" a7="0.5"
type=CWD msg=audit(1770083834.530:15445): cwd="/"
type=PATH msg=audit(1770083834.530:15445): item=0 name="/usr/local/bin/collector-ebpf-filter" inode=209222 dev=00:3f mode=0100755 ouid=0 ogid=0 rdev=00:00 nametype=NORMAL cap_fp=0 cap_fi=0 cap_fe=0 cap_fver=0 cap_frootid=0
type=PATH msg=audit(1770083834.530:15445): item=1 name="/usr/bin/env" inode=364 dev=00:3f mode=0100755 ouid=0 ogid=0 rdev=00:00 nametype=NORMAL cap_fp=0 cap_fi=0 cap_fe=0 cap_fver=0 cap_frootid=0
type=PATH msg=audit(1770083834.530:15445): item=2 name="/lib/ld-linux-aarch64.so.1" inode=858 dev=00:3f mode=0100755 ouid=0 ogid=0 rdev=00:00 nametype=NORMAL cap_fp=0 cap_fi=0 cap_fe=0 cap_fver=0 cap_frootid=0
type=PROCTITLE msg=audit(1770083834.530:15445): proctitle=2F7573722F62696E2F656E7600434F4C4C4543544F525F454250465F46494C5445525F434F4E4649473D2F6574632F636F6C6C6563746F722F656270665F66696C746572696E672E79616D6C00434F4C4C4543544F525F41554449545F4C4F473D2F6C6F67732F61756469745F61625F6E6F5F6367726F75702E6C6F6700434F
type=SYSCALL msg=audit(1770083834.530:15446): arch=c00000b7 syscall=221 success=no exit=-2 a0=ffffc243b510 a1=ffffc243b8f0 a2=ffffc243b930 a3=ffffc243b510 items=1 ppid=16782 pid=16835 auid=4294967295 uid=0 gid=0 euid=0 suid=0 fsuid=0 egid=0 sgid=0 fsgid=0 tty=(none) ses=4294967295 comm="collector-ebpf-" exe="/usr/bin/env" key="exec"
type=CWD msg=audit(1770083834.530:15446): cwd="/"
type=PATH msg=audit(1770083834.530:15446): item=0 name="/usr/local/sbin/python3" nametype=UNKNOWN cap_fp=0 cap_fi=0 cap_fe=0 cap_fver=0 cap_frootid=0
type=PROCTITLE msg=audit(1770083834.530:15446): proctitle=2F7573722F62696E2F656E7600434F4C4C4543544F525F454250465F46494C5445525F434F4E4649473D2F6574632F636F6C6C6563746F722F656270665F66696C746572696E672E79616D6C00434F4C4C4543544F525F41554449545F4C4F473D2F6C6F67732F61756469745F61625F6E6F5F6367726F75702E6C6F6700434F
type=SYSCALL msg=audit(1770083834.530:15447): arch=c00000b7 syscall=221 success=no exit=-2 a0=ffffc243b510 a1=ffffc243b8f0 a2=ffffc243b930 a3=ffffc243b510 items=1 ppid=16782 pid=16835 auid=4294967295 uid=0 gid=0 euid=0 suid=0 fsuid=0 egid=0 sgid=0 fsgid=0 tty=(none) ses=4294967295 comm="collector-ebpf-" exe="/usr/bin/env" key="exec"
type=CWD msg=audit(1770083834.530:15447): cwd="/"
type=PATH msg=audit(1770083834.530:15447): item=0 name="/usr/local/bin/python3" nametype=UNKNOWN cap_fp=0 cap_fi=0 cap_fe=0 cap_fver=0 cap_frootid=0
type=PROCTITLE msg=audit(1770083834.530:15447): proctitle=2F7573722F62696E2F656E7600434F4C4C4543544F525F454250465F46494C5445525F434F4E4649473D2F6574632F636F6C6C6563746F722F656270665F66696C746572696E672E79616D6C00434F4C4C4543544F525F41554449545F4C4F473D2F6C6F67732F61756469745F61625F6E6F5F6367726F75702E6C6F6700434F
type=SYSCALL msg=audit(1770083834.530:15448): arch=c00000b7 syscall=221 success=no exit=-2 a0=ffffc243b510 a1=ffffc243b8f0 a2=ffffc243b930 a3=ffffc243b510 items=1 ppid=16782 pid=16835 auid=4294967295 uid=0 gid=0 euid=0 suid=0 fsuid=0 egid=0 sgid=0 fsgid=0 tty=(none) ses=4294967295 comm="collector-ebpf-" exe="/usr/bin/env" key="exec"
type=CWD msg=audit(1770083834.530:15448): cwd="/"
type=PATH msg=audit(1770083834.530:15448): item=0 name="/usr/sbin/python3" nametype=UNKNOWN cap_fp=0 cap_fi=0 cap_fe=0 cap_fver=0 cap_frootid=0
type=PROCTITLE msg=audit(1770083834.530:15448): proctitle=2F7573722F62696E2F656E7600434F4C4C4543544F525F454250465F46494C5445525F434F4E4649473D2F6574632F636F6C6C6563746F722F656270665F66696C746572696E672E79616D6C00434F4C4C4543544F525F41554449545F4C4F473D2F6C6F67732F61756469745F61625F6E6F5F6367726F75702E6C6F6700434F
type=SYSCALL msg=audit(1770083834.530:15449): arch=c00000b7 syscall=221 success=yes exit=0 a0=ffffc243b510 a1=ffffc243b8f0 a2=ffffc243b930 a3=ffffc243b510 items=2 ppid=16782 pid=16835 auid=4294967295 uid=0 gid=0 euid=0 suid=0 fsuid=0 egid=0 sgid=0 fsgid=0 tty=(none) ses=4294967295 comm="python3" exe="/usr/bin/python3.10" key="exec"
type=EXECVE msg=audit(1770083834.530:15449): argc=7 a0="python3" a1="/usr/local/bin/collector-ebpf-filter" a2="--config" a3="/etc/collector/ebpf_filtering.yaml" a4="--follow" a5="--poll-interval" a6="0.5"
type=CWD msg=audit(1770083834.530:15449): cwd="/"
type=PATH msg=audit(1770083834.530:15449): item=0 name="/usr/bin/python3" inode=101844 dev=00:3f mode=0100755 ouid=0 ogid=0 rdev=00:00 nametype=NORMAL cap_fp=0 cap_fi=0 cap_fe=0 cap_fver=0 cap_frootid=0
type=PATH msg=audit(1770083834.530:15449): item=1 name="/lib/ld-linux-aarch64.so.1" inode=858 dev=00:3f mode=0100755 ouid=0 ogid=0 rdev=00:00 nametype=NORMAL cap_fp=0 cap_fi=0 cap_fe=0 cap_fver=0 cap_frootid=0
type=PROCTITLE msg=audit(1770083834.530:15449): proctitle=2F7573722F62696E2F656E7600434F4C4C4543544F525F454250465F46494C5445525F434F4E4649473D2F6574632F636F6C6C6563746F722F656270665F66696C746572696E672E79616D6C00434F4C4C4543544F525F41554449545F4C4F473D2F6C6F67732F61756469745F61625F6E6F5F6367726F75702E6C6F6700434F
type=SYSCALL msg=audit(1770083834.531:15450): arch=c00000b7 syscall=221 success=yes exit=0 a0=aaab0f839180 a1=aaab0f839298 a2=aaab0f8392e8 a3=ffffb0e6cb58 items=2 ppid=16837 pid=16840 auid=4294967295 uid=0 gid=0 euid=0 suid=0 fsuid=0 egid=0 sgid=0 fsgid=0 tty=(none) ses=4294967295 comm="env" exe="/usr/bin/env" key="exec"
type=EXECVE msg=audit(1770083834.531:15450): argc=5 a0="/usr/bin/env" a1="COLLECTOR_EBPF_SUMMARY_CONFIG=/etc/collector/ebpf_summary.yaml" a2="/usr/local/bin/collector-ebpf-summary" a3="--config" a4="/etc/collector/ebpf_summary.yaml"
type=CWD msg=audit(1770083834.531:15450): cwd="/"
type=PATH msg=audit(1770083834.531:15450): item=0 name="/usr/bin/env" inode=364 dev=00:3f mode=0100755 ouid=0 ogid=0 rdev=00:00 nametype=NORMAL cap_fp=0 cap_fi=0 cap_fe=0 cap_fver=0 cap_frootid=0
type=PATH msg=audit(1770083834.531:15450): item=1 name="/lib/ld-linux-aarch64.so.1" inode=858 dev=00:3f mode=0100755 ouid=0 ogid=0 rdev=00:00 nametype=NORMAL cap_fp=0 cap_fi=0 cap_fe=0 cap_fver=0 cap_frootid=0
type=PROCTITLE msg=audit(1770083834.531:15450): proctitle=2F7573722F62696E2F656E7600434F4C4C4543544F525F454250465F53554D4D4152595F434F4E4649473D2F6574632F636F6C6C6563746F722F656270665F73756D6D6172792E79616D6C002F7573722F6C6F63616C2F62696E2F636F6C6C6563746F722D656270662D73756D6D617279002D2D636F6E666967002F6574632F
type=SYSCALL msg=audit(1770083834.530:15451): arch=c00000b7 syscall=221 success=yes exit=0 a0=ffffde825ef8 a1=ffffde825c80 a2=aaaadca97400 a3=3ffff7a097be0 items=2 ppid=16782 pid=16836 auid=4294967295 uid=0 gid=0 euid=0 suid=0 fsuid=0 egid=0 sgid=0 fsgid=0 tty=(none) ses=4294967295 comm="collector-ebpf-" exe="/usr/local/bin/collector-ebpf-loader" key="exec"
type=EXECVE msg=audit(1770083834.530:15451): argc=1 a0="/usr/local/bin/collector-ebpf-loader"
type=CWD msg=audit(1770083834.530:15451): cwd="/"
type=PATH msg=audit(1770083834.530:15451): item=0 name="/usr/local/bin/collector-ebpf-loader" inode=103577 dev=00:3f mode=0100755 ouid=0 ogid=0 rdev=00:00 nametype=NORMAL cap_fp=0 cap_fi=0 cap_fe=0 cap_fver=0 cap_frootid=0
type=PATH msg=audit(1770083834.530:15451): item=1 name="/lib/ld-linux-aarch64.so.1" inode=858 dev=00:3f mode=0100755 ouid=0 ogid=0 rdev=00:00 nametype=NORMAL cap_fp=0 cap_fi=0 cap_fe=0 cap_fver=0 cap_frootid=0
type=PROCTITLE msg=audit(1770083834.530:15451): proctitle=2F7573722F62696E2F656E7600434F4C4C4543544F525F454250465F4F55545055543D2F6C6F67732F656270665F61625F6E6F5F6367726F75702E6A736F6E6C00434F4C4C4543544F525F454250465F4250463D2F7573722F6C6F63616C2F73686172652F636F6C6C6563746F722F636F6C6C6563746F722D656270662E6F
type=SYSCALL msg=audit(1770083834.530:15452): arch=c00000b7 syscall=221 success=yes exit=0 a0=fffff7690ec7 a1=fffff76908f8 a2=aaaaf21c1400 a3=3ffffdda43b1c items=3 ppid=16782 pid=16834 auid=4294967295 uid=0 gid=0 euid=0 suid=0 fsuid=0 egid=0 sgid=0 fsgid=0 tty=(none) ses=4294967295 comm="collector-audit" exe="/usr/bin/env" key="exec"
type=EXECVE msg=audit(1770083834.530:15452): argc=6 a0="/usr/bin/env" a1="python3" a2="/usr/local/bin/collector-audit-filter" a3="--config" a4="/etc/collector/filtering.yaml" a5="--follow"
type=CWD msg=audit(1770083834.530:15452): cwd="/"
type=PATH msg=audit(1770083834.530:15452): item=0 name="/usr/local/bin/collector-audit-filter" inode=209157 dev=00:3f mode=0100755 ouid=0 ogid=0 rdev=00:00 nametype=NORMAL cap_fp=0 cap_fi=0 cap_fe=0 cap_fver=0 cap_frootid=0
type=PATH msg=audit(1770083834.530:15452): item=1 name="/usr/bin/env" inode=364 dev=00:3f mode=0100755 ouid=0 ogid=0 rdev=00:00 nametype=NORMAL cap_fp=0 cap_fi=0 cap_fe=0 cap_fver=0 cap_frootid=0
type=PATH msg=audit(1770083834.530:15452): item=2 name="/lib/ld-linux-aarch64.so.1" inode=858 dev=00:3f mode=0100755 ouid=0 ogid=0 rdev=00:00 nametype=NORMAL cap_fp=0 cap_fi=0 cap_fe=0 cap_fver=0 cap_frootid=0
type=PROCTITLE msg=audit(1770083834.530:15452): proctitle=2F7573722F62696E2F656E7600434F4C4C4543544F525F46494C5445525F434F4E4649473D2F6574632F636F6C6C6563746F722F66696C746572696E672E79616D6C00434F4C4C4543544F525F41554449545F4C4F473D2F6C6F67732F61756469745F61625F6E6F5F6367726F75702E6C6F6700434F4C4C4543544F525F4649
type=SYSCALL msg=audit(1770083834.531:15453): arch=c00000b7 syscall=221 success=yes exit=0 a0=ffffe3473ecd a1=ffffe3472f08 a2=aaaad6a5b400 a3=3ffff8d1cfb34 items=3 ppid=16837 pid=16840 auid=4294967295 uid=0 gid=0 euid=0 suid=0 fsuid=0 egid=0 sgid=0 fsgid=0 tty=(none) ses=4294967295 comm="collector-ebpf-" exe="/usr/bin/env" key="exec"
type=EXECVE msg=audit(1770083834.531:15453): argc=5 a0="/usr/bin/env" a1="python3" a2="/usr/local/bin/collector-ebpf-summary" a3="--config" a4="/etc/collector/ebpf_summary.yaml"
type=CWD msg=audit(1770083834.531:15453): cwd="/"
type=PATH msg=audit(1770083834.531:15453): item=0 name="/usr/local/bin/collector-ebpf-summary" inode=209223 dev=00:3f mode=0100755 ouid=0 ogid=0 rdev=00:00 nametype=NORMAL cap_fp=0 cap_fi=0 cap_fe=0 cap_fver=0 cap_frootid=0
type=PATH msg=audit(1770083834.531:15453): item=1 name="/usr/bin/env" inode=364 dev=00:3f mode=0100755 ouid=0 ogid=0 rdev=00:00 nametype=NORMAL cap_fp=0 cap_fi=0 cap_fe=0 cap_fver=0 cap_frootid=0
type=PATH msg=audit(1770083834.531:15453): item=2 name="/lib/ld-linux-aarch64.so.1" inode=858 dev=00:3f mode=0100755 ouid=0 ogid=0 rdev=00:00 nametype=NORMAL cap_fp=0 cap_fi=0 cap_fe=0 cap_fver=0 cap_frootid=0
type=PROCTITLE msg=audit(1770083834.531:15453): proctitle=2F7573722F62696E2F656E7600434F4C4C4543544F525F454250465F53554D4D4152595F434F4E4649473D2F6574632F636F6C6C6563746F722F656270665F73756D6D6172792E79616D6C002F7573722F6C6F63616C2F62696E2F636F6C6C6563746F722D656270662D73756D6D617279002D2D636F6E666967002F6574632F
type=SYSCALL msg=audit(1770083834.531:15454): arch=c00000b7 syscall=221 success=no exit=-2 a0=fffff80b52f0 a1=fffff80b56d0 a2=fffff80b56f8 a3=fffff80b52f0 items=1 ppid=16837 pid=16840 auid=4294967295 uid=0 gid=0 euid=0 suid=0 fsuid=0 egid=0 sgid=0 fsgid=0 tty=(none) ses=4294967295 comm="collector-ebpf-" exe="/usr/bin/env" key="exec"
type=CWD msg=audit(1770083834.531:15454): cwd="/"
type=PATH msg=audit(1770083834.531:15454): item=0 name="/usr/local/sbin/python3" nametype=UNKNOWN cap_fp=0 cap_fi=0 cap_fe=0 cap_fver=0 cap_frootid=0
type=PROCTITLE msg=audit(1770083834.531:15454): proctitle=2F7573722F62696E2F656E7600434F4C4C4543544F525F454250465F53554D4D4152595F434F4E4649473D2F6574632F636F6C6C6563746F722F656270665F73756D6D6172792E79616D6C002F7573722F6C6F63616C2F62696E2F636F6C6C6563746F722D656270662D73756D6D617279002D2D636F6E666967002F6574632F
type=SYSCALL msg=audit(1770083834.531:15455): arch=c00000b7 syscall=221 success=no exit=-2 a0=fffff80b52f0 a1=fffff80b56d0 a2=fffff80b56f8 a3=fffff80b52f0 items=1 ppid=16837 pid=16840 auid=4294967295 uid=0 gid=0 euid=0 suid=0 fsuid=0 egid=0 sgid=0 fsgid=0 tty=(none) ses=4294967295 comm="collector-ebpf-" exe="/usr/bin/env" key="exec"
type=CWD msg=audit(1770083834.531:15455): cwd="/"
type=PATH msg=audit(1770083834.531:15455): item=0 name="/usr/local/bin/python3" nametype=UNKNOWN cap_fp=0 cap_fi=0 cap_fe=0 cap_fver=0 cap_frootid=0
type=PROCTITLE msg=audit(1770083834.531:15455): proctitle=2F7573722F62696E2F656E7600434F4C4C4543544F525F454250465F53554D4D4152595F434F4E4649473D2F6574632F636F6C6C6563746F722F656270665F73756D6D6172792E79616D6C002F7573722F6C6F63616C2F62696E2F636F6C6C6563746F722D656270662D73756D6D617279002D2D636F6E666967002F6574632F
type=SYSCALL msg=audit(1770083834.531:15456): arch=c00000b7 syscall=221 success=no exit=-2 a0=fffff80b52f0 a1=fffff80b56d0 a2=fffff80b56f8 a3=fffff80b52f0 items=1 ppid=16837 pid=16840 auid=4294967295 uid=0 gid=0 euid=0 suid=0 fsuid=0 egid=0 sgid=0 fsgid=0 tty=(none) ses=4294967295 comm="collector-ebpf-" exe="/usr/bin/env" key="exec"
type=CWD msg=audit(1770083834.531:15456): cwd="/"
type=PATH msg=audit(1770083834.531:15456): item=0 name="/usr/sbin/python3" nametype=UNKNOWN cap_fp=0 cap_fi=0 cap_fe=0 cap_fver=0 cap_frootid=0
type=PROCTITLE msg=audit(1770083834.531:15456): proctitle=2F7573722F62696E2F656E7600434F4C4C4543544F525F454250465F53554D4D4152595F434F4E4649473D2F6574632F636F6C6C6563746F722F656270665F73756D6D6172792E79616D6C002F7573722F6C6F63616C2F62696E2F636F6C6C6563746F722D656270662D73756D6D617279002D2D636F6E666967002F6574632F
type=SYSCALL msg=audit(1770083834.531:15457): arch=c00000b7 syscall=221 success=yes exit=0 a0=aaab0f839128 a1=aaab0f839240 a2=aaab0f839290 a3=ffffb0e6cb58 items=2 ppid=16838 pid=16841 auid=4294967295 uid=0 gid=0 euid=0 suid=0 fsuid=0 egid=0 sgid=0 fsgid=0 tty=(none) ses=4294967295 comm="env" exe="/usr/bin/env" key="exec"
type=EXECVE msg=audit(1770083834.531:15457): argc=5 a0="/usr/bin/env" a1="COLLECTOR_MERGE_CONFIG=/etc/collector/merge_filtering.yaml" a2="/usr/local/bin/collector-merge-filtered" a3="--config" a4="/etc/collector/merge_filtering.yaml"
type=CWD msg=audit(1770083834.531:15457): cwd="/"
type=PATH msg=audit(1770083834.531:15457): item=0 name="/usr/bin/env" inode=364 dev=00:3f mode=0100755 ouid=0 ogid=0 rdev=00:00 nametype=NORMAL cap_fp=0 cap_fi=0 cap_fe=0 cap_fver=0 cap_frootid=0
type=PATH msg=audit(1770083834.531:15457): item=1 name="/lib/ld-linux-aarch64.so.1" inode=858 dev=00:3f mode=0100755 ouid=0 ogid=0 rdev=00:00 nametype=NORMAL cap_fp=0 cap_fi=0 cap_fe=0 cap_fver=0 cap_frootid=0
type=PROCTITLE msg=audit(1770083834.531:15457): proctitle=2F7573722F62696E2F656E7600434F4C4C4543544F525F4D455247455F434F4E4649473D2F6574632F636F6C6C6563746F722F6D657267655F66696C746572696E672E79616D6C002F7573722F6C6F63616C2F62696E2F636F6C6C6563746F722D6D657267652D66696C7465726564002D2D636F6E666967002F6574632F636F
type=SYSCALL msg=audit(1770083834.531:15458): arch=c00000b7 syscall=221 success=no exit=-2 a0=ffffe7df9cc0 a1=ffffe7dfa0a0 a2=ffffe7dfa0d0 a3=ffffe7df9cc0 items=1 ppid=16782 pid=16834 auid=4294967295 uid=0 gid=0 euid=0 suid=0 fsuid=0 egid=0 sgid=0 fsgid=0 tty=(none) ses=4294967295 comm="collector-audit" exe="/usr/bin/env" key="exec"
type=CWD msg=audit(1770083834.531:15458): cwd="/"
type=PATH msg=audit(1770083834.531:15458): item=0 name="/usr/local/sbin/python3" nametype=UNKNOWN cap_fp=0 cap_fi=0 cap_fe=0 cap_fver=0 cap_frootid=0
type=PROCTITLE msg=audit(1770083834.531:15458): proctitle=2F7573722F62696E2F656E7600434F4C4C4543544F525F46494C5445525F434F4E4649473D2F6574632F636F6C6C6563746F722F66696C746572696E672E79616D6C00434F4C4C4543544F525F41554449545F4C4F473D2F6C6F67732F61756469745F61625F6E6F5F6367726F75702E6C6F6700434F4C4C4543544F525F4649
type=SYSCALL msg=audit(1770083834.531:15459): arch=c00000b7 syscall=221 success=yes exit=0 a0=fffff80b52f0 a1=fffff80b56d0 a2=fffff80b56f8 a3=fffff80b52f0 items=2 ppid=16837 pid=16840 auid=4294967295 uid=0 gid=0 euid=0 suid=0 fsuid=0 egid=0 sgid=0 fsgid=0 tty=(none) ses=4294967295 comm="python3" exe="/usr/bin/python3.10" key="exec"
type=EXECVE msg=audit(1770083834.531:15459): argc=4 a0="python3" a1="/usr/local/bin/collector-ebpf-summary" a2="--config" a3="/etc/collector/ebpf_summary.yaml"
type=CWD msg=audit(1770083834.531:15459): cwd="/"
type=PATH msg=audit(1770083834.531:15459): item=0 name="/usr/bin/python3" inode=101844 dev=00:3f mode=0100755 ouid=0 ogid=0 rdev=00:00 nametype=NORMAL cap_fp=0 cap_fi=0 cap_fe=0 cap_fver=0 cap_frootid=0
type=PATH msg=audit(1770083834.531:15459): item=1 name="/lib/ld-linux-aarch64.so.1" inode=858 dev=00:3f mode=0100755 ouid=0 ogid=0 rdev=00:00 nametype=NORMAL cap_fp=0 cap_fi=0 cap_fe=0 cap_fver=0 cap_frootid=0
type=PROCTITLE msg=audit(1770083834.531:15459): proctitle=2F7573722F62696E2F656E7600434F4C4C4543544F525F454250465F53554D4D4152595F434F4E4649473D2F6574632F636F6C6C6563746F722F656270665F73756D6D6172792E79616D6C002F7573722F6C6F63616C2F62696E2F636F6C6C6563746F722D656270662D73756D6D617279002D2D636F6E666967002F6574632F
type=SYSCALL msg=audit(1770083834.531:15460): arch=c00000b7 syscall=221 success=no exit=-2 a0=ffffe7df9cc0 a1=ffffe7dfa0a0 a2=ffffe7dfa0d0 a3=ffffe7df9cc0 items=1 ppid=16782 pid=16834 auid=4294967295 uid=0 gid=0 euid=0 suid=0 fsuid=0 egid=0 sgid=0 fsgid=0 tty=(none) ses=4294967295 comm="collector-audit" exe="/usr/bin/env" key="exec"
type=CWD msg=audit(1770083834.531:15460): cwd="/"
type=PATH msg=audit(1770083834.531:15460): item=0 name="/usr/local/bin/python3" nametype=UNKNOWN cap_fp=0 cap_fi=0 cap_fe=0 cap_fver=0 cap_frootid=0
type=PROCTITLE msg=audit(1770083834.531:15460): proctitle=2F7573722F62696E2F656E7600434F4C4C4543544F525F46494C5445525F434F4E4649473D2F6574632F636F6C6C6563746F722F66696C746572696E672E79616D6C00434F4C4C4543544F525F41554449545F4C4F473D2F6C6F67732F61756469745F61625F6E6F5F6367726F75702E6C6F6700434F4C4C4543544F525F4649
type=SYSCALL msg=audit(1770083834.531:15461): arch=c00000b7 syscall=221 success=no exit=-2 a0=ffffe7df9cc0 a1=ffffe7dfa0a0 a2=ffffe7dfa0d0 a3=ffffe7df9cc0 items=1 ppid=16782 pid=16834 auid=4294967295 uid=0 gid=0 euid=0 suid=0 fsuid=0 egid=0 sgid=0 fsgid=0 tty=(none) ses=4294967295 comm="collector-audit" exe="/usr/bin/env" key="exec"
type=CWD msg=audit(1770083834.531:15461): cwd="/"
type=PATH msg=audit(1770083834.531:15461): item=0 name="/usr/sbin/python3" nametype=UNKNOWN cap_fp=0 cap_fi=0 cap_fe=0 cap_fver=0 cap_frootid=0
type=PROCTITLE msg=audit(1770083834.531:15461): proctitle=2F7573722F62696E2F656E7600434F4C4C4543544F525F46494C5445525F434F4E4649473D2F6574632F636F6C6C6563746F722F66696C746572696E672E79616D6C00434F4C4C4543544F525F41554449545F4C4F473D2F6C6F67732F61756469745F61625F6E6F5F6367726F75702E6C6F6700434F4C4C4543544F525F4649
type=SYSCALL msg=audit(1770083834.531:15462): arch=c00000b7 syscall=221 success=yes exit=0 a0=ffffe7df9cc0 a1=ffffe7dfa0a0 a2=ffffe7dfa0d0 a3=ffffe7df9cc0 items=2 ppid=16782 pid=16834 auid=4294967295 uid=0 gid=0 euid=0 suid=0 fsuid=0 egid=0 sgid=0 fsgid=0 tty=(none) ses=4294967295 comm="python3" exe="/usr/bin/python3.10" key="exec"
type=EXECVE msg=audit(1770083834.531:15462): argc=5 a0="python3" a1="/usr/local/bin/collector-audit-filter" a2="--config" a3="/etc/collector/filtering.yaml" a4="--follow"
type=CWD msg=audit(1770083834.531:15462): cwd="/"
type=PATH msg=audit(1770083834.531:15462): item=0 name="/usr/bin/python3" inode=101844 dev=00:3f mode=0100755 ouid=0 ogid=0 rdev=00:00 nametype=NORMAL cap_fp=0 cap_fi=0 cap_fe=0 cap_fver=0 cap_frootid=0
type=PATH msg=audit(1770083834.531:15462): item=1 name="/lib/ld-linux-aarch64.so.1" inode=858 dev=00:3f mode=0100755 ouid=0 ogid=0 rdev=00:00 nametype=NORMAL cap_fp=0 cap_fi=0 cap_fe=0 cap_fver=0 cap_frootid=0
type=PROCTITLE msg=audit(1770083834.531:15462): proctitle=2F7573722F62696E2F656E7600434F4C4C4543544F525F46494C5445525F434F4E4649473D2F6574632F636F6C6C6563746F722F66696C746572696E672E79616D6C00434F4C4C4543544F525F41554449545F4C4F473D2F6C6F67732F61756469745F61625F6E6F5F6367726F75702E6C6F6700434F4C4C4543544F525F4649
type=SYSCALL msg=audit(1770083834.531:15463): arch=c00000b7 syscall=221 success=yes exit=0 a0=ffffebe98ec8 a1=ffffebe97ce8 a2=aaaaeb702400 a3=3ffffafa63b20 items=3 ppid=16838 pid=16841 auid=4294967295 uid=0 gid=0 euid=0 suid=0 fsuid=0 egid=0 sgid=0 fsgid=0 tty=(none) ses=4294967295 comm="collector-merge" exe="/usr/bin/env" key="exec"
type=EXECVE msg=audit(1770083834.531:15463): argc=5 a0="/usr/bin/env" a1="python3" a2="/usr/local/bin/collector-merge-filtered" a3="--config" a4="/etc/collector/merge_filtering.yaml"
type=CWD msg=audit(1770083834.531:15463): cwd="/"
type=PATH msg=audit(1770083834.531:15463): item=0 name="/usr/local/bin/collector-merge-filtered" inode=209225 dev=00:3f mode=0100755 ouid=0 ogid=0 rdev=00:00 nametype=NORMAL cap_fp=0 cap_fi=0 cap_fe=0 cap_fver=0 cap_frootid=0
type=PATH msg=audit(1770083834.531:15463): item=1 name="/usr/bin/env" inode=364 dev=00:3f mode=0100755 ouid=0 ogid=0 rdev=00:00 nametype=NORMAL cap_fp=0 cap_fi=0 cap_fe=0 cap_fver=0 cap_frootid=0
type=PATH msg=audit(1770083834.531:15463): item=2 name="/lib/ld-linux-aarch64.so.1" inode=858 dev=00:3f mode=0100755 ouid=0 ogid=0 rdev=00:00 nametype=NORMAL cap_fp=0 cap_fi=0 cap_fe=0 cap_fver=0 cap_frootid=0
type=PROCTITLE msg=audit(1770083834.531:15463): proctitle=2F7573722F62696E2F656E7600434F4C4C4543544F525F4D455247455F434F4E4649473D2F6574632F636F6C6C6563746F722F6D657267655F66696C746572696E672E79616D6C002F7573722F6C6F63616C2F62696E2F636F6C6C6563746F722D6D657267652D66696C7465726564002D2D636F6E666967002F6574632F636F
type=SYSCALL msg=audit(1770083834.531:15464): arch=c00000b7 syscall=221 success=yes exit=0 a0=aaaae534d6d0 a1=aaaae534d678 a2=aaaae534d698 a3=ffffb0e6cb58 items=2 ppid=16782 pid=16839 auid=4294967295 uid=0 gid=0 euid=0 suid=0 fsuid=0 egid=0 sgid=0 fsgid=0 tty=(none) ses=4294967295 comm="tail" exe="/usr/bin/tail" key="exec"
type=EXECVE msg=audit(1770083834.531:15464): argc=3 a0="tail" a1="-F" a2="/logs/audit_ab_no_cgroup.log"
type=CWD msg=audit(1770083834.531:15464): cwd="/"
type=PATH msg=audit(1770083834.531:15464): item=0 name="/usr/bin/tail" inode=525 dev=00:3f mode=0100755 ouid=0 ogid=0 rdev=00:00 nametype=NORMAL cap_fp=0 cap_fi=0 cap_fe=0 cap_fver=0 cap_frootid=0
type=PATH msg=audit(1770083834.531:15464): item=1 name="/lib/ld-linux-aarch64.so.1" inode=858 dev=00:3f mode=0100755 ouid=0 ogid=0 rdev=00:00 nametype=NORMAL cap_fp=0 cap_fi=0 cap_fe=0 cap_fver=0 cap_frootid=0
type=PROCTITLE msg=audit(1770083834.531:15464): proctitle=7461696C002D46002F6C6F67732F61756469745F61625F6E6F5F6367726F75702E6C6F67
type=SYSCALL msg=audit(1770083834.531:15465): arch=c00000b7 syscall=221 success=no exit=-2 a0=ffffc663e090 a1=ffffc663e470 a2=ffffc663e498 a3=ffffc663e090 items=1 ppid=16838 pid=16841 auid=4294967295 uid=0 gid=0 euid=0 suid=0 fsuid=0 egid=0 sgid=0 fsgid=0 tty=(none) ses=4294967295 comm="collector-merge" exe="/usr/bin/env" key="exec"
type=CWD msg=audit(1770083834.531:15465): cwd="/"
type=PATH msg=audit(1770083834.531:15465): item=0 name="/usr/local/sbin/python3" nametype=UNKNOWN cap_fp=0 cap_fi=0 cap_fe=0 cap_fver=0 cap_frootid=0
type=PROCTITLE msg=audit(1770083834.531:15465): proctitle=2F7573722F62696E2F656E7600434F4C4C4543544F525F4D455247455F434F4E4649473D2F6574632F636F6C6C6563746F722F6D657267655F66696C746572696E672E79616D6C002F7573722F6C6F63616C2F62696E2F636F6C6C6563746F722D6D657267652D66696C7465726564002D2D636F6E666967002F6574632F636F
type=SYSCALL msg=audit(1770083834.531:15466): arch=c00000b7 syscall=221 success=no exit=-2 a0=ffffc663e090 a1=ffffc663e470 a2=ffffc663e498 a3=ffffc663e090 items=1 ppid=16838 pid=16841 auid=4294967295 uid=0 gid=0 euid=0 suid=0 fsuid=0 egid=0 sgid=0 fsgid=0 tty=(none) ses=4294967295 comm="collector-merge" exe="/usr/bin/env" key="exec"
type=CWD msg=audit(1770083834.531:15466): cwd="/"
type=PATH msg=audit(1770083834.531:15466): item=0 name="/usr/local/bin/python3" nametype=UNKNOWN cap_fp=0 cap_fi=0 cap_fe=0 cap_fver=0 cap_frootid=0
type=PROCTITLE msg=audit(1770083834.531:15466): proctitle=2F7573722F62696E2F656E7600434F4C4C4543544F525F4D455247455F434F4E4649473D2F6574632F636F6C6C6563746F722F6D657267655F66696C746572696E672E79616D6C002F7573722F6C6F63616C2F62696E2F636F6C6C6563746F722D6D657267652D66696C7465726564002D2D636F6E666967002F6574632F636F
type=SYSCALL msg=audit(1770083834.531:15467): arch=c00000b7 syscall=221 success=no exit=-2 a0=ffffc663e090 a1=ffffc663e470 a2=ffffc663e498 a3=ffffc663e090 items=1 ppid=16838 pid=16841 auid=4294967295 uid=0 gid=0 euid=0 suid=0 fsuid=0 egid=0 sgid=0 fsgid=0 tty=(none) ses=4294967295 comm="collector-merge" exe="/usr/bin/env" key="exec"
type=CWD msg=audit(1770083834.531:15467): cwd="/"
type=PATH msg=audit(1770083834.531:15467): item=0 name="/usr/sbin/python3" nametype=UNKNOWN cap_fp=0 cap_fi=0 cap_fe=0 cap_fver=0 cap_frootid=0
type=PROCTITLE msg=audit(1770083834.531:15467): proctitle=2F7573722F62696E2F656E7600434F4C4C4543544F525F4D455247455F434F4E4649473D2F6574632F636F6C6C6563746F722F6D657267655F66696C746572696E672E79616D6C002F7573722F6C6F63616C2F62696E2F636F6C6C6563746F722D6D657267652D66696C7465726564002D2D636F6E666967002F6574632F636F
type=SYSCALL msg=audit(1770083834.531:15468): arch=c00000b7 syscall=221 success=yes exit=0 a0=ffffc663e090 a1=ffffc663e470 a2=ffffc663e498 a3=ffffc663e090 items=2 ppid=16838 pid=16841 auid=4294967295 uid=0 gid=0 euid=0 suid=0 fsuid=0 egid=0 sgid=0 fsgid=0 tty=(none) ses=4294967295 comm="python3" exe="/usr/bin/python3.10" key="exec"
type=EXECVE msg=audit(1770083834.531:15468): argc=4 a0="python3" a1="/usr/local/bin/collector-merge-filtered" a2="--config" a3="/etc/collector/merge_filtering.yaml"
type=CWD msg=audit(1770083834.531:15468): cwd="/"
type=PATH msg=audit(1770083834.531:15468): item=0 name="/usr/bin/python3" inode=101844 dev=00:3f mode=0100755 ouid=0 ogid=0 rdev=00:00 nametype=NORMAL cap_fp=0 cap_fi=0 cap_fe=0 cap_fver=0 cap_frootid=0
type=PATH msg=audit(1770083834.531:15468): item=1 name="/lib/ld-linux-aarch64.so.1" inode=858 dev=00:3f mode=0100755 ouid=0 ogid=0 rdev=00:00 nametype=NORMAL cap_fp=0 cap_fi=0 cap_fe=0 cap_fver=0 cap_frootid=0
type=PROCTITLE msg=audit(1770083834.531:15468): proctitle=2F7573722F62696E2F656E7600434F4C4C4543544F525F4D455247455F434F4E4649473D2F6574632F636F6C6C6563746F722F6D657267655F66696C746572696E672E79616D6C002F7573722F6C6F63616C2F62696E2F636F6C6C6563746F722D6D657267652D66696C7465726564002D2D636F6E666967002F6574632F636F
type=BPF msg=audit(1770083834.608:15469): prog-id=402 op=LOAD
type=SYSCALL msg=audit(1770083834.608:15469): arch=c00000b7 syscall=280 success=yes exit=3 a0=5 a1=fffff7549ad0 a2=90 a3=aaaae50b39f0 items=0 ppid=16782 pid=16836 auid=4294967295 uid=0 gid=0 euid=0 suid=0 fsuid=0 egid=0 sgid=0 fsgid=0 tty=(none) ses=4294967295 comm="collector-ebpf-" exe="/usr/local/bin/collector-ebpf-loader" key=(null)
type=PROCTITLE msg=audit(1770083834.608:15469): proctitle=2F7573722F62696E2F656E7600434F4C4C4543544F525F454250465F4F55545055543D2F6C6F67732F656270665F61625F6E6F5F6367726F75702E6A736F6E6C00434F4C4C4543544F525F454250465F4250463D2F7573722F6C6F63616C2F73686172652F636F6C6C6563746F722F636F6C6C6563746F722D656270662E6F
type=BPF msg=audit(1770083834.608:15470): prog-id=402 op=UNLOAD
type=SYSCALL msg=audit(1770083834.608:15470): arch=c00000b7 syscall=57 success=yes exit=0 a0=3 a1=ffff9e6fd020 a2=0 a3=aaaaed7e5010 items=0 ppid=16782 pid=16836 auid=4294967295 uid=0 gid=0 euid=0 suid=0 fsuid=0 egid=0 sgid=0 fsgid=0 tty=(none) ses=4294967295 comm="collector-ebpf-" exe="/usr/local/bin/collector-ebpf-loader" key=(null)
type=PROCTITLE msg=audit(1770083834.608:15470): proctitle=2F7573722F62696E2F656E7600434F4C4C4543544F525F454250465F4F55545055543D2F6C6F67732F656270665F61625F6E6F5F6367726F75702E6A736F6E6C00434F4C4C4543544F525F454250465F4250463D2F7573722F6C6F63616C2F73686172652F636F6C6C6563746F722F636F6C6C6563746F722D656270662E6F
type=BPF msg=audit(1770083834.608:15471): prog-id=403 op=LOAD
type=SYSCALL msg=audit(1770083834.608:15471): arch=c00000b7 syscall=280 success=yes exit=3 a0=5 a1=fffff7549af8 a2=90 a3=aaaae50b3bf3 items=0 ppid=16782 pid=16836 auid=4294967295 uid=0 gid=0 euid=0 suid=0 fsuid=0 egid=0 sgid=0 fsgid=0 tty=(none) ses=4294967295 comm="collector-ebpf-" exe="/usr/local/bin/collector-ebpf-loader" key=(null)
type=PROCTITLE msg=audit(1770083834.608:15471): proctitle=2F7573722F62696E2F656E7600434F4C4C4543544F525F454250465F4F55545055543D2F6C6F67732F656270665F61625F6E6F5F6367726F75702E6A736F6E6C00434F4C4C4543544F525F454250465F4250463D2F7573722F6C6F63616C2F73686172652F636F6C6C6563746F722F636F6C6C6563746F722D656270662E6F
type=BPF msg=audit(1770083834.612:15472): prog-id=403 op=UNLOAD
type=SYSCALL msg=audit(1770083834.612:15472): arch=c00000b7 syscall=57 success=yes exit=0 a0=3 a1=ffff9e6fd020 a2=0 a3=aaaaed7e5010 items=0 ppid=16782 pid=16836 auid=4294967295 uid=0 gid=0 euid=0 suid=0 fsuid=0 egid=0 sgid=0 fsgid=0 tty=(none) ses=4294967295 comm="collector-ebpf-" exe="/usr/local/bin/collector-ebpf-loader" key=(null)
type=PROCTITLE msg=audit(1770083834.612:15472): proctitle=2F7573722F62696E2F656E7600434F4C4C4543544F525F454250465F4F55545055543D2F6C6F67732F656270665F61625F6E6F5F6367726F75702E6A736F6E6C00434F4C4C4543544F525F454250465F4250463D2F7573722F6C6F63616C2F73686172652F636F6C6C6563746F722F636F6C6C6563746F722D656270662E6F
type=BPF msg=audit(1770083834.612:15473): prog-id=404 op=LOAD
type=SYSCALL msg=audit(1770083834.612:15473): arch=c00000b7 syscall=280 success=yes exit=3 a0=5 a1=fffff7549a60 a2=90 a3=aaaae50b39f0 items=0 ppid=16782 pid=16836 auid=4294967295 uid=0 gid=0 euid=0 suid=0 fsuid=0 egid=0 sgid=0 fsgid=0 tty=(none) ses=4294967295 comm="collector-ebpf-" exe="/usr/local/bin/collector-ebpf-loader" key=(null)
type=PROCTITLE msg=audit(1770083834.612:15473): proctitle=2F7573722F62696E2F656E7600434F4C4C4543544F525F454250465F4F55545055543D2F6C6F67732F656270665F61625F6E6F5F6367726F75702E6A736F6E6C00434F4C4C4543544F525F454250465F4250463D2F7573722F6C6F63616C2F73686172652F636F6C6C6563746F722F636F6C6C6563746F722D656270662E6F
type=BPF msg=audit(1770083834.612:15474): prog-id=404 op=UNLOAD
type=SYSCALL msg=audit(1770083834.612:15474): arch=c00000b7 syscall=57 success=yes exit=0 a0=3 a1=ffff9e6fd020 a2=88 a3=ffff9e6fd7e0 items=0 ppid=16782 pid=16836 auid=4294967295 uid=0 gid=0 euid=0 suid=0 fsuid=0 egid=0 sgid=0 fsgid=0 tty=(none) ses=4294967295 comm="collector-ebpf-" exe="/usr/local/bin/collector-ebpf-loader" key=(null)
type=PROCTITLE msg=audit(1770083834.612:15474): proctitle=2F7573722F62696E2F656E7600434F4C4C4543544F525F454250465F4F55545055543D2F6C6F67732F656270665F61625F6E6F5F6367726F75702E6A736F6E6C00434F4C4C4543544F525F454250465F4250463D2F7573722F6C6F63616C2F73686172652F636F6C6C6563746F722F636F6C6C6563746F722D656270662E6F
type=BPF msg=audit(1770083834.612:15475): prog-id=405 op=LOAD
type=SYSCALL msg=audit(1770083834.612:15475): arch=c00000b7 syscall=280 success=yes exit=4 a0=5 a1=fffff7549a40 a2=90 a3=0 items=0 ppid=16782 pid=16836 auid=4294967295 uid=0 gid=0 euid=0 suid=0 fsuid=0 egid=0 sgid=0 fsgid=0 tty=(none) ses=4294967295 comm="collector-ebpf-" exe="/usr/local/bin/collector-ebpf-loader" key=(null)
type=PROCTITLE msg=audit(1770083834.612:15475): proctitle=2F7573722F62696E2F656E7600434F4C4C4543544F525F454250465F4F55545055543D2F6C6F67732F656270665F61625F6E6F5F6367726F75702E6A736F6E6C00434F4C4C4543544F525F454250465F4250463D2F7573722F6C6F63616C2F73686172652F636F6C6C6563746F722F636F6C6C6563746F722D656270662E6F
type=BPF msg=audit(1770083834.613:15476): prog-id=405 op=UNLOAD
type=SYSCALL msg=audit(1770083834.613:15476): arch=c00000b7 syscall=57 success=yes exit=0 a0=4 a1=ffff9e6fd020 a2=90 a3=0 items=0 ppid=16782 pid=16836 auid=4294967295 uid=0 gid=0 euid=0 suid=0 fsuid=0 egid=0 sgid=0 fsgid=0 tty=(none) ses=4294967295 comm="collector-ebpf-" exe="/usr/local/bin/collector-ebpf-loader" key=(null)
type=PROCTITLE msg=audit(1770083834.613:15476): proctitle=2F7573722F62696E2F656E7600434F4C4C4543544F525F454250465F4F55545055543D2F6C6F67732F656270665F61625F6E6F5F6367726F75702E6A736F6E6C00434F4C4C4543544F525F454250465F4250463D2F7573722F6C6F63616C2F73686172652F636F6C6C6563746F722F636F6C6C6563746F722D656270662E6F
type=BPF msg=audit(1770083834.613:15477): prog-id=406 op=LOAD
type=SYSCALL msg=audit(1770083834.613:15477): arch=c00000b7 syscall=280 success=yes exit=3 a0=5 a1=fffff7549af8 a2=90 a3=aaaae50b3a00 items=0 ppid=16782 pid=16836 auid=4294967295 uid=0 gid=0 euid=0 suid=0 fsuid=0 egid=0 sgid=0 fsgid=0 tty=(none) ses=4294967295 comm="collector-ebpf-" exe="/usr/local/bin/collector-ebpf-loader" key=(null)
type=PROCTITLE msg=audit(1770083834.613:15477): proctitle=2F7573722F62696E2F656E7600434F4C4C4543544F525F454250465F4F55545055543D2F6C6F67732F656270665F61625F6E6F5F6367726F75702E6A736F6E6C00434F4C4C4543544F525F454250465F4250463D2F7573722F6C6F63616C2F73686172652F636F6C6C6563746F722F636F6C6C6563746F722D656270662E6F
type=BPF msg=audit(1770083834.614:15478): prog-id=406 op=UNLOAD
type=SYSCALL msg=audit(1770083834.614:15478): arch=c00000b7 syscall=57 success=yes exit=0 a0=3 a1=ffff9e6fd020 a2=0 a3=aaaaed7e5010 items=0 ppid=16782 pid=16836 auid=4294967295 uid=0 gid=0 euid=0 suid=0 fsuid=0 egid=0 sgid=0 fsgid=0 tty=(none) ses=4294967295 comm="collector-ebpf-" exe="/usr/local/bin/collector-ebpf-loader" key=(null)
type=PROCTITLE msg=audit(1770083834.614:15478): proctitle=2F7573722F62696E2F656E7600434F4C4C4543544F525F454250465F4F55545055543D2F6C6F67732F656270665F61625F6E6F5F6367726F75702E6A736F6E6C00434F4C4C4543544F525F454250465F4250463D2F7573722F6C6F63616C2F73686172652F636F6C6C6563746F722F636F6C6C6563746F722D656270662E6F
type=SYSCALL msg=audit(1770083834.643:15479): arch=c00000b7 syscall=221 success=yes exit=0 a0=aaab0f8391b0 a1=aaab0f839160 a2=aaab0f839178 a3=ffffb0e6cb58 items=2 ppid=16838 pid=16842 auid=4294967295 uid=0 gid=0 euid=0 suid=0 fsuid=0 egid=0 sgid=0 fsgid=0 tty=(none) ses=4294967295 comm="sleep" exe="/usr/bin/sleep" key="exec"
type=EXECVE msg=audit(1770083834.643:15479): argc=2 a0="sleep" a1="2"
type=CWD msg=audit(1770083834.643:15479): cwd="/"
type=PATH msg=audit(1770083834.643:15479): item=0 name="/usr/bin/sleep" inode=513 dev=00:3f mode=0100755 ouid=0 ogid=0 rdev=00:00 nametype=NORMAL cap_fp=0 cap_fi=0 cap_fe=0 cap_fver=0 cap_frootid=0
type=PATH msg=audit(1770083834.643:15479): item=1 name="/lib/ld-linux-aarch64.so.1" inode=858 dev=00:3f mode=0100755 ouid=0 ogid=0 rdev=00:00 nametype=NORMAL cap_fp=0 cap_fi=0 cap_fe=0 cap_fver=0 cap_frootid=0
type=PROCTITLE msg=audit(1770083834.643:15479): proctitle=736C6565700032
type=BPF msg=audit(1770083834.644:15480): prog-id=407 op=LOAD
type=SYSCALL msg=audit(1770083834.644:15480): arch=c00000b7 syscall=280 success=yes exit=11 a0=5 a1=fffff754a490 a2=90 a3=aaaaed7e651f items=0 ppid=16782 pid=16836 auid=4294967295 uid=0 gid=0 euid=0 suid=0 fsuid=0 egid=0 sgid=0 fsgid=0 tty=(none) ses=4294967295 comm="collector-ebpf-" exe="/usr/local/bin/collector-ebpf-loader" key=(null)
type=PROCTITLE msg=audit(1770083834.644:15480): proctitle=2F7573722F62696E2F656E7600434F4C4C4543544F525F454250465F4F55545055543D2F6C6F67732F656270665F61625F6E6F5F6367726F75702E6A736F6E6C00434F4C4C4543544F525F454250465F4250463D2F7573722F6C6F63616C2F73686172652F636F6C6C6563746F722F636F6C6C6563746F722D656270662E6F
type=SYSCALL msg=audit(1770083834.661:15481): arch=c00000b7 syscall=221 success=yes exit=0 a0=aaab0f839208 a1=aaab0f8391b8 a2=aaab0f8391d0 a3=ffffb0e6cb58 items=2 ppid=16837 pid=16843 auid=4294967295 uid=0 gid=0 euid=0 suid=0 fsuid=0 egid=0 sgid=0 fsgid=0 tty=(none) ses=4294967295 comm="sleep" exe="/usr/bin/sleep" key="exec"
type=EXECVE msg=audit(1770083834.661:15481): argc=2 a0="sleep" a1="2"
type=CWD msg=audit(1770083834.661:15481): cwd="/"
type=PATH msg=audit(1770083834.661:15481): item=0 name="/usr/bin/sleep" inode=513 dev=00:3f mode=0100755 ouid=0 ogid=0 rdev=00:00 nametype=NORMAL cap_fp=0 cap_fi=0 cap_fe=0 cap_fver=0 cap_frootid=0
type=PATH msg=audit(1770083834.661:15481): item=1 name="/lib/ld-linux-aarch64.so.1" inode=858 dev=00:3f mode=0100755 ouid=0 ogid=0 rdev=00:00 nametype=NORMAL cap_fp=0 cap_fi=0 cap_fe=0 cap_fver=0 cap_frootid=0
type=PROCTITLE msg=audit(1770083834.661:15481): proctitle=736C6565700032
type=BPF msg=audit(1770083834.659:15482): prog-id=408 op=LOAD
type=SYSCALL msg=audit(1770083834.659:15482): arch=c00000b7 syscall=280 success=yes exit=12 a0=5 a1=fffff754a490 a2=90 a3=aaaaed7e9cef items=0 ppid=16782 pid=16836 auid=4294967295 uid=0 gid=0 euid=0 suid=0 fsuid=0 egid=0 sgid=0 fsgid=0 tty=(none) ses=4294967295 comm="collector-ebpf-" exe="/usr/local/bin/collector-ebpf-loader" key=(null)
type=PROCTITLE msg=audit(1770083834.659:15482): proctitle=2F7573722F62696E2F656E7600434F4C4C4543544F525F454250465F4F55545055543D2F6C6F67732F656270665F61625F6E6F5F6367726F75702E6A736F6E6C00434F4C4C4543544F525F454250465F4250463D2F7573722F6C6F63616C2F73686172652F636F6C6C6563746F722F636F6C6C6563746F722D656270662E6F
type=BPF msg=audit(1770083834.663:15483): prog-id=409 op=LOAD
type=SYSCALL msg=audit(1770083834.663:15483): arch=c00000b7 syscall=280 success=yes exit=14 a0=5 a1=fffff754a490 a2=90 a3=aaaaed7e651f items=0 ppid=16782 pid=16836 auid=4294967295 uid=0 gid=0 euid=0 suid=0 fsuid=0 egid=0 sgid=0 fsgid=0 tty=(none) ses=4294967295 comm="collector-ebpf-" exe="/usr/local/bin/collector-ebpf-loader" key=(null)
type=PROCTITLE msg=audit(1770083834.663:15483): proctitle=2F7573722F62696E2F656E7600434F4C4C4543544F525F454250465F4F55545055543D2F6C6F67732F656270665F61625F6E6F5F6367726F75702E6A736F6E6C00434F4C4C4543544F525F454250465F4250463D2F7573722F6C6F63616C2F73686172652F636F6C6C6563746F722F636F6C6C6563746F722D656270662E6F
type=BPF msg=audit(1770083834.666:15484): prog-id=410 op=LOAD
type=SYSCALL msg=audit(1770083834.666:15484): arch=c00000b7 syscall=280 success=yes exit=16 a0=5 a1=fffff754a490 a2=90 a3=aaaaed7e9cef items=0 ppid=16782 pid=16836 auid=4294967295 uid=0 gid=0 euid=0 suid=0 fsuid=0 egid=0 sgid=0 fsgid=0 tty=(none) ses=4294967295 comm="collector-ebpf-" exe="/usr/local/bin/collector-ebpf-loader" key=(null)
type=PROCTITLE msg=audit(1770083834.666:15484): proctitle=2F7573722F62696E2F656E7600434F4C4C4543544F525F454250465F4F55545055543D2F6C6F67732F656270665F61625F6E6F5F6367726F75702E6A736F6E6C00434F4C4C4543544F525F454250465F4250463D2F7573722F6C6F63616C2F73686172652F636F6C6C6563746F722F636F6C6C6563746F722D656270662E6F
type=BPF msg=audit(1770083834.672:15485): prog-id=411 op=LOAD
type=SYSCALL msg=audit(1770083834.672:15485): arch=c00000b7 syscall=280 success=yes exit=18 a0=5 a1=fffff754a490 a2=90 a3=aaaaed7e651f items=0 ppid=16782 pid=16836 auid=4294967295 uid=0 gid=0 euid=0 suid=0 fsuid=0 egid=0 sgid=0 fsgid=0 tty=(none) ses=4294967295 comm="collector-ebpf-" exe="/usr/local/bin/collector-ebpf-loader" key=(null)
type=PROCTITLE msg=audit(1770083834.672:15485): proctitle=2F7573722F62696E2F656E7600434F4C4C4543544F525F454250465F4F55545055543D2F6C6F67732F656270665F61625F6E6F5F6367726F75702E6A736F6E6C00434F4C4C4543544F525F454250465F4250463D2F7573722F6C6F63616C2F73686172652F636F6C6C6563746F722F636F6C6C6563746F722D656270662E6F
type=BPF msg=audit(1770083834.672:15486): prog-id=412 op=LOAD
type=SYSCALL msg=audit(1770083834.672:15486): arch=c00000b7 syscall=280 success=yes exit=20 a0=5 a1=fffff754a490 a2=90 a3=aaaaed7e9cef items=0 ppid=16782 pid=16836 auid=4294967295 uid=0 gid=0 euid=0 suid=0 fsuid=0 egid=0 sgid=0 fsgid=0 tty=(none) ses=4294967295 comm="collector-ebpf-" exe="/usr/local/bin/collector-ebpf-loader" key=(null)
type=PROCTITLE msg=audit(1770083834.672:15486): proctitle=2F7573722F62696E2F656E7600434F4C4C4543544F525F454250465F4F55545055543D2F6C6F67732F656270665F61625F6E6F5F6367726F75702E6A736F6E6C00434F4C4C4543544F525F454250465F4250463D2F7573722F6C6F63616C2F73686172652F636F6C6C6563746F722F636F6C6C6563746F722D656270662E6F
type=SYSCALL msg=audit(1770083836.349:15487): arch=c00000b7 syscall=221 success=yes exit=0 a0=aaaaf15d3c20 a1=aaaaf15d6c90 a2=aaaaf15d02f0 a3=ffff96260b58 items=2 ppid=16601 pid=16845 auid=4294967295 uid=0 gid=0 euid=0 suid=0 fsuid=0 egid=0 sgid=0 fsgid=0 tty=(none) ses=4294967295 comm="sleep" exe="/usr/bin/sleep" key="exec"
type=BPRM_FCAPS msg=audit(1770083836.349:15487): fver=0 fp=0 fi=0 fe=0 old_pp=00000000a80425fb old_pi=0 old_pe=00000000a80425fb old_pa=0 pp=00000000a80425fb pi=0 pe=00000000a80425fb pa=0 frootid=0
type=EXECVE msg=audit(1770083836.349:15487): argc=2 a0="sleep" a1="2"
type=CWD msg=audit(1770083836.349:15487): cwd="/"
type=PATH msg=audit(1770083836.349:15487): item=0 name="/usr/bin/sleep" inode=513 dev=00:42 mode=0100755 ouid=0 ogid=0 rdev=00:00 nametype=NORMAL cap_fp=0 cap_fi=0 cap_fe=0 cap_fver=0 cap_frootid=0
type=PATH msg=audit(1770083836.349:15487): item=1 name="/lib/ld-linux-aarch64.so.1" inode=858 dev=00:42 mode=0100755 ouid=0 ogid=0 rdev=00:00 nametype=NORMAL cap_fp=0 cap_fi=0 cap_fe=0 cap_fver=0 cap_frootid=0
type=PROCTITLE msg=audit(1770083836.349:15487): proctitle=736C6565700032
type=SYSCALL msg=audit(1770083836.649:15488): arch=c00000b7 syscall=221 success=yes exit=0 a0=aaab0f839128 a1=aaab0f839240 a2=aaab0f839290 a3=ffffb0e6cb58 items=2 ppid=16838 pid=16846 auid=4294967295 uid=0 gid=0 euid=0 suid=0 fsuid=0 egid=0 sgid=0 fsgid=0 tty=(none) ses=4294967295 comm="env" exe="/usr/bin/env" key="exec"
type=EXECVE msg=audit(1770083836.649:15488): argc=5 a0="/usr/bin/env" a1="COLLECTOR_MERGE_CONFIG=/etc/collector/merge_filtering.yaml" a2="/usr/local/bin/collector-merge-filtered" a3="--config" a4="/etc/collector/merge_filtering.yaml"
type=CWD msg=audit(1770083836.649:15488): cwd="/"
type=PATH msg=audit(1770083836.649:15488): item=0 name="/usr/bin/env" inode=364 dev=00:3f mode=0100755 ouid=0 ogid=0 rdev=00:00 nametype=NORMAL cap_fp=0 cap_fi=0 cap_fe=0 cap_fver=0 cap_frootid=0
type=PATH msg=audit(1770083836.649:15488): item=1 name="/lib/ld-linux-aarch64.so.1" inode=858 dev=00:3f mode=0100755 ouid=0 ogid=0 rdev=00:00 nametype=NORMAL cap_fp=0 cap_fi=0 cap_fe=0 cap_fver=0 cap_frootid=0
type=PROCTITLE msg=audit(1770083836.649:15488): proctitle=2F7573722F62696E2F656E7600434F4C4C4543544F525F4D455247455F434F4E4649473D2F6574632F636F6C6C6563746F722F6D657267655F66696C746572696E672E79616D6C002F7573722F6C6F63616C2F62696E2F636F6C6C6563746F722D6D657267652D66696C7465726564002D2D636F6E666967002F6574632F636F
type=SYSCALL msg=audit(1770083836.650:15489): arch=c00000b7 syscall=221 success=yes exit=0 a0=fffff2ae2ec8 a1=fffff2ae25b8 a2=aaab19a6f400 a3=3ffffcab8bb20 items=3 ppid=16838 pid=16846 auid=4294967295 uid=0 gid=0 euid=0 suid=0 fsuid=0 egid=0 sgid=0 fsgid=0 tty=(none) ses=4294967295 comm="collector-merge" exe="/usr/bin/env" key="exec"
type=EXECVE msg=audit(1770083836.650:15489): argc=5 a0="/usr/bin/env" a1="python3" a2="/usr/local/bin/collector-merge-filtered" a3="--config" a4="/etc/collector/merge_filtering.yaml"
type=CWD msg=audit(1770083836.650:15489): cwd="/"
type=PATH msg=audit(1770083836.650:15489): item=0 name="/usr/local/bin/collector-merge-filtered" inode=209225 dev=00:3f mode=0100755 ouid=0 ogid=0 rdev=00:00 nametype=NORMAL cap_fp=0 cap_fi=0 cap_fe=0 cap_fver=0 cap_frootid=0
type=PATH msg=audit(1770083836.650:15489): item=1 name="/usr/bin/env" inode=364 dev=00:3f mode=0100755 ouid=0 ogid=0 rdev=00:00 nametype=NORMAL cap_fp=0 cap_fi=0 cap_fe=0 cap_fver=0 cap_frootid=0
type=PATH msg=audit(1770083836.650:15489): item=2 name="/lib/ld-linux-aarch64.so.1" inode=858 dev=00:3f mode=0100755 ouid=0 ogid=0 rdev=00:00 nametype=NORMAL cap_fp=0 cap_fi=0 cap_fe=0 cap_fver=0 cap_frootid=0
type=PROCTITLE msg=audit(1770083836.650:15489): proctitle=2F7573722F62696E2F656E7600434F4C4C4543544F525F4D455247455F434F4E4649473D2F6574632F636F6C6C6563746F722F6D657267655F66696C746572696E672E79616D6C002F7573722F6C6F63616C2F62696E2F636F6C6C6563746F722D6D657267652D66696C7465726564002D2D636F6E666967002F6574632F636F
type=SYSCALL msg=audit(1770083836.650:15490): arch=c00000b7 syscall=221 success=no exit=-2 a0=ffffed97b490 a1=ffffed97b870 a2=ffffed97b898 a3=ffffed97b490 items=1 ppid=16838 pid=16846 auid=4294967295 uid=0 gid=0 euid=0 suid=0 fsuid=0 egid=0 sgid=0 fsgid=0 tty=(none) ses=4294967295 comm="collector-merge" exe="/usr/bin/env" key="exec"
type=CWD msg=audit(1770083836.650:15490): cwd="/"
type=PATH msg=audit(1770083836.650:15490): item=0 name="/usr/local/sbin/python3" nametype=UNKNOWN cap_fp=0 cap_fi=0 cap_fe=0 cap_fver=0 cap_frootid=0
type=PROCTITLE msg=audit(1770083836.650:15490): proctitle=2F7573722F62696E2F656E7600434F4C4C4543544F525F4D455247455F434F4E4649473D2F6574632F636F6C6C6563746F722F6D657267655F66696C746572696E672E79616D6C002F7573722F6C6F63616C2F62696E2F636F6C6C6563746F722D6D657267652D66696C7465726564002D2D636F6E666967002F6574632F636F
type=SYSCALL msg=audit(1770083836.650:15491): arch=c00000b7 syscall=221 success=no exit=-2 a0=ffffed97b490 a1=ffffed97b870 a2=ffffed97b898 a3=ffffed97b490 items=1 ppid=16838 pid=16846 auid=4294967295 uid=0 gid=0 euid=0 suid=0 fsuid=0 egid=0 sgid=0 fsgid=0 tty=(none) ses=4294967295 comm="collector-merge" exe="/usr/bin/env" key="exec"
type=CWD msg=audit(1770083836.650:15491): cwd="/"
type=PATH msg=audit(1770083836.650:15491): item=0 name="/usr/local/bin/python3" nametype=UNKNOWN cap_fp=0 cap_fi=0 cap_fe=0 cap_fver=0 cap_frootid=0
type=PROCTITLE msg=audit(1770083836.650:15491): proctitle=2F7573722F62696E2F656E7600434F4C4C4543544F525F4D455247455F434F4E4649473D2F6574632F636F6C6C6563746F722F6D657267655F66696C746572696E672E79616D6C002F7573722F6C6F63616C2F62696E2F636F6C6C6563746F722D6D657267652D66696C7465726564002D2D636F6E666967002F6574632F636F
type=SYSCALL msg=audit(1770083836.650:15492): arch=c00000b7 syscall=221 success=no exit=-2 a0=ffffed97b490 a1=ffffed97b870 a2=ffffed97b898 a3=ffffed97b490 items=1 ppid=16838 pid=16846 auid=4294967295 uid=0 gid=0 euid=0 suid=0 fsuid=0 egid=0 sgid=0 fsgid=0 tty=(none) ses=4294967295 comm="collector-merge" exe="/usr/bin/env" key="exec"
type=CWD msg=audit(1770083836.650:15492): cwd="/"
type=PATH msg=audit(1770083836.650:15492): item=0 name="/usr/sbin/python3" nametype=UNKNOWN cap_fp=0 cap_fi=0 cap_fe=0 cap_fver=0 cap_frootid=0
type=PROCTITLE msg=audit(1770083836.650:15492): proctitle=2F7573722F62696E2F656E7600434F4C4C4543544F525F4D455247455F434F4E4649473D2F6574632F636F6C6C6563746F722F6D657267655F66696C746572696E672E79616D6C002F7573722F6C6F63616C2F62696E2F636F6C6C6563746F722D6D657267652D66696C7465726564002D2D636F6E666967002F6574632F636F
type=SYSCALL msg=audit(1770083836.650:15493): arch=c00000b7 syscall=221 success=yes exit=0 a0=ffffed97b490 a1=ffffed97b870 a2=ffffed97b898 a3=ffffed97b490 items=2 ppid=16838 pid=16846 auid=4294967295 uid=0 gid=0 euid=0 suid=0 fsuid=0 egid=0 sgid=0 fsgid=0 tty=(none) ses=4294967295 comm="python3" exe="/usr/bin/python3.10" key="exec"
type=EXECVE msg=audit(1770083836.650:15493): argc=4 a0="python3" a1="/usr/local/bin/collector-merge-filtered" a2="--config" a3="/etc/collector/merge_filtering.yaml"
type=CWD msg=audit(1770083836.650:15493): cwd="/"
type=PATH msg=audit(1770083836.650:15493): item=0 name="/usr/bin/python3" inode=101844 dev=00:3f mode=0100755 ouid=0 ogid=0 rdev=00:00 nametype=NORMAL cap_fp=0 cap_fi=0 cap_fe=0 cap_fver=0 cap_frootid=0
type=PATH msg=audit(1770083836.650:15493): item=1 name="/lib/ld-linux-aarch64.so.1" inode=858 dev=00:3f mode=0100755 ouid=0 ogid=0 rdev=00:00 nametype=NORMAL cap_fp=0 cap_fi=0 cap_fe=0 cap_fver=0 cap_frootid=0
type=PROCTITLE msg=audit(1770083836.650:15493): proctitle=2F7573722F62696E2F656E7600434F4C4C4543544F525F4D455247455F434F4E4649473D2F6574632F636F6C6C6563746F722F6D657267655F66696C746572696E672E79616D6C002F7573722F6C6F63616C2F62696E2F636F6C6C6563746F722D6D657267652D66696C7465726564002D2D636F6E666967002F6574632F636F
type=SYSCALL msg=audit(1770083836.663:15494): arch=c00000b7 syscall=221 success=yes exit=0 a0=aaab0f839180 a1=aaab0f839298 a2=aaab0f8392e8 a3=ffffb0e6cb58 items=2 ppid=16837 pid=16847 auid=4294967295 uid=0 gid=0 euid=0 suid=0 fsuid=0 egid=0 sgid=0 fsgid=0 tty=(none) ses=4294967295 comm="env" exe="/usr/bin/env" key="exec"
type=EXECVE msg=audit(1770083836.663:15494): argc=5 a0="/usr/bin/env" a1="COLLECTOR_EBPF_SUMMARY_CONFIG=/etc/collector/ebpf_summary.yaml" a2="/usr/local/bin/collector-ebpf-summary" a3="--config" a4="/etc/collector/ebpf_summary.yaml"
type=CWD msg=audit(1770083836.663:15494): cwd="/"
type=PATH msg=audit(1770083836.663:15494): item=0 name="/usr/bin/env" inode=364 dev=00:3f mode=0100755 ouid=0 ogid=0 rdev=00:00 nametype=NORMAL cap_fp=0 cap_fi=0 cap_fe=0 cap_fver=0 cap_frootid=0
type=PATH msg=audit(1770083836.663:15494): item=1 name="/lib/ld-linux-aarch64.so.1" inode=858 dev=00:3f mode=0100755 ouid=0 ogid=0 rdev=00:00 nametype=NORMAL cap_fp=0 cap_fi=0 cap_fe=0 cap_fver=0 cap_frootid=0
type=PROCTITLE msg=audit(1770083836.663:15494): proctitle=2F7573722F62696E2F656E7600434F4C4C4543544F525F454250465F53554D4D4152595F434F4E4649473D2F6574632F636F6C6C6563746F722F656270665F73756D6D6172792E79616D6C002F7573722F6C6F63616C2F62696E2F636F6C6C6563746F722D656270662D73756D6D617279002D2D636F6E666967002F6574632F
type=SYSCALL msg=audit(1770083836.663:15495): arch=c00000b7 syscall=221 success=yes exit=0 a0=ffffef917ecd a1=ffffef917738 a2=aaaaf4eea400 a3=3ffffbe45fb34 items=3 ppid=16837 pid=16847 auid=4294967295 uid=0 gid=0 euid=0 suid=0 fsuid=0 egid=0 sgid=0 fsgid=0 tty=(none) ses=4294967295 comm="collector-ebpf-" exe="/usr/bin/env" key="exec"
type=EXECVE msg=audit(1770083836.663:15495): argc=5 a0="/usr/bin/env" a1="python3" a2="/usr/local/bin/collector-ebpf-summary" a3="--config" a4="/etc/collector/ebpf_summary.yaml"
type=CWD msg=audit(1770083836.663:15495): cwd="/"
type=PATH msg=audit(1770083836.663:15495): item=0 name="/usr/local/bin/collector-ebpf-summary" inode=209223 dev=00:3f mode=0100755 ouid=0 ogid=0 rdev=00:00 nametype=NORMAL cap_fp=0 cap_fi=0 cap_fe=0 cap_fver=0 cap_frootid=0
type=PATH msg=audit(1770083836.663:15495): item=1 name="/usr/bin/env" inode=364 dev=00:3f mode=0100755 ouid=0 ogid=0 rdev=00:00 nametype=NORMAL cap_fp=0 cap_fi=0 cap_fe=0 cap_fver=0 cap_frootid=0
type=PATH msg=audit(1770083836.663:15495): item=2 name="/lib/ld-linux-aarch64.so.1" inode=858 dev=00:3f mode=0100755 ouid=0 ogid=0 rdev=00:00 nametype=NORMAL cap_fp=0 cap_fi=0 cap_fe=0 cap_fver=0 cap_frootid=0
type=PROCTITLE msg=audit(1770083836.663:15495): proctitle=2F7573722F62696E2F656E7600434F4C4C4543544F525F454250465F53554D4D4152595F434F4E4649473D2F6574632F636F6C6C6563746F722F656270665F73756D6D6172792E79616D6C002F7573722F6C6F63616C2F62696E2F636F6C6C6563746F722D656270662D73756D6D617279002D2D636F6E666967002F6574632F
type=SYSCALL msg=audit(1770083836.664:15496): arch=c00000b7 syscall=221 success=no exit=-2 a0=ffffc73b3c20 a1=ffffc73b4000 a2=ffffc73b4028 a3=ffffc73b3c20 items=1 ppid=16837 pid=16847 auid=4294967295 uid=0 gid=0 euid=0 suid=0 fsuid=0 egid=0 sgid=0 fsgid=0 tty=(none) ses=4294967295 comm="collector-ebpf-" exe="/usr/bin/env" key="exec"
type=CWD msg=audit(1770083836.664:15496): cwd="/"
type=PATH msg=audit(1770083836.664:15496): item=0 name="/usr/local/sbin/python3" nametype=UNKNOWN cap_fp=0 cap_fi=0 cap_fe=0 cap_fver=0 cap_frootid=0
type=PROCTITLE msg=audit(1770083836.664:15496): proctitle=2F7573722F62696E2F656E7600434F4C4C4543544F525F454250465F53554D4D4152595F434F4E4649473D2F6574632F636F6C6C6563746F722F656270665F73756D6D6172792E79616D6C002F7573722F6C6F63616C2F62696E2F636F6C6C6563746F722D656270662D73756D6D617279002D2D636F6E666967002F6574632F
type=SYSCALL msg=audit(1770083836.664:15497): arch=c00000b7 syscall=221 success=no exit=-2 a0=ffffc73b3c20 a1=ffffc73b4000 a2=ffffc73b4028 a3=ffffc73b3c20 items=1 ppid=16837 pid=16847 auid=4294967295 uid=0 gid=0 euid=0 suid=0 fsuid=0 egid=0 sgid=0 fsgid=0 tty=(none) ses=4294967295 comm="collector-ebpf-" exe="/usr/bin/env" key="exec"
type=CWD msg=audit(1770083836.664:15497): cwd="/"
type=PATH msg=audit(1770083836.664:15497): item=0 name="/usr/local/bin/python3" nametype=UNKNOWN cap_fp=0 cap_fi=0 cap_fe=0 cap_fver=0 cap_frootid=0
type=PROCTITLE msg=audit(1770083836.664:15497): proctitle=2F7573722F62696E2F656E7600434F4C4C4543544F525F454250465F53554D4D4152595F434F4E4649473D2F6574632F636F6C6C6563746F722F656270665F73756D6D6172792E79616D6C002F7573722F6C6F63616C2F62696E2F636F6C6C6563746F722D656270662D73756D6D617279002D2D636F6E666967002F6574632F
type=SYSCALL msg=audit(1770083836.664:15498): arch=c00000b7 syscall=221 success=no exit=-2 a0=ffffc73b3c20 a1=ffffc73b4000 a2=ffffc73b4028 a3=ffffc73b3c20 items=1 ppid=16837 pid=16847 auid=4294967295 uid=0 gid=0 euid=0 suid=0 fsuid=0 egid=0 sgid=0 fsgid=0 tty=(none) ses=4294967295 comm="collector-ebpf-" exe="/usr/bin/env" key="exec"
type=CWD msg=audit(1770083836.664:15498): cwd="/"
type=PATH msg=audit(1770083836.664:15498): item=0 name="/usr/sbin/python3" nametype=UNKNOWN cap_fp=0 cap_fi=0 cap_fe=0 cap_fver=0 cap_frootid=0
type=PROCTITLE msg=audit(1770083836.664:15498): proctitle=2F7573722F62696E2F656E7600434F4C4C4543544F525F454250465F53554D4D4152595F434F4E4649473D2F6574632F636F6C6C6563746F722F656270665F73756D6D6172792E79616D6C002F7573722F6C6F63616C2F62696E2F636F6C6C6563746F722D656270662D73756D6D617279002D2D636F6E666967002F6574632F
type=SYSCALL msg=audit(1770083836.664:15499): arch=c00000b7 syscall=221 success=yes exit=0 a0=ffffc73b3c20 a1=ffffc73b4000 a2=ffffc73b4028 a3=ffffc73b3c20 items=2 ppid=16837 pid=16847 auid=4294967295 uid=0 gid=0 euid=0 suid=0 fsuid=0 egid=0 sgid=0 fsgid=0 tty=(none) ses=4294967295 comm="python3" exe="/usr/bin/python3.10" key="exec"
type=EXECVE msg=audit(1770083836.664:15499): argc=4 a0="python3" a1="/usr/local/bin/collector-ebpf-summary" a2="--config" a3="/etc/collector/ebpf_summary.yaml"
type=CWD msg=audit(1770083836.664:15499): cwd="/"
type=PATH msg=audit(1770083836.664:15499): item=0 name="/usr/bin/python3" inode=101844 dev=00:3f mode=0100755 ouid=0 ogid=0 rdev=00:00 nametype=NORMAL cap_fp=0 cap_fi=0 cap_fe=0 cap_fver=0 cap_frootid=0
type=PATH msg=audit(1770083836.664:15499): item=1 name="/lib/ld-linux-aarch64.so.1" inode=858 dev=00:3f mode=0100755 ouid=0 ogid=0 rdev=00:00 nametype=NORMAL cap_fp=0 cap_fi=0 cap_fe=0 cap_fver=0 cap_frootid=0
type=PROCTITLE msg=audit(1770083836.664:15499): proctitle=2F7573722F62696E2F656E7600434F4C4C4543544F525F454250465F53554D4D4152595F434F4E4649473D2F6574632F636F6C6C6563746F722F656270665F73756D6D6172792E79616D6C002F7573722F6C6F63616C2F62696E2F636F6C6C6563746F722D656270662D73756D6D617279002D2D636F6E666967002F6574632F
type=SYSCALL msg=audit(1770083836.687:15500): arch=c00000b7 syscall=221 success=yes exit=0 a0=aaab0f8391b0 a1=aaab0f839160 a2=aaab0f839178 a3=ffffb0e6cb58 items=2 ppid=16838 pid=16848 auid=4294967295 uid=0 gid=0 euid=0 suid=0 fsuid=0 egid=0 sgid=0 fsgid=0 tty=(none) ses=4294967295 comm="sleep" exe="/usr/bin/sleep" key="exec"
type=EXECVE msg=audit(1770083836.687:15500): argc=2 a0="sleep" a1="2"
type=CWD msg=audit(1770083836.687:15500): cwd="/"
type=PATH msg=audit(1770083836.687:15500): item=0 name="/usr/bin/sleep" inode=513 dev=00:3f mode=0100755 ouid=0 ogid=0 rdev=00:00 nametype=NORMAL cap_fp=0 cap_fi=0 cap_fe=0 cap_fver=0 cap_frootid=0
type=PATH msg=audit(1770083836.687:15500): item=1 name="/lib/ld-linux-aarch64.so.1" inode=858 dev=00:3f mode=0100755 ouid=0 ogid=0 rdev=00:00 nametype=NORMAL cap_fp=0 cap_fi=0 cap_fe=0 cap_fver=0 cap_frootid=0
type=PROCTITLE msg=audit(1770083836.687:15500): proctitle=736C6565700032
type=SYSCALL msg=audit(1770083836.700:15501): arch=c00000b7 syscall=221 success=yes exit=0 a0=aaab0f839208 a1=aaab0f8391b8 a2=aaab0f8391d0 a3=ffffb0e6cb58 items=2 ppid=16837 pid=16849 auid=4294967295 uid=0 gid=0 euid=0 suid=0 fsuid=0 egid=0 sgid=0 fsgid=0 tty=(none) ses=4294967295 comm="sleep" exe="/usr/bin/sleep" key="exec"
type=EXECVE msg=audit(1770083836.700:15501): argc=2 a0="sleep" a1="2"
type=CWD msg=audit(1770083836.700:15501): cwd="/"
type=PATH msg=audit(1770083836.700:15501): item=0 name="/usr/bin/sleep" inode=513 dev=00:3f mode=0100755 ouid=0 ogid=0 rdev=00:00 nametype=NORMAL cap_fp=0 cap_fi=0 cap_fe=0 cap_fver=0 cap_frootid=0
type=PATH msg=audit(1770083836.700:15501): item=1 name="/lib/ld-linux-aarch64.so.1" inode=858 dev=00:3f mode=0100755 ouid=0 ogid=0 rdev=00:00 nametype=NORMAL cap_fp=0 cap_fi=0 cap_fe=0 cap_fver=0 cap_frootid=0
type=PROCTITLE msg=audit(1770083836.700:15501): proctitle=736C6565700032
type=SYSCALL msg=audit(1770083837.570:15502): arch=c00000b7 syscall=221 success=yes exit=0 a0=40001120e0 a1=4000136300 a2=40001425a0 a3=0 items=2 ppid=16758 pid=16850 auid=4294967295 uid=0 gid=0 euid=0 suid=0 fsuid=0 egid=0 sgid=0 fsgid=0 tty=(none) ses=4294967295 comm="runc" exe="/usr/bin/runc" key="exec"
type=EXECVE msg=audit(1770083837.570:15502): argc=10 a0="runc" a1="--root" a2="/var/run/docker/runtime-runc/moby" a3="--log" a4="/var/run/desktop-containerd/daemon/io.containerd.runtime.v2.task/moby/f98026464f4a13ce88946cd28961acfd6c1e8d0ae4e9086846f9c2eeed0d56d3/log.json" a5="--log-format" a6="json" a7="kill" a8="f98026464f4a13ce88946cd28961acfd6c1e8d0ae4e9086846f9c2eeed0d56d3" a9="9"
type=CWD msg=audit(1770083837.570:15502): cwd="/run/desktop-containerd/daemon/io.containerd.runtime.v2.task/moby/f98026464f4a13ce88946cd28961acfd6c1e8d0ae4e9086846f9c2eeed0d56d3"
type=PATH msg=audit(1770083837.570:15502): item=0 name="/usr/bin/runc" inode=19738181 dev=00:18 mode=0100755 ouid=0 ogid=0 rdev=00:00 nametype=NORMAL cap_fp=0 cap_fi=0 cap_fe=0 cap_fver=0 cap_frootid=0
type=PATH msg=audit(1770083837.570:15502): item=1 name="/lib/ld-linux-aarch64.so.1" inode=19723136 dev=00:18 mode=0100755 ouid=0 ogid=0 rdev=00:00 nametype=NORMAL cap_fp=0 cap_fi=0 cap_fe=0 cap_fver=0 cap_frootid=0
type=PROCTITLE msg=audit(1770083837.570:15502): proctitle=72756E63002D2D726F6F74002F7661722F72756E2F646F636B65722F72756E74696D652D72756E632F6D6F6279002D2D6C6F67002F7661722F72756E2F6465736B746F702D636F6E7461696E6572642F6461656D6F6E2F696F2E636F6E7461696E6572642E72756E74696D652E76322E7461736B2F6D6F62792F663938303236
