type=DAEMON_START msg=audit(1768893700.533:1539): op=start ver=3.0.7 format=raw kernel=6.12.54-linuxkit auid=4294967295 pid=582 uid=0 ses=4294967295 res=success
type=CONFIG_CHANGE msg=audit(1768893700.537:3): op=set audit_backlog_limit=8192 old=64 auid=4294967295 ses=4294967295 res=1
type=SYSCALL msg=audit(1768893700.537:3): arch=c00000b7 syscall=206 success=yes exit=60 a0=3 a1=fffffb6a7180 a2=3c a3=0 items=0 ppid=555 pid=590 auid=4294967295 uid=0 gid=0 euid=0 suid=0 fsuid=0 egid=0 sgid=0 fsgid=0 tty=(none) ses=4294967295 comm="auditctl" exe="/usr/sbin/auditctl" key=(null)
type=PROCTITLE msg=audit(1768893700.537:3): proctitle=2F7573722F7362696E2F617564697463746C002D52002F6574632F61756469742F72756C65732E642F6861726E6573732E72756C6573
type=CONFIG_CHANGE msg=audit(1768893700.537:4): op=set audit_failure=1 old=1 auid=4294967295 ses=4294967295 res=1
type=SYSCALL msg=audit(1768893700.537:4): arch=c00000b7 syscall=206 success=yes exit=60 a0=3 a1=fffffb6a7180 a2=3c a3=0 items=0 ppid=555 pid=590 auid=4294967295 uid=0 gid=0 euid=0 suid=0 fsuid=0 egid=0 sgid=0 fsgid=0 tty=(none) ses=4294967295 comm="auditctl" exe="/usr/sbin/auditctl" key=(null)
type=PROCTITLE msg=audit(1768893700.537:4): proctitle=2F7573722F7362696E2F617564697463746C002D52002F6574632F61756469742F72756C65732E642F6861726E6573732E72756C6573
type=CONFIG_CHANGE msg=audit(1768893700.537:5): op=set audit_enabled=1 old=1 auid=4294967295 ses=4294967295 res=1
type=SYSCALL msg=audit(1768893700.537:5): arch=c00000b7 syscall=206 success=yes exit=60 a0=3 a1=fffffb6a7180 a2=3c a3=0 items=0 ppid=555 pid=590 auid=4294967295 uid=0 gid=0 euid=0 suid=0 fsuid=0 egid=0 sgid=0 fsgid=0 tty=(none) ses=4294967295 comm="auditctl" exe="/usr/sbin/auditctl" key=(null)
type=PROCTITLE msg=audit(1768893700.537:5): proctitle=2F7573722F7362696E2F617564697463746C002D52002F6574632F61756469742F72756C65732E642F6861726E6573732E72756C6573
type=CONFIG_CHANGE msg=audit(1768893700.537:6): auid=4294967295 ses=4294967295 op=add_rule key="exec" list=4 res=1
type=SYSCALL msg=audit(1768893700.537:6): arch=c00000b7 syscall=206 success=yes exit=1060 a0=3 a1=fffffb6a7240 a2=424 a3=0 items=0 ppid=555 pid=590 auid=4294967295 uid=0 gid=0 euid=0 suid=0 fsuid=0 egid=0 sgid=0 fsgid=0 tty=(none) ses=4294967295 comm="auditctl" exe="/usr/sbin/auditctl" key=(null)
type=PROCTITLE msg=audit(1768893700.537:6): proctitle=2F7573722F7362696E2F617564697463746C002D52002F6574632F61756469742F72756C65732E642F6861726E6573732E72756C6573
type=CONFIG_CHANGE msg=audit(1768893700.537:7): auid=4294967295 ses=4294967295 op=add_rule key="fs_watch" list=4 res=1
type=SYSCALL msg=audit(1768893700.537:7): arch=c00000b7 syscall=206 success=yes exit=1072 a0=3 a1=fffffb6a7240 a2=430 a3=0 items=1 ppid=555 pid=590 auid=4294967295 uid=0 gid=0 euid=0 suid=0 fsuid=0 egid=0 sgid=0 fsgid=0 tty=(none) ses=4294967295 comm="auditctl" exe="/usr/sbin/auditctl" key=(null)
type=SOCKADDR msg=audit(1768893700.537:7): saddr=100000000000000000000000
type=CWD msg=audit(1768893700.537:7): cwd="/"
type=PATH msg=audit(1768893700.537:7): item=0 name="/work" inode=5 dev=00:2d mode=040755 ouid=0 ogid=0 rdev=00:00 nametype=NORMAL cap_fp=0 cap_fi=0 cap_fe=0 cap_fver=0 cap_frootid=0
type=PROCTITLE msg=audit(1768893700.537:7): proctitle=2F7573722F7362696E2F617564697463746C002D52002F6574632F61756469742F72756C65732E642F6861726E6573732E72756C6573
type=CONFIG_CHANGE msg=audit(1768893700.537:8): auid=4294967295 ses=4294967295 op=add_rule key="fs_change" list=4 res=1
type=SYSCALL msg=audit(1768893700.537:8): arch=c00000b7 syscall=206 success=yes exit=1072 a0=3 a1=fffffb6a7240 a2=430 a3=0 items=0 ppid=555 pid=590 auid=4294967295 uid=0 gid=0 euid=0 suid=0 fsuid=0 egid=0 sgid=0 fsgid=0 tty=(none) ses=4294967295 comm="auditctl" exe="/usr/sbin/auditctl" key=(null)
type=SOCKADDR msg=audit(1768893700.537:8): saddr=100000000000000000000000
type=PROCTITLE msg=audit(1768893700.537:8): proctitle=2F7573722F7362696E2F617564697463746C002D52002F6574632F61756469742F72756C65732E642F6861726E6573732E72756C6573
type=CONFIG_CHANGE msg=audit(1768893700.537:9): auid=4294967295 ses=4294967295 op=add_rule key="fs_meta" list=4 res=1
type=SYSCALL msg=audit(1768893700.537:9): arch=c00000b7 syscall=206 success=yes exit=1068 a0=3 a1=fffffb6a7240 a2=42c a3=0 items=0 ppid=555 pid=590 auid=4294967295 uid=0 gid=0 euid=0 suid=0 fsuid=0 egid=0 sgid=0 fsgid=0 tty=(none) ses=4294967295 comm="auditctl" exe="/usr/sbin/auditctl" key=(null)
type=SOCKADDR msg=audit(1768893700.537:9): saddr=100000000000000000000000
type=PROCTITLE msg=audit(1768893700.537:9): proctitle=2F7573722F7362696E2F617564697463746C002D52002F6574632F61756469742F72756C65732E642F6861726E6573732E72756C6573
type=SYSCALL msg=audit(1768893700.537:10): arch=c00000b7 syscall=221 success=yes exit=0 a0=aaaade4cd678 a1=aaaae3bc1640 a2=aaaae3bc1668 a3=ffff9a0e1b58 items=2 ppid=555 pid=598 auid=4294967295 uid=0 gid=0 euid=0 suid=0 fsuid=0 egid=0 sgid=0 fsgid=0 tty=(none) ses=4294967295 comm="env" exe="/usr/bin/env" key="exec"
type=EXECVE msg=audit(1768893700.537:10): argc=4 a0="/usr/bin/env" a1="COLLECTOR_EBPF_OUTPUT=/logs/ebpf.jsonl" a2="COLLECTOR_EBPF_BPF=/usr/local/share/collector/collector-ebpf.o" a3="/usr/local/bin/collector-ebpf-loader"
type=CWD msg=audit(1768893700.537:10): cwd="/"
type=PATH msg=audit(1768893700.537:10): item=0 name="/usr/bin/env" inode=364 dev=00:3e mode=0100755 ouid=0 ogid=0 rdev=00:00 nametype=NORMAL cap_fp=0 cap_fi=0 cap_fe=0 cap_fver=0 cap_frootid=0
type=PATH msg=audit(1768893700.537:10): item=1 name="/lib/ld-linux-aarch64.so.1" inode=858 dev=00:3e mode=0100755 ouid=0 ogid=0 rdev=00:00 nametype=NORMAL cap_fp=0 cap_fi=0 cap_fe=0 cap_fver=0 cap_frootid=0
type=PROCTITLE msg=audit(1768893700.537:10): proctitle=2F7573722F62696E2F656E7600434F4C4C4543544F525F454250465F4F55545055543D2F6C6F67732F656270662E6A736F6E6C00434F4C4C4543544F525F454250465F4250463D2F7573722F6C6F63616C2F73686172652F636F6C6C6563746F722F636F6C6C6563746F722D656270662E6F002F7573722F6C6F63616C2F6269
type=SYSCALL msg=audit(1768893700.538:11): arch=c00000b7 syscall=221 success=yes exit=0 a0=aaaade4cd6c0 a1=aaaade4cd668 a2=aaaade4cd688 a3=ffff9a0e1b58 items=2 ppid=555 pid=599 auid=4294967295 uid=0 gid=0 euid=0 suid=0 fsuid=0 egid=0 sgid=0 fsgid=0 tty=(none) ses=4294967295 comm="tail" exe="/usr/bin/tail" key="exec"
type=EXECVE msg=audit(1768893700.538:11): argc=3 a0="tail" a1="-F" a2="/logs/audit.log"
type=CWD msg=audit(1768893700.538:11): cwd="/"
type=PATH msg=audit(1768893700.538:11): item=0 name="/usr/bin/tail" inode=525 dev=00:3e mode=0100755 ouid=0 ogid=0 rdev=00:00 nametype=NORMAL cap_fp=0 cap_fi=0 cap_fe=0 cap_fver=0 cap_frootid=0
type=PATH msg=audit(1768893700.538:11): item=1 name="/lib/ld-linux-aarch64.so.1" inode=858 dev=00:3e mode=0100755 ouid=0 ogid=0 rdev=00:00 nametype=NORMAL cap_fp=0 cap_fi=0 cap_fe=0 cap_fver=0 cap_frootid=0
type=PROCTITLE msg=audit(1768893700.538:11): proctitle=7461696C002D46002F6C6F67732F61756469742E6C6F67
type=SYSCALL msg=audit(1768893700.538:12): arch=c00000b7 syscall=221 success=yes exit=0 a0=ffffe2942f12 a1=ffffe29428f0 a2=aaaac54ff400 a3=3ffff8a50bc48 items=2 ppid=555 pid=598 auid=4294967295 uid=0 gid=0 euid=0 suid=0 fsuid=0 egid=0 sgid=0 fsgid=0 tty=(none) ses=4294967295 comm="collector-ebpf-" exe="/usr/local/bin/collector-ebpf-loader" key="exec"
type=EXECVE msg=audit(1768893700.538:12): argc=1 a0="/usr/local/bin/collector-ebpf-loader"
type=CWD msg=audit(1768893700.538:12): cwd="/"
type=PATH msg=audit(1768893700.538:12): item=0 name="/usr/local/bin/collector-ebpf-loader" inode=117462 dev=00:3e mode=0100755 ouid=0 ogid=0 rdev=00:00 nametype=NORMAL cap_fp=0 cap_fi=0 cap_fe=0 cap_fver=0 cap_frootid=0
type=PATH msg=audit(1768893700.538:12): item=1 name="/lib/ld-linux-aarch64.so.1" inode=858 dev=00:3e mode=0100755 ouid=0 ogid=0 rdev=00:00 nametype=NORMAL cap_fp=0 cap_fi=0 cap_fe=0 cap_fver=0 cap_frootid=0
type=PROCTITLE msg=audit(1768893700.538:12): proctitle=2F7573722F62696E2F656E7600434F4C4C4543544F525F454250465F4F55545055543D2F6C6F67732F656270662E6A736F6E6C00434F4C4C4543544F525F454250465F4250463D2F7573722F6C6F63616C2F73686172652F636F6C6C6563746F722F636F6C6C6563746F722D656270662E6F002F7573722F6C6F63616C2F6269
type=BPF msg=audit(1768893700.577:13): prog-id=14 op=LOAD
type=SYSCALL msg=audit(1768893700.577:13): arch=c00000b7 syscall=280 success=yes exit=3 a0=5 a1=ffffc705dcc0 a2=90 a3=aaaad79b1130 items=0 ppid=555 pid=598 auid=4294967295 uid=0 gid=0 euid=0 suid=0 fsuid=0 egid=0 sgid=0 fsgid=0 tty=(none) ses=4294967295 comm="collector-ebpf-" exe="/usr/local/bin/collector-ebpf-loader" key=(null)
type=PROCTITLE msg=audit(1768893700.577:13): proctitle=2F7573722F62696E2F656E7600434F4C4C4543544F525F454250465F4F55545055543D2F6C6F67732F656270662E6A736F6E6C00434F4C4C4543544F525F454250465F4250463D2F7573722F6C6F63616C2F73686172652F636F6C6C6563746F722F636F6C6C6563746F722D656270662E6F002F7573722F6C6F63616C2F6269
type=BPF msg=audit(1768893700.577:14): prog-id=14 op=UNLOAD
type=SYSCALL msg=audit(1768893700.577:14): arch=c00000b7 syscall=57 success=yes exit=0 a0=3 a1=ffffa39d5020 a2=0 a3=aaaae2c03010 items=0 ppid=555 pid=598 auid=4294967295 uid=0 gid=0 euid=0 suid=0 fsuid=0 egid=0 sgid=0 fsgid=0 tty=(none) ses=4294967295 comm="collector-ebpf-" exe="/usr/local/bin/collector-ebpf-loader" key=(null)
type=PROCTITLE msg=audit(1768893700.577:14): proctitle=2F7573722F62696E2F656E7600434F4C4C4543544F525F454250465F4F55545055543D2F6C6F67732F656270662E6A736F6E6C00434F4C4C4543544F525F454250465F4250463D2F7573722F6C6F63616C2F73686172652F636F6C6C6563746F722F636F6C6C6563746F722D656270662E6F002F7573722F6C6F63616C2F6269
type=BPF msg=audit(1768893700.577:15): prog-id=15 op=LOAD
type=SYSCALL msg=audit(1768893700.577:15): arch=c00000b7 syscall=280 success=yes exit=3 a0=5 a1=ffffc705dce8 a2=90 a3=aaaad79b1333 items=0 ppid=555 pid=598 auid=4294967295 uid=0 gid=0 euid=0 suid=0 fsuid=0 egid=0 sgid=0 fsgid=0 tty=(none) ses=4294967295 comm="collector-ebpf-" exe="/usr/local/bin/collector-ebpf-loader" key=(null)
type=PROCTITLE msg=audit(1768893700.577:15): proctitle=2F7573722F62696E2F656E7600434F4C4C4543544F525F454250465F4F55545055543D2F6C6F67732F656270662E6A736F6E6C00434F4C4C4543544F525F454250465F4250463D2F7573722F6C6F63616C2F73686172652F636F6C6C6563746F722F636F6C6C6563746F722D656270662E6F002F7573722F6C6F63616C2F6269
type=BPF msg=audit(1768893700.577:16): prog-id=15 op=UNLOAD
type=SYSCALL msg=audit(1768893700.577:16): arch=c00000b7 syscall=57 success=yes exit=0 a0=3 a1=ffffa39d5020 a2=0 a3=aaaae2c03010 items=0 ppid=555 pid=598 auid=4294967295 uid=0 gid=0 euid=0 suid=0 fsuid=0 egid=0 sgid=0 fsgid=0 tty=(none) ses=4294967295 comm="collector-ebpf-" exe="/usr/local/bin/collector-ebpf-loader" key=(null)
type=PROCTITLE msg=audit(1768893700.577:16): proctitle=2F7573722F62696E2F656E7600434F4C4C4543544F525F454250465F4F55545055543D2F6C6F67732F656270662E6A736F6E6C00434F4C4C4543544F525F454250465F4250463D2F7573722F6C6F63616C2F73686172652F636F6C6C6563746F722F636F6C6C6563746F722D656270662E6F002F7573722F6C6F63616C2F6269
type=BPF msg=audit(1768893700.577:17): prog-id=16 op=LOAD
type=SYSCALL msg=audit(1768893700.577:17): arch=c00000b7 syscall=280 success=yes exit=3 a0=5 a1=ffffc705dc50 a2=90 a3=aaaad79b1130 items=0 ppid=555 pid=598 auid=4294967295 uid=0 gid=0 euid=0 suid=0 fsuid=0 egid=0 sgid=0 fsgid=0 tty=(none) ses=4294967295 comm="collector-ebpf-" exe="/usr/local/bin/collector-ebpf-loader" key=(null)
type=PROCTITLE msg=audit(1768893700.577:17): proctitle=2F7573722F62696E2F656E7600434F4C4C4543544F525F454250465F4F55545055543D2F6C6F67732F656270662E6A736F6E6C00434F4C4C4543544F525F454250465F4250463D2F7573722F6C6F63616C2F73686172652F636F6C6C6563746F722F636F6C6C6563746F722D656270662E6F002F7573722F6C6F63616C2F6269
type=BPF msg=audit(1768893700.578:18): prog-id=16 op=UNLOAD
type=SYSCALL msg=audit(1768893700.578:18): arch=c00000b7 syscall=57 success=yes exit=0 a0=3 a1=ffffa39d5020 a2=88 a3=ffffa39d57e0 items=0 ppid=555 pid=598 auid=4294967295 uid=0 gid=0 euid=0 suid=0 fsuid=0 egid=0 sgid=0 fsgid=0 tty=(none) ses=4294967295 comm="collector-ebpf-" exe="/usr/local/bin/collector-ebpf-loader" key=(null)
type=PROCTITLE msg=audit(1768893700.578:18): proctitle=2F7573722F62696E2F656E7600434F4C4C4543544F525F454250465F4F55545055543D2F6C6F67732F656270662E6A736F6E6C00434F4C4C4543544F525F454250465F4250463D2F7573722F6C6F63616C2F73686172652F636F6C6C6563746F722F636F6C6C6563746F722D656270662E6F002F7573722F6C6F63616C2F6269
type=BPF msg=audit(1768893700.578:19): prog-id=17 op=LOAD
type=SYSCALL msg=audit(1768893700.578:19): arch=c00000b7 syscall=280 success=yes exit=4 a0=5 a1=ffffc705dc30 a2=90 a3=0 items=0 ppid=555 pid=598 auid=4294967295 uid=0 gid=0 euid=0 suid=0 fsuid=0 egid=0 sgid=0 fsgid=0 tty=(none) ses=4294967295 comm="collector-ebpf-" exe="/usr/local/bin/collector-ebpf-loader" key=(null)
type=PROCTITLE msg=audit(1768893700.578:19): proctitle=2F7573722F62696E2F656E7600434F4C4C4543544F525F454250465F4F55545055543D2F6C6F67732F656270662E6A736F6E6C00434F4C4C4543544F525F454250465F4250463D2F7573722F6C6F63616C2F73686172652F636F6C6C6563746F722F636F6C6C6563746F722D656270662E6F002F7573722F6C6F63616C2F6269
type=BPF msg=audit(1768893700.578:20): prog-id=17 op=UNLOAD
type=SYSCALL msg=audit(1768893700.578:20): arch=c00000b7 syscall=57 success=yes exit=0 a0=4 a1=ffffa39d5020 a2=90 a3=0 items=0 ppid=555 pid=598 auid=4294967295 uid=0 gid=0 euid=0 suid=0 fsuid=0 egid=0 sgid=0 fsgid=0 tty=(none) ses=4294967295 comm="collector-ebpf-" exe="/usr/local/bin/collector-ebpf-loader" key=(null)
type=PROCTITLE msg=audit(1768893700.578:20): proctitle=2F7573722F62696E2F656E7600434F4C4C4543544F525F454250465F4F55545055543D2F6C6F67732F656270662E6A736F6E6C00434F4C4C4543544F525F454250465F4250463D2F7573722F6C6F63616C2F73686172652F636F6C6C6563746F722F636F6C6C6563746F722D656270662E6F002F7573722F6C6F63616C2F6269
type=BPF msg=audit(1768893700.578:21): prog-id=18 op=LOAD
type=SYSCALL msg=audit(1768893700.578:21): arch=c00000b7 syscall=280 success=yes exit=3 a0=5 a1=ffffc705dce8 a2=90 a3=aaaad79b1140 items=0 ppid=555 pid=598 auid=4294967295 uid=0 gid=0 euid=0 suid=0 fsuid=0 egid=0 sgid=0 fsgid=0 tty=(none) ses=4294967295 comm="collector-ebpf-" exe="/usr/local/bin/collector-ebpf-loader" key=(null)
type=PROCTITLE msg=audit(1768893700.578:21): proctitle=2F7573722F62696E2F656E7600434F4C4C4543544F525F454250465F4F55545055543D2F6C6F67732F656270662E6A736F6E6C00434F4C4C4543544F525F454250465F4250463D2F7573722F6C6F63616C2F73686172652F636F6C6C6563746F722F636F6C6C6563746F722D656270662E6F002F7573722F6C6F63616C2F6269
type=BPF msg=audit(1768893700.578:22): prog-id=18 op=UNLOAD
type=SYSCALL msg=audit(1768893700.578:22): arch=c00000b7 syscall=57 success=yes exit=0 a0=3 a1=ffffa39d5020 a2=0 a3=aaaae2c03010 items=0 ppid=555 pid=598 auid=4294967295 uid=0 gid=0 euid=0 suid=0 fsuid=0 egid=0 sgid=0 fsgid=0 tty=(none) ses=4294967295 comm="collector-ebpf-" exe="/usr/local/bin/collector-ebpf-loader" key=(null)
type=PROCTITLE msg=audit(1768893700.578:22): proctitle=2F7573722F62696E2F656E7600434F4C4C4543544F525F454250465F4F55545055543D2F6C6F67732F656270662E6A736F6E6C00434F4C4C4543544F525F454250465F4250463D2F7573722F6C6F63616C2F73686172652F636F6C6C6563746F722F636F6C6C6563746F722D656270662E6F002F7573722F6C6F63616C2F6269
type=BPF msg=audit(1768893700.585:23): prog-id=19 op=LOAD
type=SYSCALL msg=audit(1768893700.585:23): arch=c00000b7 syscall=280 success=yes exit=8 a0=5 a1=ffffc705e680 a2=90 a3=aaaae2c065af items=0 ppid=555 pid=598 auid=4294967295 uid=0 gid=0 euid=0 suid=0 fsuid=0 egid=0 sgid=0 fsgid=0 tty=(none) ses=4294967295 comm="collector-ebpf-" exe="/usr/local/bin/collector-ebpf-loader" key=(null)
type=PROCTITLE msg=audit(1768893700.585:23): proctitle=2F7573722F62696E2F656E7600434F4C4C4543544F525F454250465F4F55545055543D2F6C6F67732F656270662E6A736F6E6C00434F4C4C4543544F525F454250465F4250463D2F7573722F6C6F63616C2F73686172652F636F6C6C6563746F722F636F6C6C6563746F722D656270662E6F002F7573722F6C6F63616C2F6269
type=BPF msg=audit(1768893700.588:24): prog-id=20 op=LOAD
type=SYSCALL msg=audit(1768893700.588:24): arch=c00000b7 syscall=280 success=yes exit=9 a0=5 a1=ffffc705e680 a2=90 a3=aaaae2c066bf items=0 ppid=555 pid=598 auid=4294967295 uid=0 gid=0 euid=0 suid=0 fsuid=0 egid=0 sgid=0 fsgid=0 tty=(none) ses=4294967295 comm="collector-ebpf-" exe="/usr/local/bin/collector-ebpf-loader" key=(null)
type=PROCTITLE msg=audit(1768893700.588:24): proctitle=2F7573722F62696E2F656E7600434F4C4C4543544F525F454250465F4F55545055543D2F6C6F67732F656270662E6A736F6E6C00434F4C4C4543544F525F454250465F4250463D2F7573722F6C6F63616C2F73686172652F636F6C6C6563746F722F636F6C6C6563746F722D656270662E6F002F7573722F6C6F63616C2F6269
type=BPF msg=audit(1768893700.600:25): prog-id=21 op=LOAD
type=SYSCALL msg=audit(1768893700.600:25): arch=c00000b7 syscall=280 success=yes exit=11 a0=5 a1=ffffc705e680 a2=90 a3=aaaae2c065af items=0 ppid=555 pid=598 auid=4294967295 uid=0 gid=0 euid=0 suid=0 fsuid=0 egid=0 sgid=0 fsgid=0 tty=(none) ses=4294967295 comm="collector-ebpf-" exe="/usr/local/bin/collector-ebpf-loader" key=(null)
type=PROCTITLE msg=audit(1768893700.600:25): proctitle=2F7573722F62696E2F656E7600434F4C4C4543544F525F454250465F4F55545055543D2F6C6F67732F656270662E6A736F6E6C00434F4C4C4543544F525F454250465F4250463D2F7573722F6C6F63616C2F73686172652F636F6C6C6563746F722F636F6C6C6563746F722D656270662E6F002F7573722F6C6F63616C2F6269
type=SYSCALL msg=audit(1768893700.605:26): arch=c00000b7 syscall=221 success=yes exit=0 a0=40006908a0 a1=4000373860 a2=4000907b40 a3=0 items=1 ppid=261 pid=600 auid=4294967295 uid=0 gid=0 euid=0 suid=0 fsuid=0 egid=0 sgid=0 fsgid=0 tty=(none) ses=4294967295 comm="containerd-shim" exe="/usr/bin/containerd-shim-runc-v2" key="exec"
type=EXECVE msg=audit(1768893700.605:26): argc=10 a0="/usr/bin/containerd-shim-runc-v2" a1="-namespace" a2="moby" a3="-address" a4="/run/containerd/containerd.sock" a5="-publish-binary" a6="/usr/bin/containerd" a7="-id" a8="2730f2458464808c78482b5b725628bc78bac78a58aa3b8568001b5eb5af5553" a9="start"
type=CWD msg=audit(1768893700.605:26): cwd="/run/desktop-containerd/daemon/io.containerd.runtime.v2.task/moby/2730f2458464808c78482b5b725628bc78bac78a58aa3b8568001b5eb5af5553"
type=PATH msg=audit(1768893700.605:26): item=0 name="/usr/bin/containerd-shim-runc-v2" inode=19740145 dev=00:18 mode=0100755 ouid=0 ogid=0 rdev=00:00 nametype=NORMAL cap_fp=0 cap_fi=0 cap_fe=0 cap_fver=0 cap_frootid=0
type=PROCTITLE msg=audit(1768893700.605:26): proctitle=2F7573722F62696E2F636F6E7461696E6572642D7368696D2D72756E632D7632002D6E616D657370616365006D6F6279002D61646472657373002F72756E2F636F6E7461696E6572642F636F6E7461696E6572642E736F636B002D7075626C6973682D62696E617279002F7573722F62696E2F636F6E7461696E657264002D69
type=BPF msg=audit(1768893700.604:27): prog-id=22 op=LOAD
type=SYSCALL msg=audit(1768893700.604:27): arch=c00000b7 syscall=280 success=yes exit=13 a0=5 a1=ffffc705e680 a2=90 a3=aaaae2c066bf items=0 ppid=555 pid=598 auid=4294967295 uid=0 gid=0 euid=0 suid=0 fsuid=0 egid=0 sgid=0 fsgid=0 tty=(none) ses=4294967295 comm="collector-ebpf-" exe="/usr/local/bin/collector-ebpf-loader" key=(null)
type=PROCTITLE msg=audit(1768893700.604:27): proctitle=2F7573722F62696E2F656E7600434F4C4C4543544F525F454250465F4F55545055543D2F6C6F67732F656270662E6A736F6E6C00434F4C4C4543544F525F454250465F4250463D2F7573722F6C6F63616C2F73686172652F636F6C6C6563746F722F636F6C6C6563746F722D656270662E6F002F7573722F6C6F63616C2F6269
type=BPF msg=audit(1768893700.608:28): prog-id=23 op=LOAD
type=SYSCALL msg=audit(1768893700.608:28): arch=c00000b7 syscall=280 success=yes exit=15 a0=5 a1=ffffc705e680 a2=90 a3=aaaae2c065af items=0 ppid=555 pid=598 auid=4294967295 uid=0 gid=0 euid=0 suid=0 fsuid=0 egid=0 sgid=0 fsgid=0 tty=(none) ses=4294967295 comm="collector-ebpf-" exe="/usr/local/bin/collector-ebpf-loader" key=(null)
type=PROCTITLE msg=audit(1768893700.608:28): proctitle=2F7573722F62696E2F656E7600434F4C4C4543544F525F454250465F4F55545055543D2F6C6F67732F656270662E6A736F6E6C00434F4C4C4543544F525F454250465F4250463D2F7573722F6C6F63616C2F73686172652F636F6C6C6563746F722F636F6C6C6563746F722D656270662E6F002F7573722F6C6F63616C2F6269
type=SYSCALL msg=audit(1768893700.608:29): arch=c00000b7 syscall=221 success=yes exit=0 a0=40002220f0 a1=40002180c0 a2=400021a050 a3=0 items=1 ppid=600 pid=608 auid=4294967295 uid=0 gid=0 euid=0 suid=0 fsuid=0 egid=0 sgid=0 fsgid=0 tty=(none) ses=4294967295 comm="containerd-shim" exe="/usr/bin/containerd-shim-runc-v2" key="exec"
type=EXECVE msg=audit(1768893700.608:29): argc=7 a0="/usr/bin/containerd-shim-runc-v2" a1="-namespace" a2="moby" a3="-id" a4="2730f2458464808c78482b5b725628bc78bac78a58aa3b8568001b5eb5af5553" a5="-address" a6="/run/containerd/containerd.sock"
type=CWD msg=audit(1768893700.608:29): cwd="/run/desktop-containerd/daemon/io.containerd.runtime.v2.task/moby/2730f2458464808c78482b5b725628bc78bac78a58aa3b8568001b5eb5af5553"
type=PATH msg=audit(1768893700.608:29): item=0 name="/usr/bin/containerd-shim-runc-v2" inode=19740145 dev=00:18 mode=0100755 ouid=0 ogid=0 rdev=00:00 nametype=NORMAL cap_fp=0 cap_fi=0 cap_fe=0 cap_fver=0 cap_frootid=0
type=PROCTITLE msg=audit(1768893700.608:29): proctitle=2F7573722F62696E2F636F6E7461696E6572642D7368696D2D72756E632D7632002D6E616D657370616365006D6F6279002D69640032373330663234353834363438303863373834383262356237323536323862633738626163373861353861613362383536383030316235656235616635353533002D61646472657373002F
type=BPF msg=audit(1768893700.608:30): prog-id=24 op=LOAD
type=SYSCALL msg=audit(1768893700.608:30): arch=c00000b7 syscall=280 success=yes exit=17 a0=5 a1=ffffc705e680 a2=90 a3=aaaae2c066bf items=0 ppid=555 pid=598 auid=4294967295 uid=0 gid=0 euid=0 suid=0 fsuid=0 egid=0 sgid=0 fsgid=0 tty=(none) ses=4294967295 comm="collector-ebpf-" exe="/usr/local/bin/collector-ebpf-loader" key=(null)
type=PROCTITLE msg=audit(1768893700.608:30): proctitle=2F7573722F62696E2F656E7600434F4C4C4543544F525F454250465F4F55545055543D2F6C6F67732F656270662E6A736F6E6C00434F4C4C4543544F525F454250465F4250463D2F7573722F6C6F63616C2F73686172652F636F6C6C6563746F722F636F6C6C6563746F722D656270662E6F002F7573722F6C6F63616C2F6269
type=SYSCALL msg=audit(1768893700.613:31): arch=c00000b7 syscall=221 success=yes exit=0 a0=400000e560 a1=400001e8c0 a2=400029f630 a3=0 items=2 ppid=608 pid=618 auid=4294967295 uid=0 gid=0 euid=0 suid=0 fsuid=0 egid=0 sgid=0 fsgid=0 tty=(none) ses=4294967295 comm="runc" exe="/usr/bin/runc" key="exec"
type=EXECVE msg=audit(1768893700.613:31): argc=13 a0="runc" a1="--root" a2="/var/run/docker/runtime-runc/moby" a3="--log" a4="/var/run/desktop-containerd/daemon/io.containerd.runtime.v2.task/moby/2730f2458464808c78482b5b725628bc78bac78a58aa3b8568001b5eb5af5553/log.json" a5="--log-format" a6="json" a7="create" a8="--bundle" a9="/var/run/desktop-containerd/daemon/io.containerd.runtime.v2.task/moby/2730f2458464808c78482b5b725628bc78bac78a58aa3b8568001b5eb5af5553" a10="--pid-file" a11="/var/run/desktop-containerd/daemon/io.containerd.runtime.v2.task/moby/2730f2458464808c78482b5b725628bc78bac78a58aa3b8568001b5eb5af5553/init.pid" a12="2730f2458464808c78482b5b725628bc78bac78a58aa3b8568001b5eb5af5553"
type=CWD msg=audit(1768893700.613:31): cwd="/run/desktop-containerd/daemon/io.containerd.runtime.v2.task/moby/2730f2458464808c78482b5b725628bc78bac78a58aa3b8568001b5eb5af5553"
type=PATH msg=audit(1768893700.613:31): item=0 name="/usr/bin/runc" inode=19738181 dev=00:18 mode=0100755 ouid=0 ogid=0 rdev=00:00 nametype=NORMAL cap_fp=0 cap_fi=0 cap_fe=0 cap_fver=0 cap_frootid=0
type=PATH msg=audit(1768893700.613:31): item=1 name="/lib/ld-linux-aarch64.so.1" inode=19723136 dev=00:18 mode=0100755 ouid=0 ogid=0 rdev=00:00 nametype=NORMAL cap_fp=0 cap_fi=0 cap_fe=0 cap_fver=0 cap_frootid=0
type=PROCTITLE msg=audit(1768893700.613:31): proctitle=72756E63002D2D726F6F74002F7661722F72756E2F646F636B65722F72756E74696D652D72756E632F6D6F6279002D2D6C6F67002F7661722F72756E2F6465736B746F702D636F6E7461696E6572642F6461656D6F6E2F696F2E636F6E7461696E6572642E72756E74696D652E76322E7461736B2F6D6F62792F323733306632
type=SYSCALL msg=audit(1768893700.618:32): arch=c00000b7 syscall=221 success=yes exit=0 a0=40001df9c0 a1=400011f230 a2=40001fbbc0 a3=0 items=2 ppid=618 pid=627 auid=4294967295 uid=0 gid=0 euid=0 suid=0 fsuid=0 egid=0 sgid=0 fsgid=0 tty=(none) ses=4294967295 comm="6" exe="/runc" key="exec"
type=EXECVE msg=audit(1768893700.618:32): argc=2 a0="runc" a1="init"
type=CWD msg=audit(1768893700.618:32): cwd="/var/lib/docker/rootfs/overlayfs/2730f2458464808c78482b5b725628bc78bac78a58aa3b8568001b5eb5af5553"
type=PATH msg=audit(1768893700.618:32): item=0 name="/proc/self/fd/6" inode=19738181 dev=00:43 mode=0100755 ouid=0 ogid=0 rdev=00:00 nametype=NORMAL cap_fp=0 cap_fi=0 cap_fe=0 cap_fver=0 cap_frootid=0
type=PATH msg=audit(1768893700.618:32): item=1 name="/lib/ld-linux-aarch64.so.1" inode=19723136 dev=00:18 mode=0100755 ouid=0 ogid=0 rdev=00:00 nametype=NORMAL cap_fp=0 cap_fi=0 cap_fe=0 cap_fver=0 cap_frootid=0
type=PROCTITLE msg=audit(1768893700.618:32): proctitle=72756E6300696E6974
type=BPF msg=audit(1768893700.635:33): prog-id=25 op=LOAD
type=SYSCALL msg=audit(1768893700.635:33): arch=c00000b7 syscall=280 success=yes exit=18 a0=5 a1=40001c8208 a2=98 a3=0 items=0 ppid=608 pid=618 auid=4294967295 uid=0 gid=0 euid=0 suid=0 fsuid=0 egid=0 sgid=0 fsgid=0 tty=(none) ses=4294967295 comm="runc" exe="/usr/bin/runc" key=(null)
type=PROCTITLE msg=audit(1768893700.635:33): proctitle=72756E63002D2D726F6F74002F7661722F72756E2F646F636B65722F72756E74696D652D72756E632F6D6F6279002D2D6C6F67002F7661722F72756E2F6465736B746F702D636F6E7461696E6572642F6461656D6F6E2F696F2E636F6E7461696E6572642E72756E74696D652E76322E7461736B2F6D6F62792F323733306632
type=BPF msg=audit(1768893700.635:34): prog-id=26 op=LOAD
type=SYSCALL msg=audit(1768893700.635:34): arch=c00000b7 syscall=280 success=yes exit=21 a0=5 a1=40001c7f88 a2=98 a3=0 items=0 ppid=608 pid=618 auid=4294967295 uid=0 gid=0 euid=0 suid=0 fsuid=0 egid=0 sgid=0 fsgid=0 tty=(none) ses=4294967295 comm="runc" exe="/usr/bin/runc" key=(null)
type=PROCTITLE msg=audit(1768893700.635:34): proctitle=72756E63002D2D726F6F74002F7661722F72756E2F646F636B65722F72756E74696D652D72756E632F6D6F6279002D2D6C6F67002F7661722F72756E2F6465736B746F702D636F6E7461696E6572642F6461656D6F6E2F696F2E636F6E7461696E6572642E72756E74696D652E76322E7461736B2F6D6F62792F323733306632
type=BPF msg=audit(1768893700.635:35): prog-id=26 op=UNLOAD
type=SYSCALL msg=audit(1768893700.635:35): arch=c00000b7 syscall=57 success=yes exit=0 a0=15 a1=0 a2=0 a3=0 items=0 ppid=608 pid=618 auid=4294967295 uid=0 gid=0 euid=0 suid=0 fsuid=0 egid=0 sgid=0 fsgid=0 tty=(none) ses=4294967295 comm="runc" exe="/usr/bin/runc" key=(null)
type=PROCTITLE msg=audit(1768893700.635:35): proctitle=72756E63002D2D726F6F74002F7661722F72756E2F646F636B65722F72756E74696D652D72756E632F6D6F6279002D2D6C6F67002F7661722F72756E2F6465736B746F702D636F6E7461696E6572642F6461656D6F6E2F696F2E636F6E7461696E6572642E72756E74696D652E76322E7461736B2F6D6F62792F323733306632
type=BPF msg=audit(1768893700.635:36): prog-id=25 op=UNLOAD
type=SYSCALL msg=audit(1768893700.635:36): arch=c00000b7 syscall=57 success=yes exit=0 a0=12 a1=0 a2=0 a3=0 items=0 ppid=608 pid=618 auid=4294967295 uid=0 gid=0 euid=0 suid=0 fsuid=0 egid=0 sgid=0 fsgid=0 tty=(none) ses=4294967295 comm="runc" exe="/usr/bin/runc" key=(null)
type=PROCTITLE msg=audit(1768893700.635:36): proctitle=72756E63002D2D726F6F74002F7661722F72756E2F646F636B65722F72756E74696D652D72756E632F6D6F6279002D2D6C6F67002F7661722F72756E2F6465736B746F702D636F6E7461696E6572642F6461656D6F6E2F696F2E636F6E7461696E6572642E72756E74696D652E76322E7461736B2F6D6F62792F323733306632
type=BPF msg=audit(1768893700.635:37): prog-id=27 op=LOAD
type=SYSCALL msg=audit(1768893700.635:37): arch=c00000b7 syscall=280 success=yes exit=18 a0=5 a1=40001c8468 a2=98 a3=0 items=0 ppid=608 pid=618 auid=4294967295 uid=0 gid=0 euid=0 suid=0 fsuid=0 egid=0 sgid=0 fsgid=0 tty=(none) ses=4294967295 comm="runc" exe="/usr/bin/runc" key=(null)
type=PROCTITLE msg=audit(1768893700.635:37): proctitle=72756E63002D2D726F6F74002F7661722F72756E2F646F636B65722F72756E74696D652D72756E632F6D6F6279002D2D6C6F67002F7661722F72756E2F6465736B746F702D636F6E7461696E6572642F6461656D6F6E2F696F2E636F6E7461696E6572642E72756E74696D652E76322E7461736B2F6D6F62792F323733306632
type=ANOM_PROMISCUOUS msg=audit(1768893700.645:38): dev=vethfb28398 prom=256 old_prom=0 auid=4294967295 uid=0 gid=0 ses=4294967295
type=SYSCALL msg=audit(1768893700.645:39): arch=c00000b7 syscall=221 success=yes exit=0 a0=40008a70e0 a1=40008fabd0 a2=4000b27400 a3=0 items=2 ppid=288 pid=637 auid=4294967295 uid=0 gid=0 euid=0 suid=0 fsuid=0 egid=0 sgid=0 fsgid=0 tty=(none) ses=4294967295 comm="iptables" exe="/usr/sbin/xtables-nft-multi" key="exec"
type=EXECVE msg=audit(1768893700.645:39): argc=13 a0="/usr/sbin/iptables" a1="--wait" a2="-t" a3="raw" a4="-C" a5="PREROUTING" a6="-d" a7="172.17.0.3" a8="!" a9="-i" a10="docker0" a11="-j" a12="DROP"
type=CWD msg=audit(1768893700.645:39): cwd="/"
type=PATH msg=audit(1768893700.645:39): item=0 name="/usr/sbin/iptables" inode=19815936 dev=00:18 mode=0100755 ouid=0 ogid=0 rdev=00:00 nametype=NORMAL cap_fp=0 cap_fi=0 cap_fe=0 cap_fver=0 cap_frootid=0
type=PATH msg=audit(1768893700.645:39): item=1 name="/lib/ld-linux-aarch64.so.1" inode=19723136 dev=00:18 mode=0100755 ouid=0 ogid=0 rdev=00:00 nametype=NORMAL cap_fp=0 cap_fi=0 cap_fe=0 cap_fver=0 cap_frootid=0
type=PROCTITLE msg=audit(1768893700.645:39): proctitle=2F7573722F7362696E2F69707461626C6573002D2D77616974002D7400726177002D4300505245524F5554494E47002D64003137322E31372E302E330021002D6900646F636B657230002D6A0044524F50
type=SYSCALL msg=audit(1768893700.653:40): arch=c00000b7 syscall=221 success=yes exit=0 a0=400000e5e0 a1=400029f860 a2=400029f8b0 a3=0 items=2 ppid=608 pid=638 auid=4294967295 uid=0 gid=0 euid=0 suid=0 fsuid=0 egid=0 sgid=0 fsgid=0 tty=(none) ses=4294967295 comm="runc" exe="/usr/bin/runc" key="exec"
type=EXECVE msg=audit(1768893700.653:40): argc=9 a0="runc" a1="--root" a2="/var/run/docker/runtime-runc/moby" a3="--log" a4="/var/run/desktop-containerd/daemon/io.containerd.runtime.v2.task/moby/2730f2458464808c78482b5b725628bc78bac78a58aa3b8568001b5eb5af5553/log.json" a5="--log-format" a6="json" a7="start" a8="2730f2458464808c78482b5b725628bc78bac78a58aa3b8568001b5eb5af5553"
type=CWD msg=audit(1768893700.653:40): cwd="/run/desktop-containerd/daemon/io.containerd.runtime.v2.task/moby/2730f2458464808c78482b5b725628bc78bac78a58aa3b8568001b5eb5af5553"
type=PATH msg=audit(1768893700.653:40): item=0 name="/usr/bin/runc" inode=19738181 dev=00:18 mode=0100755 ouid=0 ogid=0 rdev=00:00 nametype=NORMAL cap_fp=0 cap_fi=0 cap_fe=0 cap_fver=0 cap_frootid=0
type=PATH msg=audit(1768893700.653:40): item=1 name="/lib/ld-linux-aarch64.so.1" inode=19723136 dev=00:18 mode=0100755 ouid=0 ogid=0 rdev=00:00 nametype=NORMAL cap_fp=0 cap_fi=0 cap_fe=0 cap_fver=0 cap_frootid=0
type=PROCTITLE msg=audit(1768893700.653:40): proctitle=72756E63002D2D726F6F74002F7661722F72756E2F646F636B65722F72756E74696D652D72756E632F6D6F6279002D2D6C6F67002F7661722F72756E2F6465736B746F702D636F6E7461696E6572642F6461656D6F6E2F696F2E636F6E7461696E6572642E72756E74696D652E76322E7461736B2F6D6F62792F323733306632
type=SYSCALL msg=audit(1768893700.656:41): arch=c00000b7 syscall=221 success=yes exit=0 a0=40001f1b80 a1=4000020620 a2=4000020640 a3=0 items=2 ppid=608 pid=631 auid=4294967295 uid=0 gid=0 euid=0 suid=0 fsuid=0 egid=0 sgid=0 fsgid=0 tty=(none) ses=4294967295 comm="sh" exe="/bin/busybox" key="exec"
type=BPRM_FCAPS msg=audit(1768893700.656:41): fver=0 fp=0 fi=0 fe=0 old_pp=00000000a80425fb old_pi=0 old_pe=00000000a80425fb old_pa=0 pp=00000000a80425fb pi=0 pe=00000000a80425fb pa=0 frootid=0
type=EXECVE msg=audit(1768893700.656:41): argc=3 a0="sh" a1="-c" a2=6563686F206869203E202F776F726B2F612E7478743B206D76202F776F726B2F612E747874202F776F726B2F622E7478743B2063686D6F6420363030202F776F726B2F622E7478743B20726D202F776F726B2F622E747874
type=CWD msg=audit(1768893700.656:41): cwd="/"
type=PATH msg=audit(1768893700.656:41): item=0 name="/bin/sh" inode=5061 dev=00:40 mode=0100755 ouid=0 ogid=0 rdev=00:00 nametype=NORMAL cap_fp=0 cap_fi=0 cap_fe=0 cap_fver=0 cap_frootid=0
type=PATH msg=audit(1768893700.656:41): item=1 name="/lib/ld-musl-aarch64.so.1" inode=5228 dev=00:40 mode=0100755 ouid=0 ogid=0 rdev=00:00 nametype=NORMAL cap_fp=0 cap_fi=0 cap_fe=0 cap_fver=0 cap_frootid=0
type=PROCTITLE msg=audit(1768893700.656:41): proctitle=7368002D63006563686F206869203E202F776F726B2F612E7478743B206D76202F776F726B2F612E747874202F776F726B2F622E7478743B2063686D6F6420363030202F776F726B2F622E7478743B20726D202F776F726B2F622E747874
type=SYSCALL msg=audit(1768893700.661:42): arch=c00000b7 syscall=56 success=yes exit=3 a0=ffffffffffffff9c a1=ffff949b5498 a2=20241 a3=1b6 items=2 ppid=608 pid=631 auid=4294967295 uid=0 gid=0 euid=0 suid=0 fsuid=0 egid=0 sgid=0 fsgid=0 tty=(none) ses=4294967295 comm="sh" exe="/bin/busybox" key="fs_watch"
type=CWD msg=audit(1768893700.661:42): cwd="/"
type=PATH msg=audit(1768893700.661:42): item=0 name="/work/" inode=5 dev=00:2d mode=040755 ouid=0 ogid=0 rdev=00:00 nametype=PARENT cap_fp=0 cap_fi=0 cap_fe=0 cap_fver=0 cap_frootid=0
type=PATH msg=audit(1768893700.661:42): item=1 name="/work/a.txt" inode=8 dev=00:2b mode=0100644 ouid=0 ogid=0 rdev=00:00 nametype=CREATE cap_fp=0 cap_fi=0 cap_fe=0 cap_fver=0 cap_frootid=0
type=PROCTITLE msg=audit(1768893700.661:42): proctitle=7368002D63006563686F206869203E202F776F726B2F612E7478743B206D76202F776F726B2F612E747874202F776F726B2F622E7478743B2063686D6F6420363030202F776F726B2F622E7478743B20726D202F776F726B2F622E747874
type=SYSCALL msg=audit(1768893700.662:43): arch=c00000b7 syscall=221 success=yes exit=0 a0=ffff949b55a8 a1=ffff949b54a8 a2=ffff949b54c8 a3=6f00766d items=2 ppid=631 pid=645 auid=4294967295 uid=0 gid=0 euid=0 suid=0 fsuid=0 egid=0 sgid=0 fsgid=0 tty=(none) ses=4294967295 comm="mv" exe="/bin/busybox" key="exec"
type=BPRM_FCAPS msg=audit(1768893700.662:43): fver=0 fp=0 fi=0 fe=0 old_pp=00000000a80425fb old_pi=0 old_pe=00000000a80425fb old_pa=0 pp=00000000a80425fb pi=0 pe=00000000a80425fb pa=0 frootid=0
type=EXECVE msg=audit(1768893700.662:43): argc=3 a0="mv" a1="/work/a.txt" a2="/work/b.txt"
type=CWD msg=audit(1768893700.662:43): cwd="/"
type=PATH msg=audit(1768893700.662:43): item=0 name="/bin/mv" inode=5061 dev=00:40 mode=0100755 ouid=0 ogid=0 rdev=00:00 nametype=NORMAL cap_fp=0 cap_fi=0 cap_fe=0 cap_fver=0 cap_frootid=0
type=PATH msg=audit(1768893700.662:43): item=1 name="/lib/ld-musl-aarch64.so.1" inode=5228 dev=00:40 mode=0100755 ouid=0 ogid=0 rdev=00:00 nametype=NORMAL cap_fp=0 cap_fi=0 cap_fe=0 cap_fver=0 cap_frootid=0
type=PROCTITLE msg=audit(1768893700.662:43): proctitle=6D76002F776F726B2F612E747874002F776F726B2F622E747874
type=SYSCALL msg=audit(1768893700.663:44): arch=c00000b7 syscall=38 success=yes exit=0 a0=ffffffffffffff9c a1=ffffe9ec4f67 a2=ffffffffffffff9c a3=ffffe9ec4f73 items=7 ppid=631 pid=645 auid=4294967295 uid=0 gid=0 euid=0 suid=0 fsuid=0 egid=0 sgid=0 fsgid=0 tty=(none) ses=4294967295 comm="mv" exe="/bin/busybox" key="fs_watch"
type=CWD msg=audit(1768893700.663:44): cwd="/"
type=PATH msg=audit(1768893700.663:44): item=0 name="/work/" inode=5 dev=00:2d mode=040755 ouid=0 ogid=0 rdev=00:00 nametype=PARENT cap_fp=0 cap_fi=0 cap_fe=0 cap_fver=0 cap_frootid=0
type=PATH msg=audit(1768893700.663:44): item=1 name="/work/" inode=5 dev=00:2d mode=040755 ouid=0 ogid=0 rdev=00:00 nametype=PARENT cap_fp=0 cap_fi=0 cap_fe=0 cap_fver=0 cap_frootid=0
type=PATH msg=audit(1768893700.663:44): item=2 name="/work/a.txt" inode=8 dev=00:2b mode=0100644 ouid=0 ogid=0 rdev=00:00 nametype=DELETE cap_fp=0 cap_fi=0 cap_fe=0 cap_fver=0 cap_frootid=0
type=PATH msg=audit(1768893700.663:44): item=3 name="/work/b.txt" inode=8 dev=00:2d mode=0100644 ouid=0 ogid=0 rdev=00:00 nametype=CREATE cap_fp=0 cap_fi=0 cap_fe=0 cap_fver=0 cap_frootid=0
type=PATH msg=audit(1768893700.663:44): item=4 name=(null) inode=5 dev=00:2b mode=040755 ouid=0 ogid=0 rdev=00:00 nametype=PARENT cap_fp=0 cap_fi=0 cap_fe=0 cap_fver=0 cap_frootid=0
type=PATH msg=audit(1768893700.663:44): item=5 name=(null) inode=5 dev=00:2b mode=040755 ouid=0 ogid=0 rdev=00:00 nametype=PARENT cap_fp=0 cap_fi=0 cap_fe=0 cap_fver=0 cap_frootid=0
type=PATH msg=audit(1768893700.663:44): item=6 name=(null) inode=5 dev=00:2b mode=040755 ouid=0 ogid=0 rdev=00:00 nametype=PARENT cap_fp=0 cap_fi=0 cap_fe=0 cap_fver=0 cap_frootid=0
type=PROCTITLE msg=audit(1768893700.663:44): proctitle=6D76002F776F726B2F612E747874002F776F726B2F622E747874
type=SYSCALL msg=audit(1768893700.664:45): arch=c00000b7 syscall=221 success=yes exit=0 a0=ffff949b55a8 a1=ffff949b54a0 a2=ffff949b54c0 a3=646f6d6863 items=2 ppid=631 pid=646 auid=4294967295 uid=0 gid=0 euid=0 suid=0 fsuid=0 egid=0 sgid=0 fsgid=0 tty=(none) ses=4294967295 comm="chmod" exe="/bin/busybox" key="exec"
type=BPRM_FCAPS msg=audit(1768893700.664:45): fver=0 fp=0 fi=0 fe=0 old_pp=00000000a80425fb old_pi=0 old_pe=00000000a80425fb old_pa=0 pp=00000000a80425fb pi=0 pe=00000000a80425fb pa=0 frootid=0
type=EXECVE msg=audit(1768893700.664:45): argc=3 a0="chmod" a1="600" a2="/work/b.txt"
type=CWD msg=audit(1768893700.664:45): cwd="/"
type=PATH msg=audit(1768893700.664:45): item=0 name="/bin/chmod" inode=5061 dev=00:40 mode=0100755 ouid=0 ogid=0 rdev=00:00 nametype=NORMAL cap_fp=0 cap_fi=0 cap_fe=0 cap_fver=0 cap_frootid=0
type=PATH msg=audit(1768893700.664:45): item=1 name="/lib/ld-musl-aarch64.so.1" inode=5228 dev=00:40 mode=0100755 ouid=0 ogid=0 rdev=00:00 nametype=NORMAL cap_fp=0 cap_fi=0 cap_fe=0 cap_fver=0 cap_frootid=0
type=PROCTITLE msg=audit(1768893700.664:45): proctitle=63686D6F6400363030002F776F726B2F622E747874
type=SYSCALL msg=audit(1768893700.665:46): arch=c00000b7 syscall=53 success=yes exit=0 a0=ffffffffffffff9c a1=ffffdc3c0f70 a2=180 a3=7ffffff items=1 ppid=631 pid=646 auid=4294967295 uid=0 gid=0 euid=0 suid=0 fsuid=0 egid=0 sgid=0 fsgid=0 tty=(none) ses=4294967295 comm="chmod" exe="/bin/busybox" key="fs_watch"
type=CWD msg=audit(1768893700.665:46): cwd="/"
type=PATH msg=audit(1768893700.665:46): item=0 name="/work/b.txt" inode=8 dev=00:2d mode=0100644 ouid=0 ogid=0 rdev=00:00 nametype=NORMAL cap_fp=0 cap_fi=0 cap_fe=0 cap_fver=0 cap_frootid=0
type=PROCTITLE msg=audit(1768893700.665:46): proctitle=63686D6F6400363030002F776F726B2F622E747874
type=SYSCALL msg=audit(1768893700.665:47): arch=c00000b7 syscall=221 success=yes exit=0 a0=ffff949b54d0 a1=ffff949b5488 a2=ffff949b54a0 a3=646f006d72 items=2 ppid=608 pid=631 auid=4294967295 uid=0 gid=0 euid=0 suid=0 fsuid=0 egid=0 sgid=0 fsgid=0 tty=(none) ses=4294967295 comm="rm" exe="/bin/busybox" key="exec"
type=BPRM_FCAPS msg=audit(1768893700.665:47): fver=0 fp=0 fi=0 fe=0 old_pp=00000000a80425fb old_pi=0 old_pe=00000000a80425fb old_pa=0 pp=00000000a80425fb pi=0 pe=00000000a80425fb pa=0 frootid=0
type=EXECVE msg=audit(1768893700.665:47): argc=2 a0="rm" a1="/work/b.txt"
type=CWD msg=audit(1768893700.665:47): cwd="/"
type=PATH msg=audit(1768893700.665:47): item=0 name="/bin/rm" inode=5061 dev=00:40 mode=0100755 ouid=0 ogid=0 rdev=00:00 nametype=NORMAL cap_fp=0 cap_fi=0 cap_fe=0 cap_fver=0 cap_frootid=0
type=PATH msg=audit(1768893700.665:47): item=1 name="/lib/ld-musl-aarch64.so.1" inode=5228 dev=00:40 mode=0100755 ouid=0 ogid=0 rdev=00:00 nametype=NORMAL cap_fp=0 cap_fi=0 cap_fe=0 cap_fver=0 cap_frootid=0
type=PROCTITLE msg=audit(1768893700.665:47): proctitle=7368002D63006563686F206869203E202F776F726B2F612E7478743B206D76202F776F726B2F612E747874202F776F726B2F622E7478743B2063686D6F6420363030202F776F726B2F622E7478743B20726D202F776F726B2F622E747874
type=SYSCALL msg=audit(1768893700.665:48): arch=c00000b7 syscall=35 success=yes exit=0 a0=ffffffffffffff9c a1=ffffd8028f73 a2=0 a3=0 items=3 ppid=608 pid=631 auid=4294967295 uid=0 gid=0 euid=0 suid=0 fsuid=0 egid=0 sgid=0 fsgid=0 tty=(none) ses=4294967295 comm="rm" exe="/bin/busybox" key="fs_watch"
type=CWD msg=audit(1768893700.665:48): cwd="/"
type=PATH msg=audit(1768893700.665:48): item=0 name="/work/" inode=5 dev=00:2d mode=040755 ouid=0 ogid=0 rdev=00:00 nametype=PARENT cap_fp=0 cap_fi=0 cap_fe=0 cap_fver=0 cap_frootid=0
type=PATH msg=audit(1768893700.665:48): item=1 name="/work/b.txt" inode=8 dev=00:2b mode=0100600 ouid=0 ogid=0 rdev=00:00 nametype=DELETE cap_fp=0 cap_fi=0 cap_fe=0 cap_fver=0 cap_frootid=0
type=PATH msg=audit(1768893700.665:48): item=2 name=(null) inode=5 dev=00:2b mode=040755 ouid=0 ogid=0 rdev=00:00 nametype=PARENT cap_fp=0 cap_fi=0 cap_fe=0 cap_fver=0 cap_frootid=0
type=PROCTITLE msg=audit(1768893700.665:48): proctitle=7368002D63006563686F206869203E202F776F726B2F612E7478743B206D76202F776F726B2F612E747874202F776F726B2F622E7478743B2063686D6F6420363030202F776F726B2F622E7478743B20726D202F776F726B2F622E747874
type=SYSCALL msg=audit(1768893700.668:49): arch=c00000b7 syscall=221 success=yes exit=0 a0=400023a080 a1=40002c67d0 a2=40002c6820 a3=0 items=2 ppid=608 pid=648 auid=4294967295 uid=0 gid=0 euid=0 suid=0 fsuid=0 egid=0 sgid=0 fsgid=0 tty=(none) ses=4294967295 comm="runc" exe="/usr/bin/runc" key="exec"
type=EXECVE msg=audit(1768893700.668:49): argc=9 a0="runc" a1="--root" a2="/var/run/docker/runtime-runc/moby" a3="--log" a4="/var/run/desktop-containerd/daemon/io.containerd.runtime.v2.task/moby/2730f2458464808c78482b5b725628bc78bac78a58aa3b8568001b5eb5af5553/log.json" a5="--log-format" a6="json" a7="delete" a8="2730f2458464808c78482b5b725628bc78bac78a58aa3b8568001b5eb5af5553"
type=CWD msg=audit(1768893700.668:49): cwd="/run/desktop-containerd/daemon/io.containerd.runtime.v2.task/moby/2730f2458464808c78482b5b725628bc78bac78a58aa3b8568001b5eb5af5553"
type=PATH msg=audit(1768893700.668:49): item=0 name="/usr/bin/runc" inode=19738181 dev=00:18 mode=0100755 ouid=0 ogid=0 rdev=00:00 nametype=NORMAL cap_fp=0 cap_fi=0 cap_fe=0 cap_fver=0 cap_frootid=0
type=PATH msg=audit(1768893700.668:49): item=1 name="/lib/ld-linux-aarch64.so.1" inode=19723136 dev=00:18 mode=0100755 ouid=0 ogid=0 rdev=00:00 nametype=NORMAL cap_fp=0 cap_fi=0 cap_fe=0 cap_fver=0 cap_frootid=0
type=PROCTITLE msg=audit(1768893700.668:49): proctitle=72756E63002D2D726F6F74002F7661722F72756E2F646F636B65722F72756E74696D652D72756E632F6D6F6279002D2D6C6F67002F7661722F72756E2F6465736B746F702D636F6E7461696E6572642F6461656D6F6E2F696F2E636F6E7461696E6572642E72756E74696D652E76322E7461736B2F6D6F62792F323733306632
type=SYSCALL msg=audit(1768893700.672:50): arch=c00000b7 syscall=221 success=yes exit=0 a0=400052ca20 a1=400035dea0 a2=40008bc0c0 a3=0 items=1 ppid=261 pid=654 auid=4294967295 uid=0 gid=0 euid=0 suid=0 fsuid=0 egid=0 sgid=0 fsgid=0 tty=(none) ses=4294967295 comm="containerd-shim" exe="/usr/bin/containerd-shim-runc-v2" key="exec"
type=EXECVE msg=audit(1768893700.672:50): argc=12 a0="/usr/bin/containerd-shim-runc-v2" a1="-namespace" a2="moby" a3="-address" a4="/run/containerd/containerd.sock" a5="-publish-binary" a6="/usr/bin/containerd" a7="-id" a8="2730f2458464808c78482b5b725628bc78bac78a58aa3b8568001b5eb5af5553" a9="-bundle" a10="/var/run/desktop-containerd/daemon/io.containerd.runtime.v2.task/moby/2730f2458464808c78482b5b725628bc78bac78a58aa3b8568001b5eb5af5553" a11="delete"
type=CWD msg=audit(1768893700.672:50): cwd="/run/desktop-containerd/daemon/io.containerd.runtime.v2.task/moby/2730f2458464808c78482b5b725628bc78bac78a58aa3b8568001b5eb5af5553"
type=PATH msg=audit(1768893700.672:50): item=0 name="/usr/bin/containerd-shim-runc-v2" inode=19740145 dev=00:18 mode=0100755 ouid=0 ogid=0 rdev=00:00 nametype=NORMAL cap_fp=0 cap_fi=0 cap_fe=0 cap_fver=0 cap_frootid=0
type=PROCTITLE msg=audit(1768893700.672:50): proctitle=2F7573722F62696E2F636F6E7461696E6572642D7368696D2D72756E632D7632002D6E616D657370616365006D6F6279002D61646472657373002F72756E2F636F6E7461696E6572642F636F6E7461696E6572642E736F636B002D7075626C6973682D62696E617279002F7573722F62696E2F636F6E7461696E657264002D69
type=SYSCALL msg=audit(1768893700.676:51): arch=c00000b7 syscall=221 success=yes exit=0 a0=400015ce60 a1=400006d320 a2=400009d180 a3=0 items=2 ppid=654 pid=662 auid=4294967295 uid=0 gid=0 euid=0 suid=0 fsuid=0 egid=0 sgid=0 fsgid=0 tty=(none) ses=4294967295 comm="runc" exe="/usr/bin/runc" key="exec"
type=EXECVE msg=audit(1768893700.676:51): argc=10 a0="runc" a1="--root" a2="/var/run/docker/runtime-runc/moby" a3="--log" a4="/run/desktop-containerd/daemon/io.containerd.runtime.v2.task/moby/2730f2458464808c78482b5b725628bc78bac78a58aa3b8568001b5eb5af5553/log.json" a5="--log-format" a6="json" a7="delete" a8="--force" a9="2730f2458464808c78482b5b725628bc78bac78a58aa3b8568001b5eb5af5553"
type=CWD msg=audit(1768893700.676:51): cwd="/run/desktop-containerd/daemon/io.containerd.runtime.v2.task/moby/2730f2458464808c78482b5b725628bc78bac78a58aa3b8568001b5eb5af5553"
type=PATH msg=audit(1768893700.676:51): item=0 name="/usr/bin/runc" inode=19738181 dev=00:18 mode=0100755 ouid=0 ogid=0 rdev=00:00 nametype=NORMAL cap_fp=0 cap_fi=0 cap_fe=0 cap_fver=0 cap_frootid=0
type=PATH msg=audit(1768893700.676:51): item=1 name="/lib/ld-linux-aarch64.so.1" inode=19723136 dev=00:18 mode=0100755 ouid=0 ogid=0 rdev=00:00 nametype=NORMAL cap_fp=0 cap_fi=0 cap_fe=0 cap_fver=0 cap_frootid=0
type=PROCTITLE msg=audit(1768893700.676:51): proctitle=72756E63002D2D726F6F74002F7661722F72756E2F646F636B65722F72756E74696D652D72756E632F6D6F6279002D2D6C6F67002F72756E2F6465736B746F702D636F6E7461696E6572642F6461656D6F6E2F696F2E636F6E7461696E6572642E72756E74696D652E76322E7461736B2F6D6F62792F32373330663234353834
type=SYSCALL msg=audit(1768893700.702:52): arch=c00000b7 syscall=221 success=yes exit=0 a0=4000c29098 a1=4000b5dd50 a2=400089a0a0 a3=0 items=2 ppid=288 pid=667 auid=4294967295 uid=0 gid=0 euid=0 suid=0 fsuid=0 egid=0 sgid=0 fsgid=0 tty=(none) ses=4294967295 comm="iptables" exe="/usr/sbin/xtables-nft-multi" key="exec"
type=EXECVE msg=audit(1768893700.702:52): argc=13 a0="/usr/sbin/iptables" a1="--wait" a2="-t" a3="raw" a4="-C" a5="PREROUTING" a6="-d" a7="172.17.0.3" a8="!" a9="-i" a10="docker0" a11="-j" a12="DROP"
type=CWD msg=audit(1768893700.702:52): cwd="/"
type=PATH msg=audit(1768893700.702:52): item=0 name="/usr/sbin/iptables" inode=19815936 dev=00:18 mode=0100755 ouid=0 ogid=0 rdev=00:00 nametype=NORMAL cap_fp=0 cap_fi=0 cap_fe=0 cap_fver=0 cap_frootid=0
type=PATH msg=audit(1768893700.702:52): item=1 name="/lib/ld-linux-aarch64.so.1" inode=19723136 dev=00:18 mode=0100755 ouid=0 ogid=0 rdev=00:00 nametype=NORMAL cap_fp=0 cap_fi=0 cap_fe=0 cap_fver=0 cap_frootid=0
type=PROCTITLE msg=audit(1768893700.702:52): proctitle=2F7573722F7362696E2F69707461626C6573002D2D77616974002D7400726177002D4300505245524F5554494E47002D64003137322E31372E302E330021002D6900646F636B657230002D6A0044524F50
type=ANOM_PROMISCUOUS msg=audit(1768893700.703:53): dev=vethfb28398 prom=0 old_prom=256 auid=4294967295 uid=0 gid=0 ses=4294967295
type=BPF msg=audit(1768893700.774:54): prog-id=27 op=UNLOAD
type=SYSCALL msg=audit(1768893700.836:55): arch=c00000b7 syscall=221 success=yes exit=0 a0=40004a3530 a1=40006747e0 a2=40017a2640 a3=0 items=1 ppid=261 pid=669 auid=4294967295 uid=0 gid=0 euid=0 suid=0 fsuid=0 egid=0 sgid=0 fsgid=0 tty=(none) ses=4294967295 comm="containerd-shim" exe="/usr/bin/containerd-shim-runc-v2" key="exec"
type=EXECVE msg=audit(1768893700.836:55): argc=10 a0="/usr/bin/containerd-shim-runc-v2" a1="-namespace" a2="moby" a3="-address" a4="/run/containerd/containerd.sock" a5="-publish-binary" a6="/usr/bin/containerd" a7="-id" a8="21ae15b998b84a521ca33541f679d84d9cc28cd9a776e3f74d4b62df1625fcda" a9="start"
type=CWD msg=audit(1768893700.836:55): cwd="/run/desktop-containerd/daemon/io.containerd.runtime.v2.task/moby/21ae15b998b84a521ca33541f679d84d9cc28cd9a776e3f74d4b62df1625fcda"
type=PATH msg=audit(1768893700.836:55): item=0 name="/usr/bin/containerd-shim-runc-v2" inode=19740145 dev=00:18 mode=0100755 ouid=0 ogid=0 rdev=00:00 nametype=NORMAL cap_fp=0 cap_fi=0 cap_fe=0 cap_fver=0 cap_frootid=0
type=PROCTITLE msg=audit(1768893700.836:55): proctitle=2F7573722F62696E2F636F6E7461696E6572642D7368696D2D72756E632D7632002D6E616D657370616365006D6F6279002D61646472657373002F72756E2F636F6E7461696E6572642F636F6E7461696E6572642E736F636B002D7075626C6973682D62696E617279002F7573722F62696E2F636F6E7461696E657264002D69
type=SYSCALL msg=audit(1768893700.839:56): arch=c00000b7 syscall=221 success=yes exit=0 a0=40000242a0 a1=400007f180 a2=40000ae370 a3=0 items=1 ppid=669 pid=676 auid=4294967295 uid=0 gid=0 euid=0 suid=0 fsuid=0 egid=0 sgid=0 fsgid=0 tty=(none) ses=4294967295 comm="containerd-shim" exe="/usr/bin/containerd-shim-runc-v2" key="exec"
type=EXECVE msg=audit(1768893700.839:56): argc=7 a0="/usr/bin/containerd-shim-runc-v2" a1="-namespace" a2="moby" a3="-id" a4="21ae15b998b84a521ca33541f679d84d9cc28cd9a776e3f74d4b62df1625fcda" a5="-address" a6="/run/containerd/containerd.sock"
type=CWD msg=audit(1768893700.839:56): cwd="/run/desktop-containerd/daemon/io.containerd.runtime.v2.task/moby/21ae15b998b84a521ca33541f679d84d9cc28cd9a776e3f74d4b62df1625fcda"
type=PATH msg=audit(1768893700.839:56): item=0 name="/usr/bin/containerd-shim-runc-v2" inode=19740145 dev=00:18 mode=0100755 ouid=0 ogid=0 rdev=00:00 nametype=NORMAL cap_fp=0 cap_fi=0 cap_fe=0 cap_fver=0 cap_frootid=0
type=PROCTITLE msg=audit(1768893700.839:56): proctitle=2F7573722F62696E2F636F6E7461696E6572642D7368696D2D72756E632D7632002D6E616D657370616365006D6F6279002D69640032316165313562393938623834613532316361333335343166363739643834643963633238636439613737366533663734643462363264663136323566636461002D61646472657373002F
type=SYSCALL msg=audit(1768893700.845:57): arch=c00000b7 syscall=221 success=yes exit=0 a0=40001ccde0 a1=400001ea80 a2=4000131720 a3=0 items=2 ppid=676 pid=687 auid=4294967295 uid=0 gid=0 euid=0 suid=0 fsuid=0 egid=0 sgid=0 fsgid=0 tty=(none) ses=4294967295 comm="runc" exe="/usr/bin/runc" key="exec"
type=EXECVE msg=audit(1768893700.845:57): argc=13 a0="runc" a1="--root" a2="/var/run/docker/runtime-runc/moby" a3="--log" a4="/var/run/desktop-containerd/daemon/io.containerd.runtime.v2.task/moby/21ae15b998b84a521ca33541f679d84d9cc28cd9a776e3f74d4b62df1625fcda/log.json" a5="--log-format" a6="json" a7="create" a8="--bundle" a9="/var/run/desktop-containerd/daemon/io.containerd.runtime.v2.task/moby/21ae15b998b84a521ca33541f679d84d9cc28cd9a776e3f74d4b62df1625fcda" a10="--pid-file" a11="/var/run/desktop-containerd/daemon/io.containerd.runtime.v2.task/moby/21ae15b998b84a521ca33541f679d84d9cc28cd9a776e3f74d4b62df1625fcda/init.pid" a12="21ae15b998b84a521ca33541f679d84d9cc28cd9a776e3f74d4b62df1625fcda"
type=CWD msg=audit(1768893700.845:57): cwd="/run/desktop-containerd/daemon/io.containerd.runtime.v2.task/moby/21ae15b998b84a521ca33541f679d84d9cc28cd9a776e3f74d4b62df1625fcda"
type=PATH msg=audit(1768893700.845:57): item=0 name="/usr/bin/runc" inode=19738181 dev=00:18 mode=0100755 ouid=0 ogid=0 rdev=00:00 nametype=NORMAL cap_fp=0 cap_fi=0 cap_fe=0 cap_fver=0 cap_frootid=0
type=PATH msg=audit(1768893700.845:57): item=1 name="/lib/ld-linux-aarch64.so.1" inode=19723136 dev=00:18 mode=0100755 ouid=0 ogid=0 rdev=00:00 nametype=NORMAL cap_fp=0 cap_fi=0 cap_fe=0 cap_fver=0 cap_frootid=0
type=PROCTITLE msg=audit(1768893700.845:57): proctitle=72756E63002D2D726F6F74002F7661722F72756E2F646F636B65722F72756E74696D652D72756E632F6D6F6279002D2D6C6F67002F7661722F72756E2F6465736B746F702D636F6E7461696E6572642F6461656D6F6E2F696F2E636F6E7461696E6572642E72756E74696D652E76322E7461736B2F6D6F62792F323161653135
type=SYSCALL msg=audit(1768893700.848:58): arch=c00000b7 syscall=221 success=yes exit=0 a0=40001b19c0 a1=400000f248 a2=40001bfc00 a3=0 items=2 ppid=687 pid=694 auid=4294967295 uid=0 gid=0 euid=0 suid=0 fsuid=0 egid=0 sgid=0 fsgid=0 tty=(none) ses=4294967295 comm="6" exe="/runc" key="exec"
type=EXECVE msg=audit(1768893700.848:58): argc=2 a0="runc" a1="init"
type=CWD msg=audit(1768893700.848:58): cwd="/var/lib/docker/rootfs/overlayfs/21ae15b998b84a521ca33541f679d84d9cc28cd9a776e3f74d4b62df1625fcda"
type=PATH msg=audit(1768893700.848:58): item=0 name="/proc/self/fd/6" inode=19738181 dev=00:43 mode=0100755 ouid=0 ogid=0 rdev=00:00 nametype=NORMAL cap_fp=0 cap_fi=0 cap_fe=0 cap_fver=0 cap_frootid=0
type=PATH msg=audit(1768893700.848:58): item=1 name="/lib/ld-linux-aarch64.so.1" inode=19723136 dev=00:18 mode=0100755 ouid=0 ogid=0 rdev=00:00 nametype=NORMAL cap_fp=0 cap_fi=0 cap_fe=0 cap_fver=0 cap_frootid=0
type=PROCTITLE msg=audit(1768893700.848:58): proctitle=72756E6300696E6974
type=BPF msg=audit(1768893700.863:59): prog-id=28 op=LOAD
type=SYSCALL msg=audit(1768893700.863:59): arch=c00000b7 syscall=280 success=yes exit=19 a0=5 a1=400019a208 a2=98 a3=0 items=0 ppid=676 pid=687 auid=4294967295 uid=0 gid=0 euid=0 suid=0 fsuid=0 egid=0 sgid=0 fsgid=0 tty=(none) ses=4294967295 comm="runc" exe="/usr/bin/runc" key=(null)
type=PROCTITLE msg=audit(1768893700.863:59): proctitle=72756E63002D2D726F6F74002F7661722F72756E2F646F636B65722F72756E74696D652D72756E632F6D6F6279002D2D6C6F67002F7661722F72756E2F6465736B746F702D636F6E7461696E6572642F6461656D6F6E2F696F2E636F6E7461696E6572642E72756E74696D652E76322E7461736B2F6D6F62792F323161653135
type=BPF msg=audit(1768893700.864:60): prog-id=29 op=LOAD
type=SYSCALL msg=audit(1768893700.864:60): arch=c00000b7 syscall=280 success=yes exit=22 a0=5 a1=4000199f88 a2=98 a3=0 items=0 ppid=676 pid=687 auid=4294967295 uid=0 gid=0 euid=0 suid=0 fsuid=0 egid=0 sgid=0 fsgid=0 tty=(none) ses=4294967295 comm="runc" exe="/usr/bin/runc" key=(null)
type=PROCTITLE msg=audit(1768893700.864:60): proctitle=72756E63002D2D726F6F74002F7661722F72756E2F646F636B65722F72756E74696D652D72756E632F6D6F6279002D2D6C6F67002F7661722F72756E2F6465736B746F702D636F6E7461696E6572642F6461656D6F6E2F696F2E636F6E7461696E6572642E72756E74696D652E76322E7461736B2F6D6F62792F323161653135
type=BPF msg=audit(1768893700.864:61): prog-id=29 op=UNLOAD
type=SYSCALL msg=audit(1768893700.864:61): arch=c00000b7 syscall=57 success=yes exit=0 a0=16 a1=0 a2=0 a3=0 items=0 ppid=676 pid=687 auid=4294967295 uid=0 gid=0 euid=0 suid=0 fsuid=0 egid=0 sgid=0 fsgid=0 tty=(none) ses=4294967295 comm="runc" exe="/usr/bin/runc" key=(null)
type=PROCTITLE msg=audit(1768893700.864:61): proctitle=72756E63002D2D726F6F74002F7661722F72756E2F646F636B65722F72756E74696D652D72756E632F6D6F6279002D2D6C6F67002F7661722F72756E2F6465736B746F702D636F6E7461696E6572642F6461656D6F6E2F696F2E636F6E7461696E6572642E72756E74696D652E76322E7461736B2F6D6F62792F323161653135
type=BPF msg=audit(1768893700.864:62): prog-id=28 op=UNLOAD
type=SYSCALL msg=audit(1768893700.864:62): arch=c00000b7 syscall=57 success=yes exit=0 a0=13 a1=0 a2=0 a3=0 items=0 ppid=676 pid=687 auid=4294967295 uid=0 gid=0 euid=0 suid=0 fsuid=0 egid=0 sgid=0 fsgid=0 tty=(none) ses=4294967295 comm="runc" exe="/usr/bin/runc" key=(null)
type=PROCTITLE msg=audit(1768893700.864:62): proctitle=72756E63002D2D726F6F74002F7661722F72756E2F646F636B65722F72756E74696D652D72756E632F6D6F6279002D2D6C6F67002F7661722F72756E2F6465736B746F702D636F6E7461696E6572642F6461656D6F6E2F696F2E636F6E7461696E6572642E72756E74696D652E76322E7461736B2F6D6F62792F323161653135
type=BPF msg=audit(1768893700.864:63): prog-id=30 op=LOAD
type=SYSCALL msg=audit(1768893700.864:63): arch=c00000b7 syscall=280 success=yes exit=19 a0=5 a1=400019a468 a2=98 a3=0 items=0 ppid=676 pid=687 auid=4294967295 uid=0 gid=0 euid=0 suid=0 fsuid=0 egid=0 sgid=0 fsgid=0 tty=(none) ses=4294967295 comm="runc" exe="/usr/bin/runc" key=(null)
type=PROCTITLE msg=audit(1768893700.864:63): proctitle=72756E63002D2D726F6F74002F7661722F72756E2F646F636B65722F72756E74696D652D72756E632F6D6F6279002D2D6C6F67002F7661722F72756E2F6465736B746F702D636F6E7461696E6572642F6461656D6F6E2F696F2E636F6E7461696E6572642E72756E74696D652E76322E7461736B2F6D6F62792F323161653135
type=ANOM_PROMISCUOUS msg=audit(1768893700.873:64): dev=veth3836892 prom=256 old_prom=0 auid=4294967295 uid=0 gid=0 ses=4294967295
type=SYSCALL msg=audit(1768893700.874:65): arch=c00000b7 syscall=221 success=yes exit=0 a0=4000121a88 a1=4000956380 a2=400089b360 a3=0 items=2 ppid=288 pid=706 auid=4294967295 uid=0 gid=0 euid=0 suid=0 fsuid=0 egid=0 sgid=0 fsgid=0 tty=(none) ses=4294967295 comm="iptables" exe="/usr/sbin/xtables-nft-multi" key="exec"
type=EXECVE msg=audit(1768893700.874:65): argc=13 a0="/usr/sbin/iptables" a1="--wait" a2="-t" a3="raw" a4="-C" a5="PREROUTING" a6="-d" a7="172.17.0.3" a8="!" a9="-i" a10="docker0" a11="-j" a12="DROP"
type=CWD msg=audit(1768893700.874:65): cwd="/"
type=PATH msg=audit(1768893700.874:65): item=0 name="/usr/sbin/iptables" inode=19815936 dev=00:18 mode=0100755 ouid=0 ogid=0 rdev=00:00 nametype=NORMAL cap_fp=0 cap_fi=0 cap_fe=0 cap_fver=0 cap_frootid=0
type=PATH msg=audit(1768893700.874:65): item=1 name="/lib/ld-linux-aarch64.so.1" inode=19723136 dev=00:18 mode=0100755 ouid=0 ogid=0 rdev=00:00 nametype=NORMAL cap_fp=0 cap_fi=0 cap_fe=0 cap_fver=0 cap_frootid=0
type=PROCTITLE msg=audit(1768893700.874:65): proctitle=2F7573722F7362696E2F69707461626C6573002D2D77616974002D7400726177002D4300505245524F5554494E47002D64003137322E31372E302E330021002D6900646F636B657230002D6A0044524F50
type=SYSCALL msg=audit(1768893700.883:66): arch=c00000b7 syscall=221 success=yes exit=0 a0=40001cca20 a1=40003ca690 a2=40003ca6e0 a3=0 items=2 ppid=676 pid=707 auid=4294967295 uid=0 gid=0 euid=0 suid=0 fsuid=0 egid=0 sgid=0 fsgid=0 tty=(none) ses=4294967295 comm="runc" exe="/usr/bin/runc" key="exec"
type=EXECVE msg=audit(1768893700.883:66): argc=9 a0="runc" a1="--root" a2="/var/run/docker/runtime-runc/moby" a3="--log" a4="/var/run/desktop-containerd/daemon/io.containerd.runtime.v2.task/moby/21ae15b998b84a521ca33541f679d84d9cc28cd9a776e3f74d4b62df1625fcda/log.json" a5="--log-format" a6="json" a7="start" a8="21ae15b998b84a521ca33541f679d84d9cc28cd9a776e3f74d4b62df1625fcda"
type=CWD msg=audit(1768893700.883:66): cwd="/run/desktop-containerd/daemon/io.containerd.runtime.v2.task/moby/21ae15b998b84a521ca33541f679d84d9cc28cd9a776e3f74d4b62df1625fcda"
type=PATH msg=audit(1768893700.883:66): item=0 name="/usr/bin/runc" inode=19738181 dev=00:18 mode=0100755 ouid=0 ogid=0 rdev=00:00 nametype=NORMAL cap_fp=0 cap_fi=0 cap_fe=0 cap_fver=0 cap_frootid=0
type=PATH msg=audit(1768893700.883:66): item=1 name="/lib/ld-linux-aarch64.so.1" inode=19723136 dev=00:18 mode=0100755 ouid=0 ogid=0 rdev=00:00 nametype=NORMAL cap_fp=0 cap_fi=0 cap_fe=0 cap_fver=0 cap_frootid=0
type=PROCTITLE msg=audit(1768893700.883:66): proctitle=72756E63002D2D726F6F74002F7661722F72756E2F646F636B65722F72756E74696D652D72756E632F6D6F6279002D2D6C6F67002F7661722F72756E2F6465736B746F702D636F6E7461696E6572642F6461656D6F6E2F696F2E636F6E7461696E6572642E72756E74696D652E76322E7461736B2F6D6F62792F323161653135
type=SYSCALL msg=audit(1768893700.886:67): arch=c00000b7 syscall=221 success=yes exit=0 a0=40001e1a10 a1=4000020a40 a2=4000020a60 a3=0 items=2 ppid=676 pid=699 auid=4294967295 uid=0 gid=0 euid=0 suid=0 fsuid=0 egid=0 sgid=0 fsgid=0 tty=(none) ses=4294967295 comm="sh" exe="/bin/busybox" key="exec"
type=BPRM_FCAPS msg=audit(1768893700.886:67): fver=0 fp=0 fi=0 fe=0 old_pp=00000000a80425fb old_pi=0 old_pe=00000000a80425fb old_pa=0 pp=00000000a80425fb pi=0 pe=00000000a80425fb pa=0 frootid=0
type=EXECVE msg=audit(1768893700.886:67): argc=3 a0="sh" a1="-c" a2=61706B20616464202D2D6E6F2D6361636865206375726C2062696E642D746F6F6C73203E2F6465762F6E756C6C3B206E736C6F6F6B7570206578616D706C652E636F6D203E2F6465762F6E756C6C3B206375726C202D492068747470733A2F2F6578616D706C652E636F6D203E2F6465762F6E756C6C
type=CWD msg=audit(1768893700.886:67): cwd="/"
type=PATH msg=audit(1768893700.886:67): item=0 name="/bin/sh" inode=5061 dev=00:40 mode=0100755 ouid=0 ogid=0 rdev=00:00 nametype=NORMAL cap_fp=0 cap_fi=0 cap_fe=0 cap_fver=0 cap_frootid=0
type=PATH msg=audit(1768893700.886:67): item=1 name="/lib/ld-musl-aarch64.so.1" inode=5228 dev=00:40 mode=0100755 ouid=0 ogid=0 rdev=00:00 nametype=NORMAL cap_fp=0 cap_fi=0 cap_fe=0 cap_fver=0 cap_frootid=0
type=PROCTITLE msg=audit(1768893700.886:67): proctitle=7368002D630061706B20616464202D2D6E6F2D6361636865206375726C2062696E642D746F6F6C73203E2F6465762F6E756C6C3B206E736C6F6F6B7570206578616D706C652E636F6D203E2F6465762F6E756C6C3B206375726C202D492068747470733A2F2F6578616D706C652E636F6D203E2F6465762F6E756C6C
type=SYSCALL msg=audit(1768893700.887:68): arch=c00000b7 syscall=221 success=yes exit=0 a0=ffff8f685698 a1=ffff8f685618 a2=ffff8f685668 a3=6b7061 items=2 ppid=699 pid=713 auid=4294967295 uid=0 gid=0 euid=0 suid=0 fsuid=0 egid=0 sgid=0 fsgid=0 tty=(none) ses=4294967295 comm="apk" exe="/sbin/apk" key="exec"
type=BPRM_FCAPS msg=audit(1768893700.887:68): fver=0 fp=0 fi=0 fe=0 old_pp=00000000a80425fb old_pi=0 old_pe=00000000a80425fb old_pa=0 pp=00000000a80425fb pi=0 pe=00000000a80425fb pa=0 frootid=0
type=EXECVE msg=audit(1768893700.887:68): argc=5 a0="apk" a1="add" a2="--no-cache" a3="curl" a4="bind-tools"
type=CWD msg=audit(1768893700.887:68): cwd="/"
type=PATH msg=audit(1768893700.887:68): item=0 name="/sbin/apk" inode=5245 dev=00:40 mode=0100755 ouid=0 ogid=0 rdev=00:00 nametype=NORMAL cap_fp=0 cap_fi=0 cap_fe=0 cap_fver=0 cap_frootid=0
type=PATH msg=audit(1768893700.887:68): item=1 name="/lib/ld-musl-aarch64.so.1" inode=5228 dev=00:40 mode=0100755 ouid=0 ogid=0 rdev=00:00 nametype=NORMAL cap_fp=0 cap_fi=0 cap_fe=0 cap_fver=0 cap_frootid=0
type=PROCTITLE msg=audit(1768893700.887:68): proctitle=61706B00616464002D2D6E6F2D6361636865006375726C0062696E642D746F6F6C73
type=SYSCALL msg=audit(1768893701.987:69): arch=c00000b7 syscall=221 success=yes exit=0 a0=ffffc8c76418 a1=ffff8db015a8 a2=ffff8db05528 a3=3 items=3 ppid=713 pid=714 auid=4294967295 uid=0 gid=0 euid=0 suid=0 fsuid=0 egid=0 sgid=0 fsgid=0 tty=(none) ses=4294967295 comm="7" exe="/bin/busybox" key="exec"
type=BPRM_FCAPS msg=audit(1768893701.987:69): fver=0 fp=0 fi=0 fe=0 old_pp=00000000a80425fb old_pi=0 old_pe=00000000a80425fb old_pa=0 pp=00000000a80425fb pi=0 pe=00000000a80425fb pa=0 frootid=0
type=EXECVE msg=audit(1768893701.987:69): argc=5 a0="/bin/busybox" a1="sh" a2="/proc/self/fd/7" a3="/usr/sbin" a4="/usr/bin"
type=CWD msg=audit(1768893701.987:69): cwd="/"
type=PATH msg=audit(1768893701.987:69): item=0 name="/proc/self/fd/7" inode=1024 dev=00:01 mode=0100777 ouid=0 ogid=0 rdev=00:00 nametype=NORMAL cap_fp=0 cap_fi=0 cap_fe=0 cap_fver=0 cap_frootid=0
type=PATH msg=audit(1768893701.987:69): item=1 name="/bin/busybox" inode=5061 dev=00:40 mode=0100755 ouid=0 ogid=0 rdev=00:00 nametype=NORMAL cap_fp=0 cap_fi=0 cap_fe=0 cap_fver=0 cap_frootid=0
type=PATH msg=audit(1768893701.987:69): item=2 name="/lib/ld-musl-aarch64.so.1" inode=5228 dev=00:40 mode=0100755 ouid=0 ogid=0 rdev=00:00 nametype=NORMAL cap_fp=0 cap_fi=0 cap_fe=0 cap_fver=0 cap_frootid=0
type=PROCTITLE msg=audit(1768893701.987:69): proctitle=2F62696E2F62757379626F78007368002F70726F632F73656C662F66642F37002F7573722F7362696E002F7573722F62696E
type=SYSCALL msg=audit(1768893701.988:70): arch=c00000b7 syscall=221 success=yes exit=0 a0=ffff99e2d6b0 a1=ffff99e2d710 a2=ffff99e2d730 a3=7375622f6e69622f items=2 ppid=714 pid=715 auid=4294967295 uid=0 gid=0 euid=0 suid=0 fsuid=0 egid=0 sgid=0 fsgid=0 tty=(none) ses=4294967295 comm="busybox" exe="/bin/busybox" key="exec"
type=BPRM_FCAPS msg=audit(1768893701.988:70): fver=0 fp=0 fi=0 fe=0 old_pp=00000000a80425fb old_pi=0 old_pe=00000000a80425fb old_pa=0 pp=00000000a80425fb pi=0 pe=00000000a80425fb pa=0 frootid=0
type=EXECVE msg=audit(1768893701.988:70): argc=3 a0="/bin/busybox" a1="--install" a2="-s"
type=CWD msg=audit(1768893701.988:70): cwd="/"
type=PATH msg=audit(1768893701.988:70): item=0 name="/bin/busybox" inode=5061 dev=00:40 mode=0100755 ouid=0 ogid=0 rdev=00:00 nametype=NORMAL cap_fp=0 cap_fi=0 cap_fe=0 cap_fver=0 cap_frootid=0
type=PATH msg=audit(1768893701.988:70): item=1 name="/lib/ld-musl-aarch64.so.1" inode=5228 dev=00:40 mode=0100755 ouid=0 ogid=0 rdev=00:00 nametype=NORMAL cap_fp=0 cap_fi=0 cap_fe=0 cap_fver=0 cap_frootid=0
type=PROCTITLE msg=audit(1768893701.988:70): proctitle=2F62696E2F62757379626F78002D2D696E7374616C6C002D73
type=SYSCALL msg=audit(1768893702.012:71): arch=c00000b7 syscall=221 success=yes exit=0 a0=ffff8f685648 a1=ffff8f6855e0 a2=ffff8f685618 a3=ffff8f685500 items=2 ppid=699 pid=716 auid=4294967295 uid=0 gid=0 euid=0 suid=0 fsuid=0 egid=0 sgid=0 fsgid=0 tty=(none) ses=4294967295 comm="nslookup" exe="/usr/bin/nslookup" key="exec"
type=BPRM_FCAPS msg=audit(1768893702.012:71): fver=0 fp=0 fi=0 fe=0 old_pp=00000000a80425fb old_pi=0 old_pe=00000000a80425fb old_pa=0 pp=00000000a80425fb pi=0 pe=00000000a80425fb pa=0 frootid=0
type=EXECVE msg=audit(1768893702.012:71): argc=2 a0="nslookup" a1="example.com"
type=CWD msg=audit(1768893702.012:71): cwd="/"
type=PATH msg=audit(1768893702.012:71): item=0 name="/usr/bin/nslookup" inode=120405 dev=00:40 mode=0100755 ouid=0 ogid=0 rdev=00:00 nametype=NORMAL cap_fp=0 cap_fi=0 cap_fe=0 cap_fver=0 cap_frootid=0
type=PATH msg=audit(1768893702.012:71): item=1 name="/lib/ld-musl-aarch64.so.1" inode=5228 dev=00:40 mode=0100755 ouid=0 ogid=0 rdev=00:00 nametype=NORMAL cap_fp=0 cap_fi=0 cap_fe=0 cap_fver=0 cap_frootid=0
type=PROCTITLE msg=audit(1768893702.012:71): proctitle=6E736C6F6F6B7570006578616D706C652E636F6D
type=SYSCALL msg=audit(1768893702.060:72): arch=c00000b7 syscall=221 success=yes exit=0 a0=ffff8f685678 a1=ffff8f685608 a2=ffff8f685648 a3=70756b006c727563 items=2 ppid=676 pid=699 auid=4294967295 uid=0 gid=0 euid=0 suid=0 fsuid=0 egid=0 sgid=0 fsgid=0 tty=(none) ses=4294967295 comm="curl" exe="/usr/bin/curl" key="exec"
type=BPRM_FCAPS msg=audit(1768893702.060:72): fver=0 fp=0 fi=0 fe=0 old_pp=00000000a80425fb old_pi=0 old_pe=00000000a80425fb old_pa=0 pp=00000000a80425fb pi=0 pe=00000000a80425fb pa=0 frootid=0
type=EXECVE msg=audit(1768893702.060:72): argc=3 a0="curl" a1="-I" a2="https://example.com"
type=CWD msg=audit(1768893702.060:72): cwd="/"
type=PATH msg=audit(1768893702.060:72): item=0 name="/usr/bin/curl" inode=120430 dev=00:40 mode=0100755 ouid=0 ogid=0 rdev=00:00 nametype=NORMAL cap_fp=0 cap_fi=0 cap_fe=0 cap_fver=0 cap_frootid=0
type=PATH msg=audit(1768893702.060:72): item=1 name="/lib/ld-musl-aarch64.so.1" inode=5228 dev=00:40 mode=0100755 ouid=0 ogid=0 rdev=00:00 nametype=NORMAL cap_fp=0 cap_fi=0 cap_fe=0 cap_fver=0 cap_frootid=0
type=PROCTITLE msg=audit(1768893702.060:72): proctitle=7368002D630061706B20616464202D2D6E6F2D6361636865206375726C2062696E642D746F6F6C73203E2F6465762F6E756C6C3B206E736C6F6F6B7570206578616D706C652E636F6D203E2F6465762F6E756C6C3B206375726C202D492068747470733A2F2F6578616D706C652E636F6D203E2F6465762F6E756C6C
type=SYSCALL msg=audit(1768893702.153:73): arch=c00000b7 syscall=221 success=yes exit=0 a0=40000b60c0 a1=40000e4320 a2=40000e4410 a3=0 items=2 ppid=676 pid=718 auid=4294967295 uid=0 gid=0 euid=0 suid=0 fsuid=0 egid=0 sgid=0 fsgid=0 tty=(none) ses=4294967295 comm="runc" exe="/usr/bin/runc" key="exec"
type=EXECVE msg=audit(1768893702.153:73): argc=9 a0="runc" a1="--root" a2="/var/run/docker/runtime-runc/moby" a3="--log" a4="/var/run/desktop-containerd/daemon/io.containerd.runtime.v2.task/moby/21ae15b998b84a521ca33541f679d84d9cc28cd9a776e3f74d4b62df1625fcda/log.json" a5="--log-format" a6="json" a7="delete" a8="21ae15b998b84a521ca33541f679d84d9cc28cd9a776e3f74d4b62df1625fcda"
type=CWD msg=audit(1768893702.153:73): cwd="/run/desktop-containerd/daemon/io.containerd.runtime.v2.task/moby/21ae15b998b84a521ca33541f679d84d9cc28cd9a776e3f74d4b62df1625fcda"
type=PATH msg=audit(1768893702.153:73): item=0 name="/usr/bin/runc" inode=19738181 dev=00:18 mode=0100755 ouid=0 ogid=0 rdev=00:00 nametype=NORMAL cap_fp=0 cap_fi=0 cap_fe=0 cap_fver=0 cap_frootid=0
type=PATH msg=audit(1768893702.153:73): item=1 name="/lib/ld-linux-aarch64.so.1" inode=19723136 dev=00:18 mode=0100755 ouid=0 ogid=0 rdev=00:00 nametype=NORMAL cap_fp=0 cap_fi=0 cap_fe=0 cap_fver=0 cap_frootid=0
type=PROCTITLE msg=audit(1768893702.153:73): proctitle=72756E63002D2D726F6F74002F7661722F72756E2F646F636B65722F72756E74696D652D72756E632F6D6F6279002D2D6C6F67002F7661722F72756E2F6465736B746F702D636F6E7461696E6572642F6461656D6F6E2F696F2E636F6E7461696E6572642E72756E74696D652E76322E7461736B2F6D6F62792F323161653135
type=SYSCALL msg=audit(1768893702.157:74): arch=c00000b7 syscall=221 success=yes exit=0 a0=400012aab0 a1=4000481570 a2=400087e4c0 a3=0 items=1 ppid=261 pid=724 auid=4294967295 uid=0 gid=0 euid=0 suid=0 fsuid=0 egid=0 sgid=0 fsgid=0 tty=(none) ses=4294967295 comm="containerd-shim" exe="/usr/bin/containerd-shim-runc-v2" key="exec"
type=EXECVE msg=audit(1768893702.157:74): argc=12 a0="/usr/bin/containerd-shim-runc-v2" a1="-namespace" a2="moby" a3="-address" a4="/run/containerd/containerd.sock" a5="-publish-binary" a6="/usr/bin/containerd" a7="-id" a8="21ae15b998b84a521ca33541f679d84d9cc28cd9a776e3f74d4b62df1625fcda" a9="-bundle" a10="/var/run/desktop-containerd/daemon/io.containerd.runtime.v2.task/moby/21ae15b998b84a521ca33541f679d84d9cc28cd9a776e3f74d4b62df1625fcda" a11="delete"
type=CWD msg=audit(1768893702.157:74): cwd="/run/desktop-containerd/daemon/io.containerd.runtime.v2.task/moby/21ae15b998b84a521ca33541f679d84d9cc28cd9a776e3f74d4b62df1625fcda"
type=PATH msg=audit(1768893702.157:74): item=0 name="/usr/bin/containerd-shim-runc-v2" inode=19740145 dev=00:18 mode=0100755 ouid=0 ogid=0 rdev=00:00 nametype=NORMAL cap_fp=0 cap_fi=0 cap_fe=0 cap_fver=0 cap_frootid=0
type=PROCTITLE msg=audit(1768893702.157:74): proctitle=2F7573722F62696E2F636F6E7461696E6572642D7368696D2D72756E632D7632002D6E616D657370616365006D6F6279002D61646472657373002F72756E2F636F6E7461696E6572642F636F6E7461696E6572642E736F636B002D7075626C6973682D62696E617279002F7573722F62696E2F636F6E7461696E657264002D69
type=SYSCALL msg=audit(1768893702.160:75): arch=c00000b7 syscall=221 success=yes exit=0 a0=400017ee30 a1=40000812c0 a2=40000a1180 a3=0 items=2 ppid=724 pid=731 auid=4294967295 uid=0 gid=0 euid=0 suid=0 fsuid=0 egid=0 sgid=0 fsgid=0 tty=(none) ses=4294967295 comm="runc" exe="/usr/bin/runc" key="exec"
type=EXECVE msg=audit(1768893702.160:75): argc=10 a0="runc" a1="--root" a2="/var/run/docker/runtime-runc/moby" a3="--log" a4="/run/desktop-containerd/daemon/io.containerd.runtime.v2.task/moby/21ae15b998b84a521ca33541f679d84d9cc28cd9a776e3f74d4b62df1625fcda/log.json" a5="--log-format" a6="json" a7="delete" a8="--force" a9="21ae15b998b84a521ca33541f679d84d9cc28cd9a776e3f74d4b62df1625fcda"
type=CWD msg=audit(1768893702.160:75): cwd="/run/desktop-containerd/daemon/io.containerd.runtime.v2.task/moby/21ae15b998b84a521ca33541f679d84d9cc28cd9a776e3f74d4b62df1625fcda"
type=PATH msg=audit(1768893702.160:75): item=0 name="/usr/bin/runc" inode=19738181 dev=00:18 mode=0100755 ouid=0 ogid=0 rdev=00:00 nametype=NORMAL cap_fp=0 cap_fi=0 cap_fe=0 cap_fver=0 cap_frootid=0
type=PATH msg=audit(1768893702.160:75): item=1 name="/lib/ld-linux-aarch64.so.1" inode=19723136 dev=00:18 mode=0100755 ouid=0 ogid=0 rdev=00:00 nametype=NORMAL cap_fp=0 cap_fi=0 cap_fe=0 cap_fver=0 cap_frootid=0
type=PROCTITLE msg=audit(1768893702.160:75): proctitle=72756E63002D2D726F6F74002F7661722F72756E2F646F636B65722F72756E74696D652D72756E632F6D6F6279002D2D6C6F67002F72756E2F6465736B746F702D636F6E7461696E6572642F6461656D6F6E2F696F2E636F6E7461696E6572642E72756E74696D652E76322E7461736B2F6D6F62792F32316165313562393938
type=SYSCALL msg=audit(1768893702.192:76): arch=c00000b7 syscall=221 success=yes exit=0 a0=4000beb5f0 a1=4000963ea0 a2=4001411e00 a3=0 items=2 ppid=288 pid=737 auid=4294967295 uid=0 gid=0 euid=0 suid=0 fsuid=0 egid=0 sgid=0 fsgid=0 tty=(none) ses=4294967295 comm="iptables" exe="/usr/sbin/xtables-nft-multi" key="exec"
type=EXECVE msg=audit(1768893702.192:76): argc=13 a0="/usr/sbin/iptables" a1="--wait" a2="-t" a3="raw" a4="-C" a5="PREROUTING" a6="-d" a7="172.17.0.3" a8="!" a9="-i" a10="docker0" a11="-j" a12="DROP"
type=CWD msg=audit(1768893702.192:76): cwd="/"
type=PATH msg=audit(1768893702.192:76): item=0 name="/usr/sbin/iptables" inode=19815936 dev=00:18 mode=0100755 ouid=0 ogid=0 rdev=00:00 nametype=NORMAL cap_fp=0 cap_fi=0 cap_fe=0 cap_fver=0 cap_frootid=0
type=PATH msg=audit(1768893702.192:76): item=1 name="/lib/ld-linux-aarch64.so.1" inode=19723136 dev=00:18 mode=0100755 ouid=0 ogid=0 rdev=00:00 nametype=NORMAL cap_fp=0 cap_fi=0 cap_fe=0 cap_fver=0 cap_frootid=0
type=PROCTITLE msg=audit(1768893702.192:76): proctitle=2F7573722F7362696E2F69707461626C6573002D2D77616974002D7400726177002D4300505245524F5554494E47002D64003137322E31372E302E330021002D6900646F636B657230002D6A0044524F50
type=ANOM_PROMISCUOUS msg=audit(1768893702.193:77): dev=veth3836892 prom=0 old_prom=256 auid=4294967295 uid=0 gid=0 ses=4294967295
type=BPF msg=audit(1768893702.296:78): prog-id=30 op=UNLOAD
type=SYSCALL msg=audit(1768893702.317:79): arch=c00000b7 syscall=221 success=yes exit=0 a0=40005df200 a1=4001a14a80 a2=4000906700 a3=0 items=1 ppid=261 pid=738 auid=4294967295 uid=0 gid=0 euid=0 suid=0 fsuid=0 egid=0 sgid=0 fsgid=0 tty=(none) ses=4294967295 comm="containerd-shim" exe="/usr/bin/containerd-shim-runc-v2" key="exec"
type=EXECVE msg=audit(1768893702.317:79): argc=10 a0="/usr/bin/containerd-shim-runc-v2" a1="-namespace" a2="moby" a3="-address" a4="/run/containerd/containerd.sock" a5="-publish-binary" a6="/usr/bin/containerd" a7="-id" a8="8995f0ec2da9749be4688447dee8ca274af4dbdeaaf83236273f3f3d56119683" a9="start"
type=CWD msg=audit(1768893702.317:79): cwd="/run/desktop-containerd/daemon/io.containerd.runtime.v2.task/moby/8995f0ec2da9749be4688447dee8ca274af4dbdeaaf83236273f3f3d56119683"
type=PATH msg=audit(1768893702.317:79): item=0 name="/usr/bin/containerd-shim-runc-v2" inode=19740145 dev=00:18 mode=0100755 ouid=0 ogid=0 rdev=00:00 nametype=NORMAL cap_fp=0 cap_fi=0 cap_fe=0 cap_fver=0 cap_frootid=0
type=PROCTITLE msg=audit(1768893702.317:79): proctitle=2F7573722F62696E2F636F6E7461696E6572642D7368696D2D72756E632D7632002D6E616D657370616365006D6F6279002D61646472657373002F72756E2F636F6E7461696E6572642F636F6E7461696E6572642E736F636B002D7075626C6973682D62696E617279002F7573722F62696E2F636F6E7461696E657264002D69
type=SYSCALL msg=audit(1768893702.319:80): arch=c00000b7 syscall=221 success=yes exit=0 a0=40000242a0 a1=400007f180 a2=40000ae370 a3=0 items=1 ppid=738 pid=745 auid=4294967295 uid=0 gid=0 euid=0 suid=0 fsuid=0 egid=0 sgid=0 fsgid=0 tty=(none) ses=4294967295 comm="containerd-shim" exe="/usr/bin/containerd-shim-runc-v2" key="exec"
type=EXECVE msg=audit(1768893702.319:80): argc=7 a0="/usr/bin/containerd-shim-runc-v2" a1="-namespace" a2="moby" a3="-id" a4="8995f0ec2da9749be4688447dee8ca274af4dbdeaaf83236273f3f3d56119683" a5="-address" a6="/run/containerd/containerd.sock"
type=CWD msg=audit(1768893702.319:80): cwd="/run/desktop-containerd/daemon/io.containerd.runtime.v2.task/moby/8995f0ec2da9749be4688447dee8ca274af4dbdeaaf83236273f3f3d56119683"
type=PATH msg=audit(1768893702.319:80): item=0 name="/usr/bin/containerd-shim-runc-v2" inode=19740145 dev=00:18 mode=0100755 ouid=0 ogid=0 rdev=00:00 nametype=NORMAL cap_fp=0 cap_fi=0 cap_fe=0 cap_fver=0 cap_frootid=0
type=PROCTITLE msg=audit(1768893702.319:80): proctitle=2F7573722F62696E2F636F6E7461696E6572642D7368696D2D72756E632D7632002D6E616D657370616365006D6F6279002D69640038393935663065633264613937343962653436383834343764656538636132373461663464626465616166383332333632373366336633643536313139363833002D61646472657373002F
type=SYSCALL msg=audit(1768893702.323:81): arch=c00000b7 syscall=221 success=yes exit=0 a0=4000194c00 a1=40001c2230 a2=40000e84b0 a3=0 items=2 ppid=745 pid=756 auid=4294967295 uid=0 gid=0 euid=0 suid=0 fsuid=0 egid=0 sgid=0 fsgid=0 tty=(none) ses=4294967295 comm="runc" exe="/usr/bin/runc" key="exec"
type=EXECVE msg=audit(1768893702.323:81): argc=13 a0="runc" a1="--root" a2="/var/run/docker/runtime-runc/moby" a3="--log" a4="/var/run/desktop-containerd/daemon/io.containerd.runtime.v2.task/moby/8995f0ec2da9749be4688447dee8ca274af4dbdeaaf83236273f3f3d56119683/log.json" a5="--log-format" a6="json" a7="create" a8="--bundle" a9="/var/run/desktop-containerd/daemon/io.containerd.runtime.v2.task/moby/8995f0ec2da9749be4688447dee8ca274af4dbdeaaf83236273f3f3d56119683" a10="--pid-file" a11="/var/run/desktop-containerd/daemon/io.containerd.runtime.v2.task/moby/8995f0ec2da9749be4688447dee8ca274af4dbdeaaf83236273f3f3d56119683/init.pid" a12="8995f0ec2da9749be4688447dee8ca274af4dbdeaaf83236273f3f3d56119683"
type=CWD msg=audit(1768893702.323:81): cwd="/run/desktop-containerd/daemon/io.containerd.runtime.v2.task/moby/8995f0ec2da9749be4688447dee8ca274af4dbdeaaf83236273f3f3d56119683"
type=PATH msg=audit(1768893702.323:81): item=0 name="/usr/bin/runc" inode=19738181 dev=00:18 mode=0100755 ouid=0 ogid=0 rdev=00:00 nametype=NORMAL cap_fp=0 cap_fi=0 cap_fe=0 cap_fver=0 cap_frootid=0
type=PATH msg=audit(1768893702.323:81): item=1 name="/lib/ld-linux-aarch64.so.1" inode=19723136 dev=00:18 mode=0100755 ouid=0 ogid=0 rdev=00:00 nametype=NORMAL cap_fp=0 cap_fi=0 cap_fe=0 cap_fver=0 cap_frootid=0
type=PROCTITLE msg=audit(1768893702.323:81): proctitle=72756E63002D2D726F6F74002F7661722F72756E2F646F636B65722F72756E74696D652D72756E632F6D6F6279002D2D6C6F67002F7661722F72756E2F6465736B746F702D636F6E7461696E6572642F6461656D6F6E2F696F2E636F6E7461696E6572642E72756E74696D652E76322E7461736B2F6D6F62792F383939356630
type=SYSCALL msg=audit(1768893702.328:82): arch=c00000b7 syscall=221 success=yes exit=0 a0=40001b39c0 a1=400000f248 a2=40001c1c40 a3=0 items=2 ppid=756 pid=765 auid=4294967295 uid=0 gid=0 euid=0 suid=0 fsuid=0 egid=0 sgid=0 fsgid=0 tty=(none) ses=4294967295 comm="6" exe="/runc" key="exec"
type=EXECVE msg=audit(1768893702.328:82): argc=2 a0="runc" a1="init"
type=CWD msg=audit(1768893702.328:82): cwd="/var/lib/docker/rootfs/overlayfs/8995f0ec2da9749be4688447dee8ca274af4dbdeaaf83236273f3f3d56119683"
type=PATH msg=audit(1768893702.328:82): item=0 name="/proc/self/fd/6" inode=19738181 dev=00:43 mode=0100755 ouid=0 ogid=0 rdev=00:00 nametype=NORMAL cap_fp=0 cap_fi=0 cap_fe=0 cap_fver=0 cap_frootid=0
type=PATH msg=audit(1768893702.328:82): item=1 name="/lib/ld-linux-aarch64.so.1" inode=19723136 dev=00:18 mode=0100755 ouid=0 ogid=0 rdev=00:00 nametype=NORMAL cap_fp=0 cap_fi=0 cap_fe=0 cap_fver=0 cap_frootid=0
type=PROCTITLE msg=audit(1768893702.328:82): proctitle=72756E6300696E6974
type=BPF msg=audit(1768893702.346:83): prog-id=31 op=LOAD
type=SYSCALL msg=audit(1768893702.346:83): arch=c00000b7 syscall=280 success=yes exit=18 a0=5 a1=400019a208 a2=98 a3=0 items=0 ppid=745 pid=756 auid=4294967295 uid=0 gid=0 euid=0 suid=0 fsuid=0 egid=0 sgid=0 fsgid=0 tty=(none) ses=4294967295 comm="runc" exe="/usr/bin/runc" key=(null)
type=PROCTITLE msg=audit(1768893702.346:83): proctitle=72756E63002D2D726F6F74002F7661722F72756E2F646F636B65722F72756E74696D652D72756E632F6D6F6279002D2D6C6F67002F7661722F72756E2F6465736B746F702D636F6E7461696E6572642F6461656D6F6E2F696F2E636F6E7461696E6572642E72756E74696D652E76322E7461736B2F6D6F62792F383939356630
type=BPF msg=audit(1768893702.347:84): prog-id=32 op=LOAD
type=SYSCALL msg=audit(1768893702.347:84): arch=c00000b7 syscall=280 success=yes exit=21 a0=5 a1=4000199f88 a2=98 a3=0 items=0 ppid=745 pid=756 auid=4294967295 uid=0 gid=0 euid=0 suid=0 fsuid=0 egid=0 sgid=0 fsgid=0 tty=(none) ses=4294967295 comm="runc" exe="/usr/bin/runc" key=(null)
type=PROCTITLE msg=audit(1768893702.347:84): proctitle=72756E63002D2D726F6F74002F7661722F72756E2F646F636B65722F72756E74696D652D72756E632F6D6F6279002D2D6C6F67002F7661722F72756E2F6465736B746F702D636F6E7461696E6572642F6461656D6F6E2F696F2E636F6E7461696E6572642E72756E74696D652E76322E7461736B2F6D6F62792F383939356630
type=BPF msg=audit(1768893702.347:85): prog-id=32 op=UNLOAD
type=SYSCALL msg=audit(1768893702.347:85): arch=c00000b7 syscall=57 success=yes exit=0 a0=15 a1=0 a2=0 a3=0 items=0 ppid=745 pid=756 auid=4294967295 uid=0 gid=0 euid=0 suid=0 fsuid=0 egid=0 sgid=0 fsgid=0 tty=(none) ses=4294967295 comm="runc" exe="/usr/bin/runc" key=(null)
type=PROCTITLE msg=audit(1768893702.347:85): proctitle=72756E63002D2D726F6F74002F7661722F72756E2F646F636B65722F72756E74696D652D72756E632F6D6F6279002D2D6C6F67002F7661722F72756E2F6465736B746F702D636F6E7461696E6572642F6461656D6F6E2F696F2E636F6E7461696E6572642E72756E74696D652E76322E7461736B2F6D6F62792F383939356630
type=BPF msg=audit(1768893702.347:86): prog-id=31 op=UNLOAD
type=SYSCALL msg=audit(1768893702.347:86): arch=c00000b7 syscall=57 success=yes exit=0 a0=12 a1=0 a2=0 a3=0 items=0 ppid=745 pid=756 auid=4294967295 uid=0 gid=0 euid=0 suid=0 fsuid=0 egid=0 sgid=0 fsgid=0 tty=(none) ses=4294967295 comm="runc" exe="/usr/bin/runc" key=(null)
type=PROCTITLE msg=audit(1768893702.347:86): proctitle=72756E63002D2D726F6F74002F7661722F72756E2F646F636B65722F72756E74696D652D72756E632F6D6F6279002D2D6C6F67002F7661722F72756E2F6465736B746F702D636F6E7461696E6572642F6461656D6F6E2F696F2E636F6E7461696E6572642E72756E74696D652E76322E7461736B2F6D6F62792F383939356630
type=BPF msg=audit(1768893702.347:87): prog-id=33 op=LOAD
type=SYSCALL msg=audit(1768893702.347:87): arch=c00000b7 syscall=280 success=yes exit=18 a0=5 a1=400019a468 a2=98 a3=0 items=0 ppid=745 pid=756 auid=4294967295 uid=0 gid=0 euid=0 suid=0 fsuid=0 egid=0 sgid=0 fsgid=0 tty=(none) ses=4294967295 comm="runc" exe="/usr/bin/runc" key=(null)
type=PROCTITLE msg=audit(1768893702.347:87): proctitle=72756E63002D2D726F6F74002F7661722F72756E2F646F636B65722F72756E74696D652D72756E632F6D6F6279002D2D6C6F67002F7661722F72756E2F6465736B746F702D636F6E7461696E6572642F6461656D6F6E2F696F2E636F6E7461696E6572642E72756E74696D652E76322E7461736B2F6D6F62792F383939356630
type=ANOM_PROMISCUOUS msg=audit(1768893702.357:88): dev=vethc435adf prom=256 old_prom=0 auid=4294967295 uid=0 gid=0 ses=4294967295
type=SYSCALL msg=audit(1768893702.360:89): arch=c00000b7 syscall=221 success=yes exit=0 a0=4000beb260 a1=4000669b90 a2=40007d5e00 a3=0 items=2 ppid=288 pid=775 auid=4294967295 uid=0 gid=0 euid=0 suid=0 fsuid=0 egid=0 sgid=0 fsgid=0 tty=(none) ses=4294967295 comm="iptables" exe="/usr/sbin/xtables-nft-multi" key="exec"
type=EXECVE msg=audit(1768893702.360:89): argc=13 a0="/usr/sbin/iptables" a1="--wait" a2="-t" a3="raw" a4="-C" a5="PREROUTING" a6="-d" a7="172.17.0.3" a8="!" a9="-i" a10="docker0" a11="-j" a12="DROP"
type=CWD msg=audit(1768893702.360:89): cwd="/"
type=PATH msg=audit(1768893702.360:89): item=0 name="/usr/sbin/iptables" inode=19815936 dev=00:18 mode=0100755 ouid=0 ogid=0 rdev=00:00 nametype=NORMAL cap_fp=0 cap_fi=0 cap_fe=0 cap_fver=0 cap_frootid=0
type=PATH msg=audit(1768893702.360:89): item=1 name="/lib/ld-linux-aarch64.so.1" inode=19723136 dev=00:18 mode=0100755 ouid=0 ogid=0 rdev=00:00 nametype=NORMAL cap_fp=0 cap_fi=0 cap_fe=0 cap_fver=0 cap_frootid=0
type=PROCTITLE msg=audit(1768893702.360:89): proctitle=2F7573722F7362696E2F69707461626C6573002D2D77616974002D7400726177002D4300505245524F5554494E47002D64003137322E31372E302E330021002D6900646F636B657230002D6A0044524F50
type=SYSCALL msg=audit(1768893702.369:90): arch=c00000b7 syscall=221 success=yes exit=0 a0=400021c2c0 a1=40001705f0 a2=4000170640 a3=0 items=2 ppid=745 pid=776 auid=4294967295 uid=0 gid=0 euid=0 suid=0 fsuid=0 egid=0 sgid=0 fsgid=0 tty=(none) ses=4294967295 comm="runc" exe="/usr/bin/runc" key="exec"
type=EXECVE msg=audit(1768893702.369:90): argc=9 a0="runc" a1="--root" a2="/var/run/docker/runtime-runc/moby" a3="--log" a4="/var/run/desktop-containerd/daemon/io.containerd.runtime.v2.task/moby/8995f0ec2da9749be4688447dee8ca274af4dbdeaaf83236273f3f3d56119683/log.json" a5="--log-format" a6="json" a7="start" a8="8995f0ec2da9749be4688447dee8ca274af4dbdeaaf83236273f3f3d56119683"
type=CWD msg=audit(1768893702.369:90): cwd="/run/desktop-containerd/daemon/io.containerd.runtime.v2.task/moby/8995f0ec2da9749be4688447dee8ca274af4dbdeaaf83236273f3f3d56119683"
type=PATH msg=audit(1768893702.369:90): item=0 name="/usr/bin/runc" inode=19738181 dev=00:18 mode=0100755 ouid=0 ogid=0 rdev=00:00 nametype=NORMAL cap_fp=0 cap_fi=0 cap_fe=0 cap_fver=0 cap_frootid=0
type=PATH msg=audit(1768893702.369:90): item=1 name="/lib/ld-linux-aarch64.so.1" inode=19723136 dev=00:18 mode=0100755 ouid=0 ogid=0 rdev=00:00 nametype=NORMAL cap_fp=0 cap_fi=0 cap_fe=0 cap_fver=0 cap_frootid=0
type=PROCTITLE msg=audit(1768893702.369:90): proctitle=72756E63002D2D726F6F74002F7661722F72756E2F646F636B65722F72756E74696D652D72756E632F6D6F6279002D2D6C6F67002F7661722F72756E2F6465736B746F702D636F6E7461696E6572642F6461656D6F6E2F696F2E636F6E7461696E6572642E72756E74696D652E76322E7461736B2F6D6F62792F383939356630
type=SYSCALL msg=audit(1768893702.372:91): arch=c00000b7 syscall=221 success=yes exit=0 a0=40001eda40 a1=40000205e0 a2=40001d2300 a3=0 items=2 ppid=745 pid=769 auid=4294967295 uid=0 gid=0 euid=0 suid=0 fsuid=0 egid=0 sgid=0 fsgid=0 tty=(none) ses=4294967295 comm="sh" exe="/bin/busybox" key="exec"
type=BPRM_FCAPS msg=audit(1768893702.372:91): fver=0 fp=0 fi=0 fe=0 old_pp=00000000a80425fb old_pi=0 old_pe=00000000a80425fb old_pa=0 pp=00000000a80425fb pi=0 pe=00000000a80425fb pa=0 frootid=0
type=EXECVE msg=audit(1768893702.372:91): argc=3 a0="sh" a1="-c" a2=707974686F6E202D203C3C275059270A696D706F7274206F732C20736F636B65742C20746872656164696E672C2074696D650A70617468203D20272F746D702F6970632E736F636B270A7472793A0A202020206F732E756E6C696E6B2870617468290A6578636570742046696C654E6F74466F756E644572726F723A0A20202020706173730A0A736572766572203D20736F636B65742E736F636B657428736F636B65742E41465F554E49582C20736F636B65742E534F434B5F53545245414D290A7365727665722E62696E642870617468290A7365727665722E6C697374656E2831290A0A6465662061636365707428293A0A20202020636F6E6E2C205F203D207365727665722E61636365707428290A20202020636F6E6E2E636C6F736528290A202020207365727665722E636C6F736528290A0A74203D20746872656164696E672E546872656164287461726765743D6163636570742C206461656D6F6E3D54727565290A742E737461727428290A0A636C69656E74203D20736F636B65742E736F636B657428736F636B65742E41465F554E49582C20736F636B65742E534F434B5F53545245414D290A636C69656E742E636F6E6E6563742870617468290A636C69656E742E636C6F736528290A74696D652E736C65657028302E31290A5059
type=CWD msg=audit(1768893702.372:91): cwd="/"
type=PATH msg=audit(1768893702.372:91): item=0 name="/bin/sh" inode=5061 dev=00:40 mode=0100755 ouid=0 ogid=0 rdev=00:00 nametype=NORMAL cap_fp=0 cap_fi=0 cap_fe=0 cap_fver=0 cap_frootid=0
type=PATH msg=audit(1768893702.372:91): item=1 name="/lib/ld-musl-aarch64.so.1" inode=5228 dev=00:40 mode=0100755 ouid=0 ogid=0 rdev=00:00 nametype=NORMAL cap_fp=0 cap_fi=0 cap_fe=0 cap_fver=0 cap_frootid=0
type=PROCTITLE msg=audit(1768893702.372:91): proctitle=7368002D6300707974686F6E202D203C3C275059270A696D706F7274206F732C20736F636B65742C20746872656164696E672C2074696D650A70617468203D20272F746D702F6970632E736F636B270A7472793A0A202020206F732E756E6C696E6B2870617468290A6578636570742046696C654E6F74466F756E644572726F
type=SYSCALL msg=audit(1768893702.374:92): arch=c00000b7 syscall=221 success=yes exit=0 a0=ffff8b4e38b8 a1=ffff8b4e3860 a2=ffff8b4e3878 a3=6e6f68747970 items=2 ppid=769 pid=782 auid=4294967295 uid=0 gid=0 euid=0 suid=0 fsuid=0 egid=0 sgid=0 fsgid=0 tty=(none) ses=4294967295 comm="python" exe="/usr/local/bin/python3.14" key="exec"
type=BPRM_FCAPS msg=audit(1768893702.374:92): fver=0 fp=0 fi=0 fe=0 old_pp=00000000a80425fb old_pi=0 old_pe=00000000a80425fb old_pa=0 pp=00000000a80425fb pi=0 pe=00000000a80425fb pa=0 frootid=0
type=EXECVE msg=audit(1768893702.374:92): argc=2 a0="python" a1="-"
type=CWD msg=audit(1768893702.374:92): cwd="/"
type=PATH msg=audit(1768893702.374:92): item=0 name="/usr/local/bin/python" inode=118479 dev=00:40 mode=0100755 ouid=0 ogid=0 rdev=00:00 nametype=NORMAL cap_fp=0 cap_fi=0 cap_fe=0 cap_fver=0 cap_frootid=0
type=PATH msg=audit(1768893702.374:92): item=1 name="/lib/ld-musl-aarch64.so.1" inode=5228 dev=00:40 mode=0100755 ouid=0 ogid=0 rdev=00:00 nametype=NORMAL cap_fp=0 cap_fi=0 cap_fe=0 cap_fver=0 cap_frootid=0
type=PROCTITLE msg=audit(1768893702.374:92): proctitle=707974686F6E002D
type=SYSCALL msg=audit(1768893702.569:93): arch=c00000b7 syscall=221 success=yes exit=0 a0=4000194bb0 a1=40000e86e0 a2=40000e8730 a3=0 items=2 ppid=745 pid=785 auid=4294967295 uid=0 gid=0 euid=0 suid=0 fsuid=0 egid=0 sgid=0 fsgid=0 tty=(none) ses=4294967295 comm="runc" exe="/usr/bin/runc" key="exec"
type=EXECVE msg=audit(1768893702.569:93): argc=9 a0="runc" a1="--root" a2="/var/run/docker/runtime-runc/moby" a3="--log" a4="/var/run/desktop-containerd/daemon/io.containerd.runtime.v2.task/moby/8995f0ec2da9749be4688447dee8ca274af4dbdeaaf83236273f3f3d56119683/log.json" a5="--log-format" a6="json" a7="delete" a8="8995f0ec2da9749be4688447dee8ca274af4dbdeaaf83236273f3f3d56119683"
type=CWD msg=audit(1768893702.569:93): cwd="/run/desktop-containerd/daemon/io.containerd.runtime.v2.task/moby/8995f0ec2da9749be4688447dee8ca274af4dbdeaaf83236273f3f3d56119683"
type=PATH msg=audit(1768893702.569:93): item=0 name="/usr/bin/runc" inode=19738181 dev=00:18 mode=0100755 ouid=0 ogid=0 rdev=00:00 nametype=NORMAL cap_fp=0 cap_fi=0 cap_fe=0 cap_fver=0 cap_frootid=0
type=PATH msg=audit(1768893702.569:93): item=1 name="/lib/ld-linux-aarch64.so.1" inode=19723136 dev=00:18 mode=0100755 ouid=0 ogid=0 rdev=00:00 nametype=NORMAL cap_fp=0 cap_fi=0 cap_fe=0 cap_fver=0 cap_frootid=0
type=PROCTITLE msg=audit(1768893702.569:93): proctitle=72756E63002D2D726F6F74002F7661722F72756E2F646F636B65722F72756E74696D652D72756E632F6D6F6279002D2D6C6F67002F7661722F72756E2F6465736B746F702D636F6E7461696E6572642F6461656D6F6E2F696F2E636F6E7461696E6572642E72756E74696D652E76322E7461736B2F6D6F62792F383939356630
type=SYSCALL msg=audit(1768893702.574:94): arch=c00000b7 syscall=221 success=yes exit=0 a0=400013e480 a1=400035d260 a2=4000977d80 a3=0 items=1 ppid=261 pid=791 auid=4294967295 uid=0 gid=0 euid=0 suid=0 fsuid=0 egid=0 sgid=0 fsgid=0 tty=(none) ses=4294967295 comm="containerd-shim" exe="/usr/bin/containerd-shim-runc-v2" key="exec"
type=EXECVE msg=audit(1768893702.574:94): argc=12 a0="/usr/bin/containerd-shim-runc-v2" a1="-namespace" a2="moby" a3="-address" a4="/run/containerd/containerd.sock" a5="-publish-binary" a6="/usr/bin/containerd" a7="-id" a8="8995f0ec2da9749be4688447dee8ca274af4dbdeaaf83236273f3f3d56119683" a9="-bundle" a10="/var/run/desktop-containerd/daemon/io.containerd.runtime.v2.task/moby/8995f0ec2da9749be4688447dee8ca274af4dbdeaaf83236273f3f3d56119683" a11="delete"
type=CWD msg=audit(1768893702.574:94): cwd="/run/desktop-containerd/daemon/io.containerd.runtime.v2.task/moby/8995f0ec2da9749be4688447dee8ca274af4dbdeaaf83236273f3f3d56119683"
type=PATH msg=audit(1768893702.574:94): item=0 name="/usr/bin/containerd-shim-runc-v2" inode=19740145 dev=00:18 mode=0100755 ouid=0 ogid=0 rdev=00:00 nametype=NORMAL cap_fp=0 cap_fi=0 cap_fe=0 cap_fver=0 cap_frootid=0
type=PROCTITLE msg=audit(1768893702.574:94): proctitle=2F7573722F62696E2F636F6E7461696E6572642D7368696D2D72756E632D7632002D6E616D657370616365006D6F6279002D61646472657373002F72756E2F636F6E7461696E6572642F636F6E7461696E6572642E736F636B002D7075626C6973682D62696E617279002F7573722F62696E2F636F6E7461696E657264002D69
type=SYSCALL msg=audit(1768893702.577:95): arch=c00000b7 syscall=221 success=yes exit=0 a0=400017ee30 a1=40000a1260 a2=400009f180 a3=0 items=2 ppid=791 pid=798 auid=4294967295 uid=0 gid=0 euid=0 suid=0 fsuid=0 egid=0 sgid=0 fsgid=0 tty=(none) ses=4294967295 comm="runc" exe="/usr/bin/runc" key="exec"
type=EXECVE msg=audit(1768893702.577:95): argc=10 a0="runc" a1="--root" a2="/var/run/docker/runtime-runc/moby" a3="--log" a4="/run/desktop-containerd/daemon/io.containerd.runtime.v2.task/moby/8995f0ec2da9749be4688447dee8ca274af4dbdeaaf83236273f3f3d56119683/log.json" a5="--log-format" a6="json" a7="delete" a8="--force" a9="8995f0ec2da9749be4688447dee8ca274af4dbdeaaf83236273f3f3d56119683"
type=CWD msg=audit(1768893702.577:95): cwd="/run/desktop-containerd/daemon/io.containerd.runtime.v2.task/moby/8995f0ec2da9749be4688447dee8ca274af4dbdeaaf83236273f3f3d56119683"
type=PATH msg=audit(1768893702.577:95): item=0 name="/usr/bin/runc" inode=19738181 dev=00:18 mode=0100755 ouid=0 ogid=0 rdev=00:00 nametype=NORMAL cap_fp=0 cap_fi=0 cap_fe=0 cap_fver=0 cap_frootid=0
type=PATH msg=audit(1768893702.577:95): item=1 name="/lib/ld-linux-aarch64.so.1" inode=19723136 dev=00:18 mode=0100755 ouid=0 ogid=0 rdev=00:00 nametype=NORMAL cap_fp=0 cap_fi=0 cap_fe=0 cap_fver=0 cap_frootid=0
type=PROCTITLE msg=audit(1768893702.577:95): proctitle=72756E63002D2D726F6F74002F7661722F72756E2F646F636B65722F72756E74696D652D72756E632F6D6F6279002D2D6C6F67002F72756E2F6465736B746F702D636F6E7461696E6572642F6461656D6F6E2F696F2E636F6E7461696E6572642E72756E74696D652E76322E7461736B2F6D6F62792F38393935663065633264
type=SYSCALL msg=audit(1768893702.609:96): arch=c00000b7 syscall=221 success=yes exit=0 a0=40008a7c80 a1=4000963b90 a2=4000a51180 a3=0 items=2 ppid=288 pid=804 auid=4294967295 uid=0 gid=0 euid=0 suid=0 fsuid=0 egid=0 sgid=0 fsgid=0 tty=(none) ses=4294967295 comm="iptables" exe="/usr/sbin/xtables-nft-multi" key="exec"
type=EXECVE msg=audit(1768893702.609:96): argc=13 a0="/usr/sbin/iptables" a1="--wait" a2="-t" a3="raw" a4="-C" a5="PREROUTING" a6="-d" a7="172.17.0.3" a8="!" a9="-i" a10="docker0" a11="-j" a12="DROP"
type=CWD msg=audit(1768893702.609:96): cwd="/"
type=PATH msg=audit(1768893702.609:96): item=0 name="/usr/sbin/iptables" inode=19815936 dev=00:18 mode=0100755 ouid=0 ogid=0 rdev=00:00 nametype=NORMAL cap_fp=0 cap_fi=0 cap_fe=0 cap_fver=0 cap_frootid=0
type=PATH msg=audit(1768893702.609:96): item=1 name="/lib/ld-linux-aarch64.so.1" inode=19723136 dev=00:18 mode=0100755 ouid=0 ogid=0 rdev=00:00 nametype=NORMAL cap_fp=0 cap_fi=0 cap_fe=0 cap_fver=0 cap_frootid=0
type=PROCTITLE msg=audit(1768893702.609:96): proctitle=2F7573722F7362696E2F69707461626C6573002D2D77616974002D7400726177002D4300505245524F5554494E47002D64003137322E31372E302E330021002D6900646F636B657230002D6A0044524F50
type=ANOM_PROMISCUOUS msg=audit(1768893702.610:97): dev=vethc435adf prom=0 old_prom=256 auid=4294967295 uid=0 gid=0 ses=4294967295
type=SYSCALL msg=audit(1768893702.686:98): arch=c00000b7 syscall=221 success=yes exit=0 a0=40002bc0f0 a1=4000298480 a2=40000e85f0 a3=0 items=2 ppid=534 pid=805 auid=4294967295 uid=0 gid=0 euid=0 suid=0 fsuid=0 egid=0 sgid=0 fsgid=0 tty=(none) ses=4294967295 comm="runc" exe="/usr/bin/runc" key="exec"
type=EXECVE msg=audit(1768893702.686:98): argc=10 a0="runc" a1="--root" a2="/var/run/docker/runtime-runc/moby" a3="--log" a4="/var/run/desktop-containerd/daemon/io.containerd.runtime.v2.task/moby/6e0ef5405ac09befe9e2ba2cc336e67768f2ff846e11357f530b56caf332d601/log.json" a5="--log-format" a6="json" a7="kill" a8="6e0ef5405ac09befe9e2ba2cc336e67768f2ff846e11357f530b56caf332d601" a9="15"
type=CWD msg=audit(1768893702.686:98): cwd="/run/desktop-containerd/daemon/io.containerd.runtime.v2.task/moby/6e0ef5405ac09befe9e2ba2cc336e67768f2ff846e11357f530b56caf332d601"
type=PATH msg=audit(1768893702.686:98): item=0 name="/usr/bin/runc" inode=19738181 dev=00:18 mode=0100755 ouid=0 ogid=0 rdev=00:00 nametype=NORMAL cap_fp=0 cap_fi=0 cap_fe=0 cap_fver=0 cap_frootid=0
type=PATH msg=audit(1768893702.686:98): item=1 name="/lib/ld-linux-aarch64.so.1" inode=19723136 dev=00:18 mode=0100755 ouid=0 ogid=0 rdev=00:00 nametype=NORMAL cap_fp=0 cap_fi=0 cap_fe=0 cap_fver=0 cap_frootid=0
type=PROCTITLE msg=audit(1768893702.686:98): proctitle=72756E63002D2D726F6F74002F7661722F72756E2F646F636B65722F72756E74696D652D72756E632F6D6F6279002D2D6C6F67002F7661722F72756E2F6465736B746F702D636F6E7461696E6572642F6461656D6F6E2F696F2E636F6E7461696E6572642E72756E74696D652E76322E7461736B2F6D6F62792F366530656635
type=DAEMON_END msg=audit(1768893702.690:1540): op=terminate auid=0 pid=555 res=success
